Siparis.exe: 00003CDC: 00:22:26 []:>--------------------------------------------------------------<
Siparis.exe: 00003CDC: 00:22:26 [TUniServerModule]:Server First Init.
Siparis.exe: 00003CDC: 00:22:26 [TUniServerModule]:Debug Mode = ON
Siparis.exe: 00003CDC: 00:22:26 [TUniServerModule]:Global Cache Folder Erased. <33> Files deleted.
Siparis.exe: 00003CDC: 00:22:26 [TUniServerModule]:Starting HTTP Server on Port: 8077...
Siparis.exe: 00003CDC: 00:22:26 [TUniServerModule]:HTTP Server Started on Port: 8077
Siparis.exe: 00001C2C: 00:33:17 []:>--------------------------------------------------------------<
Siparis.exe: 00001C2C: 00:33:17 [TUniServerModule]:Server First Init.
Siparis.exe: 00001C2C: 00:33:17 [TUniServerModule]:Debug Mode = ON
Siparis.exe: 00001C2C: 00:33:17 [TUniServerModule]:Global Cache Folder Erased. <12> Files deleted.
Siparis.exe: 00001C2C: 00:33:17 [TUniServerModule]:Starting HTTP Server on Port: 8077...
Siparis.exe: 00001C2C: 00:33:17 [TUniServerModule]:HTTP Server Started on Port: 8077
Siparis.exe: 00001258: 00:33:26 [127.0.0.1]:EUniSessionException : Invalid session or session Timeout. (Session not found: YieL2ogk8410A4108D9 ) : Addr: $0078E97E
Siparis.exe: 00004B50: 00:36:46 []:>--------------------------------------------------------------<
Siparis.exe: 00004B50: 00:36:46 [TUniServerModule]:Server First Init.
Siparis.exe: 00004B50: 00:36:46 [TUniServerModule]:Debug Mode = ON
Siparis.exe: 00004B50: 00:36:46 [TUniServerModule]:Global Cache Folder Erased. <12> Files deleted.
Siparis.exe: 00004B50: 00:36:46 [TUniServerModule]:Starting HTTP Server on Port: 8077...
Siparis.exe: 00004B50: 00:36:46 [TUniServerModule]:HTTP Server Started on Port: 8077
Siparis.exe: 0000354C: 00:36:54 [127.0.0.1]:EUniSessionException : Invalid session or session Timeout. (Session not found: KB7FYgNYD710A410BCF ) : Addr: $0078E97E
Siparis.exe: 00000720: 00:37:57 []:>--------------------------------------------------------------<
Siparis.exe: 00000720: 00:37:57 [TUniServerModule]:Server First Init.
Siparis.exe: 00000720: 00:37:57 [TUniServerModule]:Debug Mode = ON
Siparis.exe: 00000720: 00:37:57 [TUniServerModule]:Global Cache Folder Erased. <11> Files deleted.
Siparis.exe: 00000720: 00:37:57 [TUniServerModule]:Starting HTTP Server on Port: 8077...
Siparis.exe: 00000720: 00:37:57 [TUniServerModule]:HTTP Server Started on Port: 8077
Siparis.exe: 00000E98: 00:38:05 [127.0.0.1]:EUniSessionException : Invalid session or session Timeout. (Session not found: 6sJR6fu4ur10A410CC0 ) : Addr: $0078E97E
Siparis.exe: 00003CA0: 00:39:07 []:>--------------------------------------------------------------<
Siparis.exe: 00003CA0: 00:39:07 [TUniServerModule]:Server First Init.
Siparis.exe: 00003CA0: 00:39:07 [TUniServerModule]:Debug Mode = ON
Siparis.exe: 00003CA0: 00:39:07 [TUniServerModule]:Global Cache Folder Erased. <11> Files deleted.
Siparis.exe: 00003CA0: 00:39:07 [TUniServerModule]:Starting HTTP Server on Port: 8077...
Siparis.exe: 00003CA0: 00:39:07 [TUniServerModule]:HTTP Server Started on Port: 8077
Siparis.exe: 00000664: 00:39:13 [127.0.0.1]:EUniSessionException : Invalid session or session Timeout. (Session not found: XVFw3Czzwl10A410D12 ) : Addr: $0078E97E
Siparis.exe: 00003194: 00:40:39 []:>--------------------------------------------------------------<
Siparis.exe: 00003194: 00:40:39 [TUniServerModule]:Server First Init.
Siparis.exe: 00003194: 00:40:39 [TUniServerModule]:Debug Mode = ON
Siparis.exe: 00003194: 00:40:39 [TUniServerModule]:Global Cache Folder Erased. <12> Files deleted.
Siparis.exe: 00003194: 00:40:39 [TUniServerModule]:Starting HTTP Server on Port: 8077...
Siparis.exe: 00003194: 00:40:39 [TUniServerModule]:HTTP Server Started on Port: 8077
Siparis.exe: 00004194: 00:40:45 [127.0.0.1]:EUniSessionException : Invalid session or session Timeout. (Session not found: Wr2CouQjLd10A410D61 ) : Addr: $0078E97E
Siparis.exe: 000021B0: 00:41:07 []:>--------------------------------------------------------------<
Siparis.exe: 000021B0: 00:41:07 [TUniServerModule]:Server First Init.
Siparis.exe: 000021B0: 00:41:07 [TUniServerModule]:Debug Mode = ON
Siparis.exe: 000021B0: 00:41:07 [TUniServerModule]:Global Cache Folder Erased. <11> Files deleted.
Siparis.exe: 000021B0: 00:41:07 [TUniServerModule]:Starting HTTP Server on Port: 8077...
Siparis.exe: 000021B0: 00:41:08 [TUniServerModule]:HTTP Server Started on Port: 8077
Siparis.exe: 000006C8: 00:41:13 [127.0.0.1]:EUniSessionException : Invalid session or session Timeout. (Session not found: VFY6i4KD7I10A410DCB ) : Addr: $0078E97E
Siparis.exe: 00004898: 00:47:48 []:>--------------------------------------------------------------<
Siparis.exe: 00004898: 00:47:48 [TUniServerModule]:Server First Init.
Siparis.exe: 00004898: 00:47:48 [TUniServerModule]:Debug Mode = ON
Siparis.exe: 00004898: 00:47:48 [TUniServerModule]:Global Cache Folder Erased. <13> Files deleted.
Siparis.exe: 00004898: 00:47:48 [TUniServerModule]:Starting HTTP Server on Port: 8077...
Siparis.exe: 00004898: 00:47:48 [TUniServerModule]:HTTP Server Started on Port: 8077
Siparis.exe: 000000F0: 00:47:52 [127.0.0.1]:EUniSessionException : Invalid session or session Timeout. (Session not found: 2hEBIAfGan10A410DEC ) : Addr: $0078E97E
Siparis.exe: 00000468: 00:50:51 []:>--------------------------------------------------------------<
Siparis.exe: 00000468: 00:50:51 [TUniServerModule]:Server First Init.
Siparis.exe: 00000468: 00:50:51 [TUniServerModule]:Debug Mode = ON
Siparis.exe: 00000468: 00:50:51 [TUniServerModule]:Global Cache Folder Erased. <13> Files deleted.
Siparis.exe: 00000468: 00:50:51 [TUniServerModule]:Starting HTTP Server on Port: 8077...
Siparis.exe: 00000468: 00:50:51 [TUniServerModule]:HTTP Server Started on Port: 8077
Siparis.exe: 00003954: 00:50:53 [127.0.0.1]:EUniSessionException : Invalid session or session Timeout. (Session not found: bxyMBB54xu10A410FC3 ) : Addr: $0078E97E
Siparis.exe: 00000F00: 00:50:54 [127.0.0.1]:EUniSessionException : Invalid session or session Timeout. (Session not found: bxyMBB54xu10A410FC3 ) : Addr: $0078E97E
Siparis.exe: 000033E4: 00:58:59 []:>--------------------------------------------------------------<
Siparis.exe: 000033E4: 00:58:59 [TUniServerModule]:Server First Init.
Siparis.exe: 000033E4: 00:58:59 [TUniServerModule]:Debug Mode = ON
Siparis.exe: 000033E4: 00:58:59 [TUniServerModule]:Global Cache Folder Erased. <23> Files deleted.
Siparis.exe: 000033E4: 00:59:00 [TUniServerModule]:Starting HTTP Server on Port: 8077...
Siparis.exe: 000033E4: 00:59:00 [TUniServerModule]:HTTP Server Started on Port: 8077
Siparis.exe: 00000FF0: 00:59:04 [127.0.0.1]:EUniSessionException : Invalid session or session Timeout. (Session not found: 7IxDY728Ym10A41108F ) : Addr: $0078E97E
Siparis.exe: 00000734: 01:09:33 []:>--------------------------------------------------------------<
Siparis.exe: 00000734: 01:09:33 [TUniServerModule]:Server First Init.
Siparis.exe: 00000734: 01:09:33 [TUniServerModule]:Debug Mode = ON
Siparis.exe: 00000734: 01:09:33 [TUniServerModule]:Global Cache Folder Erased. <12> Files deleted.
Siparis.exe: 00000734: 01:09:33 [TUniServerModule]:Starting HTTP Server on Port: 8077...
Siparis.exe: 00000734: 01:09:33 [TUniServerModule]:HTTP Server Started on Port: 8077
Siparis.exe: 00002184: 01:09:46 [127.0.0.1]:EUniSessionException : Invalid session or session Timeout. (Session not found: HA12Z5qQbX10A4112C3 ) : Addr: $0078E97E
Siparis.exe: 00002A60: 01:20:59 []:>--------------------------------------------------------------<
Siparis.exe: 00002A60: 01:20:59 [TUniServerModule]:Server First Init.
Siparis.exe: 00002A60: 01:20:59 [TUniServerModule]:Debug Mode = ON
Siparis.exe: 00002A60: 01:20:59 [TUniServerModule]:Global Cache Folder Erased. <13> Files deleted.
Siparis.exe: 00002A60: 01:20:59 [TUniServerModule]:Starting HTTP Server on Port: 8077...
Siparis.exe: 00002A60: 01:20:59 [TUniServerModule]:HTTP Server Started on Port: 8077
Siparis.exe: 00001334: 01:21:12 [127.0.0.1]:EUniSessionException : Invalid session or session Timeout. (Session not found: Eo8Pfm62IF10A4115AB ) : Addr: $0078E97E
Siparis.exe: 00000A74: 01:30:00 []:>--------------------------------------------------------------<
Siparis.exe: 00000A74: 01:30:00 [TUniServerModule]:Server First Init.
Siparis.exe: 00000A74: 01:30:00 [TUniServerModule]:Debug Mode = ON
Siparis.exe: 00000A74: 01:30:00 [TUniServerModule]:Global Cache Folder Erased. <18> Files deleted.
Siparis.exe: 00000A74: 01:30:00 [TUniServerModule]:Starting HTTP Server on Port: 8077...
Siparis.exe: 00000A74: 01:30:00 [TUniServerModule]:HTTP Server Started on Port: 8077
Siparis.exe: 00004128: 01:30:02 [127.0.0.1]:EUniSessionException : Invalid session or session Timeout. (Session not found: jqDT4GTlxE10A4118CF ) : Addr: $0078E97E
Siparis.exe: 00002E68: 01:30:03 [127.0.0.1]:EUniSessionException : Invalid session or session Timeout. (Session not found: jqDT4GTlxE10A4118CF ) : Addr: $0078E97E
Siparis.exe: 00002E68: 01:34:28 []:>--------------------------------------------------------------<
Siparis.exe: 00002E68: 01:34:28 [TUniServerModule]:Server First Init.
Siparis.exe: 00002E68: 01:34:28 [TUniServerModule]:Debug Mode = ON
Siparis.exe: 00002E68: 01:34:28 [TUniServerModule]:Global Cache Folder Erased. <19> Files deleted.
Siparis.exe: 00002E68: 01:34:28 [TUniServerModule]:Starting HTTP Server on Port: 8077...
Siparis.exe: 00002E68: 01:34:28 [TUniServerModule]:HTTP Server Started on Port: 8077
Siparis.exe: 0000463C: 01:34:40 [127.0.0.1]:EUniSessionException : Invalid session or session Timeout. (Session not found: D65cWNGovh10A411B35 ) : Addr: $0078E97E
Siparis.exe: 00000EE8: 01:35:36 []:>--------------------------------------------------------------<
Siparis.exe: 00000EE8: 01:35:36 [TUniServerModule]:Server First Init.
Siparis.exe: 00000EE8: 01:35:36 [TUniServerModule]:Debug Mode = ON
Siparis.exe: 00000EE8: 01:35:36 [TUniServerModule]:Global Cache Folder Erased. <12> Files deleted.
Siparis.exe: 00000EE8: 01:35:36 [TUniServerModule]:Starting HTTP Server on Port: 8077...
Siparis.exe: 00000EE8: 01:35:36 [TUniServerModule]:HTTP Server Started on Port: 8077
Siparis.exe: 00004D40: 01:35:42 [127.0.0.1]:EUniSessionException : Invalid session or session Timeout. (Session not found: hx2XyhxZL410A411C69 ) : Addr: $0078E97E
Siparis.exe: 00001474: 01:42:49 []:>--------------------------------------------------------------<
Siparis.exe: 00001474: 01:42:49 [TUniServerModule]:Server First Init.
Siparis.exe: 00001474: 01:42:49 [TUniServerModule]:Debug Mode = ON
Siparis.exe: 00001474: 01:42:50 [TUniServerModule]:Global Cache Folder Erased. <16> Files deleted.
Siparis.exe: 00001474: 01:42:50 [TUniServerModule]:Starting HTTP Server on Port: 8077...
Siparis.exe: 00001474: 01:42:50 [TUniServerModule]:HTTP Server Started on Port: 8077
Siparis.exe: 00002820: 01:42:57 [127.0.0.1]:EUniSessionException : Invalid session or session Timeout. (Session not found: GhnoknhE5D10A411CBC ) : Addr: $0078E97E
Siparis.exe: 0000128C: 01:45:52 []:>--------------------------------------------------------------<
Siparis.exe: 0000128C: 01:45:52 [TUniServerModule]:Server First Init.
Siparis.exe: 0000128C: 01:45:52 [TUniServerModule]:Debug Mode = ON
Siparis.exe: 0000128C: 01:45:53 [TUniServerModule]:Global Cache Folder Erased. <22> Files deleted.
Siparis.exe: 0000128C: 01:45:53 [TUniServerModule]:Starting HTTP Server on Port: 8077...
Siparis.exe: 0000128C: 01:45:53 [TUniServerModule]:HTTP Server Started on Port: 8077
Siparis.exe: 000035A4: 01:45:56 [127.0.0.1]:EUniSessionException : Invalid session or session Timeout. (Session not found: vc1fMNx1nJ10A411EAA ) : Addr: $0078E97E
Siparis.exe: 00001BA8: 01:47:32 []:>--------------------------------------------------------------<
Siparis.exe: 00001BA8: 01:47:32 [TUniServerModule]:Server First Init.
Siparis.exe: 00001BA8: 01:47:32 [TUniServerModule]:Debug Mode = ON
Siparis.exe: 00001BA8: 01:47:32 [TUniServerModule]:Global Cache Folder Erased. <16> Files deleted.
Siparis.exe: 00001BA8: 01:47:32 [TUniServerModule]:Starting HTTP Server on Port: 8077...
Siparis.exe: 00001BA8: 01:47:32 [TUniServerModule]:HTTP Server Started on Port: 8077
Siparis.exe: 00003FA0: 01:47:40 [127.0.0.1]:EUniSessionException : Invalid session or session Timeout. (Session not found: JBMY1mH7lU10A411F7E ) : Addr: $0078E97E
Siparis.exe: 00002480: 01:50:27 []:>--------------------------------------------------------------<
Siparis.exe: 00002480: 01:50:27 [TUniServerModule]:Server First Init.
Siparis.exe: 00002480: 01:50:27 [TUniServerModule]:Debug Mode = ON
Siparis.exe: 00002480: 01:50:27 [TUniServerModule]:Global Cache Folder Erased. <17> Files deleted.
Siparis.exe: 00002480: 01:50:27 [TUniServerModule]:Starting HTTP Server on Port: 8077...
Siparis.exe: 00002480: 01:50:27 [TUniServerModule]:HTTP Server Started on Port: 8077
Siparis.exe: 00003D1C: 01:50:40 [127.0.0.1]:EUniSessionException : Invalid session or session Timeout. (Session not found: 7hGCpKzvQQ10A411FF3 ) : Addr: $0078E97E
Siparis.exe: 00003E00: 01:57:40 []:>--------------------------------------------------------------<
Siparis.exe: 00003E00: 01:57:40 [TUniServerModule]:Server First Init.
Siparis.exe: 00003E00: 01:57:40 [TUniServerModule]:Debug Mode = ON
Siparis.exe: 00003E00: 01:57:40 [TUniServerModule]:Global Cache Folder Erased. <16> Files deleted.
Siparis.exe: 00003E00: 01:57:40 [TUniServerModule]:Starting HTTP Server on Port: 8077...
Siparis.exe: 00003E00: 01:57:40 [TUniServerModule]:HTTP Server Started on Port: 8077
Siparis.exe: 000039A0: 01:57:47 [127.0.0.1]:EUniSessionException : Invalid session or session Timeout. (Session not found: ccqBiVILzO10A4120C3 ) : Addr: $0078E97E
Siparis.exe: 00001E9C: 01:59:13 []:>--------------------------------------------------------------<
Siparis.exe: 00001E9C: 01:59:13 [TUniServerModule]:Server First Init.
Siparis.exe: 00001E9C: 01:59:13 [TUniServerModule]:Debug Mode = ON
Siparis.exe: 00001E9C: 01:59:13 [TUniServerModule]:Global Cache Folder Erased. <19> Files deleted.
Siparis.exe: 00001E9C: 01:59:13 [TUniServerModule]:Starting HTTP Server on Port: 8077...
Siparis.exe: 00001E9C: 01:59:13 [TUniServerModule]:HTTP Server Started on Port: 8077
Siparis.exe: 00003828: 01:59:15 [127.0.0.1]:EUniSessionException : Invalid session or session Timeout. (Session not found: zxVVMQdVuM10A4122B8 ) : Addr: $0078E97E
Siparis.exe: 00004E94: 01:59:16 [127.0.0.1]:EUniSessionException : Invalid session or session Timeout. (Session not found: zxVVMQdVuM10A4122B8 ) : Addr: $0078E97E
Siparis.exe: 00004038: 01:59:19 [127.0.0.1]:EUniSessionException : Invalid session or session Timeout. (Session not found: zxVVMQdVuM10A4122B8 ) : Addr: $0078E97E
Siparis.exe: 0000265C: 01:59:20 [127.0.0.1]:EUniSessionException : Invalid session or session Timeout. (Session not found: zxVVMQdVuM10A4122B8 ) : Addr: $0078E97E
Siparis.exe: 00004D10: 01:59:22 [127.0.0.1]:EUniSessionException : Invalid session or session Timeout. (Session not found: zxVVMQdVuM10A4122B8 ) : Addr: $0078E97E
Siparis.exe: 00003A8C: 02:01:19 []:>--------------------------------------------------------------<
Siparis.exe: 00003A8C: 02:01:19 [TUniServerModule]:Server First Init.
Siparis.exe: 00003A8C: 02:01:19 [TUniServerModule]:Debug Mode = ON
Siparis.exe: 00003A8C: 02:01:19 [TUniServerModule]:Global Cache Folder Erased. <18> Files deleted.
Siparis.exe: 00003A8C: 02:01:19 [TUniServerModule]:Starting HTTP Server on Port: 8077...
Siparis.exe: 00003A8C: 02:01:19 [TUniServerModule]:HTTP Server Started on Port: 8077
Siparis.exe: 00000374: 02:01:24 [127.0.0.1]:EUniSessionException : Invalid session or session Timeout. (Session not found: SK8qAdzSFO10A412322 ) : Addr: $0078E97E
Siparis.exe: 00003720: 02:01:25 [127.0.0.1]:EUniSessionException : Invalid session or session Timeout. (Session not found: SK8qAdzSFO10A412322 ) : Addr: $0078E97E
Siparis.exe: 00003D34: 02:03:50 []:>--------------------------------------------------------------<
Siparis.exe: 00003D34: 02:03:50 [TUniServerModule]:Server First Init.
Siparis.exe: 00003D34: 02:03:50 [TUniServerModule]:Debug Mode = ON
Siparis.exe: 00003D34: 02:03:50 [TUniServerModule]:Global Cache Folder Erased. <23> Files deleted.
Siparis.exe: 00003D34: 02:03:50 [TUniServerModule]:Starting HTTP Server on Port: 8077...
Siparis.exe: 00003D34: 02:03:50 [TUniServerModule]:HTTP Server Started on Port: 8077
Siparis.exe: 00003FA4: 02:04:02 [127.0.0.1]:EUniSessionException : Invalid session or session Timeout. (Session not found: QCyzRK3N4110A4123B0 ) : Addr: $0078E97E
Siparis.exe: 000013A8: 02:04:30 [127.0.0.1]:EDatabaseError : Dataset not in edit or insert mode : Addr: $00659883
Siparis.exe: 0000441C: 02:04:33 [127.0.0.1]:EDatabaseError : Dataset not in edit or insert mode : Addr: $00659883
Siparis.exe: 00004E10: 02:11:01 []:>--------------------------------------------------------------<
Siparis.exe: 00004E10: 02:11:01 [TUniServerModule]:Server First Init.
Siparis.exe: 00004E10: 02:11:01 [TUniServerModule]:Debug Mode = ON
Siparis.exe: 00004E10: 02:11:01 [TUniServerModule]:Global Cache Folder Erased. <21> Files deleted.
Siparis.exe: 00004E10: 02:11:02 [TUniServerModule]:Starting HTTP Server on Port: 8077...
Siparis.exe: 00004E10: 02:11:02 [TUniServerModule]:HTTP Server Started on Port: 8077
Siparis.exe: 00004AAC: 02:12:36 []:>--------------------------------------------------------------<
Siparis.exe: 00004AAC: 02:12:36 [TUniServerModule]:Server First Init.
Siparis.exe: 00004AAC: 02:12:36 [TUniServerModule]:Debug Mode = ON
Siparis.exe: 00004AAC: 02:12:36 [TUniServerModule]:Global Cache Folder Erased. <1> Files deleted.
Siparis.exe: 00004AAC: 02:12:36 [TUniServerModule]:Starting HTTP Server on Port: 8077...
Siparis.exe: 00004AAC: 02:12:36 [TUniServerModule]:HTTP Server Started on Port: 8077
Siparis.exe: 00004228: 02:12:40 [127.0.0.1]:EUniSessionException : Invalid session or session Timeout. (Session not found: q3FZwabLWp10A412471 ) : Addr: $0078E97E
Siparis.exe: 00004210: 02:13:06 [127.0.0.1]:EDatabaseError : Dataset not in edit or insert mode : Addr: $00659883
Siparis.exe: 000019E4: 02:13:08 [127.0.0.1]:EDatabaseError : Dataset not in edit or insert mode : Addr: $00659883
Siparis.exe: 000005E8: 02:15:38 []:>--------------------------------------------------------------<
Siparis.exe: 000005E8: 02:15:38 [TUniServerModule]:Server First Init.
Siparis.exe: 000005E8: 02:15:38 [TUniServerModule]:Debug Mode = ON
Siparis.exe: 000005E8: 02:15:38 [TUniServerModule]:Global Cache Folder Erased. <21> Files deleted.
Siparis.exe: 000005E8: 02:15:38 [TUniServerModule]:Starting HTTP Server on Port: 8077...
Siparis.exe: 000005E8: 02:15:38 [TUniServerModule]:HTTP Server Started on Port: 8077
Siparis.exe: 000011BC: 02:15:45 [127.0.0.1]:EUniSessionException : Invalid session or session Timeout. (Session not found: MdcP2exp3V10A4126C4 ) : Addr: $0078E97E
Siparis.exe: 000048D8: 02:16:02 [127.0.0.1]:EDatabaseError : Dataset not in edit or insert mode : Addr: $00659883
Siparis.exe: 00004E24: 02:16:04 [127.0.0.1]:EDatabaseError : Dataset not in edit or insert mode : Addr: $00659883
Siparis.exe: 00003EEC: 02:21:57 []:>--------------------------------------------------------------<
Siparis.exe: 00003EEC: 02:21:57 [TUniServerModule]:Server First Init.
Siparis.exe: 00003EEC: 02:21:57 [TUniServerModule]:Debug Mode = ON
Siparis.exe: 00003EEC: 02:21:57 [TUniServerModule]:Global Cache Folder Erased. <22> Files deleted.
Siparis.exe: 00003EEC: 02:21:57 [TUniServerModule]:Starting HTTP Server on Port: 8077...
Siparis.exe: 00003EEC: 02:21:57 [TUniServerModule]:HTTP Server Started on Port: 8077
Siparis.exe: 00003A90: 02:22:06 [127.0.0.1]:EUniSessionException : Invalid session or session Timeout. (Session not found: oGplC5jPjE10A412791 ) : Addr: $0078E97E
Siparis.exe: 00003EEC: 13:16:15 [TUniServerModule]:Shutting Down Server.
Siparis.exe: 00003EEC: 13:16:15 [TUniServerModule]:Stopping HTTP Server.
Siparis.exe: 00003EEC: 13:16:15 [TUniServerModule]:HTTP Server Stopped.
Siparis.exe: 00003EEC: 13:16:15 [TUniGUISessionManager]:Terminating Session manager.
Siparis.exe: 00003EEC: 13:16:15 [TUniGUISessionManager]:Stopping Cache Eraser...
Siparis.exe: 00003EEC: 13:16:15 [TUniGUISessionManager]:Cache Eraser Stopped.
Siparis.exe: 00003EEC: 13:16:15 [TUniGUISessionManager]:Waiting for session manager thread...
Siparis.exe: 00003EEC: 13:16:15 [TUniGUISessionManager]:Session manager thread terminated.
Siparis.exe: 00003EEC: 13:16:15 [TUniGUISessionManager]:Destroying Worker Threads.
Siparis.exe: 00003EEC: 13:16:15 [TUniGUISessionManager]:Session manager terminated.
Siparis.exe: 00003EEC: 13:16:15 [TUniServerModule]:Server Shutdown Completed.
Siparis.exe: 00003EEC: 13:16:15 []:<-------------------------------------------------------------->
Siparis.exe: 00003EEC: 13:16:15 [Terminated]:Exit Code: 0
