Siparis.exe: 00000754: 01:23:09 []:>--------------------------------------------------------------<
Siparis.exe: 00000754: 01:23:09 [TUniServerModule]:Server First Init.
Siparis.exe: 00000754: 01:23:09 [TUniServerModule]:Debug Mode = ON
Siparis.exe: 00000754: 01:23:09 [TUniServerModule]:Global Cache Folder Erased. <6> Files deleted.
Siparis.exe: 00000754: 01:23:09 [TUniServerModule]:Starting HTTP Server on Port: 8077...
Siparis.exe: 00000754: 01:23:09 [TUniServerModule]:HTTP Server Started on Port: 8077
Siparis.exe: 00001688: 01:35:24 []:>--------------------------------------------------------------<
Siparis.exe: 00001688: 01:35:24 [TUniServerModule]:Server First Init.
Siparis.exe: 00001688: 01:35:24 [TUniServerModule]:Debug Mode = ON
Siparis.exe: 00001688: 01:35:24 [TUniServerModule]:Global Cache Folder Erased. <1> Files deleted.
Siparis.exe: 00001688: 01:35:24 [TUniServerModule]:Starting HTTP Server on Port: 8077...
Siparis.exe: 00001688: 01:35:24 [TUniServerModule]:HTTP Server Started on Port: 8077
Siparis.exe: 00002E68: 01:37:50 []:>--------------------------------------------------------------<
Siparis.exe: 00002E68: 01:37:50 [TUniServerModule]:Server First Init.
Siparis.exe: 00002E68: 01:37:50 [TUniServerModule]:Debug Mode = ON
Siparis.exe: 00002E68: 01:37:50 [TUniServerModule]:Global Cache Folder Erased. <23> Files deleted.
Siparis.exe: 00002E68: 01:37:50 [TUniServerModule]:Starting HTTP Server on Port: 8077...
Siparis.exe: 00002E68: 01:37:50 [TUniServerModule]:HTTP Server Started on Port: 8077
Siparis.exe: 00002538: 01:37:58 [127.0.0.1]:EUniSessionException : Invalid session or session Timeout. (Session not found: vvTIb9tnLn10A47372A ) : Addr: $0078E97E
Siparis.exe: 00001448: 01:41:40 []:>--------------------------------------------------------------<
Siparis.exe: 00001448: 01:41:40 [TUniServerModule]:Server First Init.
Siparis.exe: 00001448: 01:41:40 [TUniServerModule]:Debug Mode = ON
Siparis.exe: 00001448: 01:41:40 [TUniServerModule]:Global Cache Folder Erased. <20> Files deleted.
Siparis.exe: 00001448: 01:41:40 [TUniServerModule]:Starting HTTP Server on Port: 8077...
Siparis.exe: 00001448: 01:41:40 [TUniServerModule]:HTTP Server Started on Port: 8077
Siparis.exe: 00003568: 01:43:20 []:>--------------------------------------------------------------<
Siparis.exe: 00003568: 01:43:20 [TUniServerModule]:Server First Init.
Siparis.exe: 00003568: 01:43:20 [TUniServerModule]:Debug Mode = ON
Siparis.exe: 00003568: 01:43:20 [TUniServerModule]:Global Cache Folder Erased. <1> Files deleted.
Siparis.exe: 00003568: 01:43:20 [TUniServerModule]:Starting HTTP Server on Port: 8077...
Siparis.exe: 00003568: 01:43:20 [TUniServerModule]:HTTP Server Started on Port: 8077
Siparis.exe: 00000644: 01:43:26 [127.0.0.1]:EUniSessionException : Invalid session or session Timeout. (Session not found: pLUAZcVfca10A4737D1 ) : Addr: $0078E97E
Siparis.exe: 0000236C: 01:49:59 []:>--------------------------------------------------------------<
Siparis.exe: 0000236C: 01:49:59 [TUniServerModule]:Server First Init.
Siparis.exe: 0000236C: 01:49:59 [TUniServerModule]:Debug Mode = ON
Siparis.exe: 0000236C: 01:49:59 [TUniServerModule]:Global Cache Folder Erased. <21> Files deleted.
Siparis.exe: 0000236C: 01:49:59 [TUniServerModule]:Starting HTTP Server on Port: 8077...
Siparis.exe: 0000236C: 01:49:59 [TUniServerModule]:HTTP Server Started on Port: 8077
Siparis.exe: 00001C34: 01:50:11 [127.0.0.1]:EUniSessionException : Invalid session or session Timeout. (Session not found: GRXjEtCUvC10A47394D ) : Addr: $0078E97E
Siparis.exe: 00003470: 01:53:49 []:>--------------------------------------------------------------<
Siparis.exe: 00003470: 01:53:49 [TUniServerModule]:Server First Init.
Siparis.exe: 00003470: 01:53:49 [TUniServerModule]:Debug Mode = ON
Siparis.exe: 00003470: 01:53:49 [TUniServerModule]:Global Cache Folder Erased. <19> Files deleted.
Siparis.exe: 00003470: 01:53:50 [TUniServerModule]:Starting HTTP Server on Port: 8077...
Siparis.exe: 00003470: 01:53:50 [TUniServerModule]:HTTP Server Started on Port: 8077
Siparis.exe: 0000237C: 01:54:09 []:>--------------------------------------------------------------<
Siparis.exe: 0000237C: 01:54:09 [TUniServerModule]:Server First Init.
Siparis.exe: 0000237C: 01:54:09 [TUniServerModule]:Debug Mode = ON
Siparis.exe: 0000237C: 01:54:09 [TUniServerModule]:Global Cache Folder Erased. <1> Files deleted.
Siparis.exe: 0000237C: 01:54:09 [TUniServerModule]:Starting HTTP Server on Port: 8077...
Siparis.exe: 0000237C: 01:54:09 [TUniServerModule]:HTTP Server Started on Port: 8077
Siparis.exe: 000011B0: 01:54:16 [127.0.0.1]:EUniSessionException : Invalid session or session Timeout. (Session not found: hpF4nsbaur10A473B20 ) : Addr: $0078E97E
Siparis.exe: 00002BF0: 02:42:57 []:>--------------------------------------------------------------<
Siparis.exe: 00002BF0: 02:42:57 [TUniServerModule]:Server First Init.
Siparis.exe: 00002BF0: 02:42:57 [TUniServerModule]:Debug Mode = ON
Siparis.exe: 00002BF0: 02:42:57 [TUniServerModule]:Global Cache Folder Erased. <20> Files deleted.
Siparis.exe: 00002BF0: 02:42:57 [TUniServerModule]:Starting HTTP Server on Port: 8077...
Siparis.exe: 00002BF0: 02:42:57 [TUniServerModule]:HTTP Server Started on Port: 8077
Siparis.exe: 00002D3C: 02:43:04 [127.0.0.1]:EUniSessionException : Invalid session or session Timeout. (Session not found: ux4GlIYqsx10A473C40 ) : Addr: $0078E97E
Siparis.exe: 000033A4: 02:48:10 []:>--------------------------------------------------------------<
Siparis.exe: 000033A4: 02:48:10 [TUniServerModule]:Server First Init.
Siparis.exe: 000033A4: 02:48:10 [TUniServerModule]:Debug Mode = ON
Siparis.exe: 000033A4: 02:48:10 [TUniServerModule]:Global Cache Folder Erased. <29> Files deleted.
Siparis.exe: 000033A4: 02:48:10 [TUniServerModule]:Starting HTTP Server on Port: 8077...
Siparis.exe: 000033A4: 02:48:10 [TUniServerModule]:HTTP Server Started on Port: 8077
Siparis.exe: 00001A1C: 02:48:21 [127.0.0.1]:EUniSessionException : Invalid session or session Timeout. (Session not found: FESgqiTeak10A47497A ) : Addr: $0078E97E
