Siparis.exe: 00001764: 00:29:49 []:>--------------------------------------------------------------<
Siparis.exe: 00001764: 00:29:49 [TUniServerModule]:Server First Init.
Siparis.exe: 00001764: 00:29:49 [TUniServerModule]:Debug Mode = ON
Siparis.exe: 00001764: 00:29:49 [TUniServerModule]:Global Cache Folder Erased. <20> Files deleted.
Siparis.exe: 00001764: 00:29:49 [TUniServerModule]:Starting HTTP Server on Port: 8077...
Siparis.exe: 00001764: 00:29:49 [TUniServerModule]:HTTP Server Started on Port: 8077
Siparis.exe: 00000C4C: 00:40:01 []:>--------------------------------------------------------------<
Siparis.exe: 00000C4C: 00:40:01 [TUniServerModule]:Server First Init.
Siparis.exe: 00000C4C: 00:40:01 [TUniServerModule]:Debug Mode = ON
Siparis.exe: 00000C4C: 00:40:01 [TUniServerModule]:Global Cache Folder Erased. <21> Files deleted.
Siparis.exe: 00000C4C: 00:40:01 [TUniServerModule]:Starting HTTP Server on Port: 8077...
Siparis.exe: 00000C4C: 00:40:01 [TUniServerModule]:HTTP Server Started on Port: 8077
Siparis.exe: 0000181C: 00:43:00 []:>--------------------------------------------------------------<
Siparis.exe: 0000181C: 00:43:00 [TUniServerModule]:Server First Init.
Siparis.exe: 0000181C: 00:43:00 [TUniServerModule]:Debug Mode = ON
Siparis.exe: 0000181C: 00:43:00 [TUniServerModule]:Global Cache Folder Erased. <18> Files deleted.
Siparis.exe: 0000181C: 00:43:00 [TUniServerModule]:Starting HTTP Server on Port: 8077...
Siparis.exe: 0000181C: 00:43:00 [TUniServerModule]:HTTP Server Started on Port: 8077
Siparis.exe: 000032D8: 00:43:12 [127.0.0.1]:EUniSessionException : Invalid session or session Timeout. (Session not found: pEouo3HOja10A4A355F ) : Addr: $0078E97E
Siparis.exe: 00003CAC: 00:45:21 []:>--------------------------------------------------------------<
Siparis.exe: 00003CAC: 00:45:21 [TUniServerModule]:Server First Init.
Siparis.exe: 00003CAC: 00:45:21 [TUniServerModule]:Debug Mode = ON
Siparis.exe: 00003CAC: 00:45:21 [TUniServerModule]:Global Cache Folder Erased. <19> Files deleted.
Siparis.exe: 00003CAC: 00:45:21 [TUniServerModule]:Starting HTTP Server on Port: 8077...
Siparis.exe: 00003CAC: 00:45:21 [TUniServerModule]:HTTP Server Started on Port: 8077
Siparis.exe: 000005C8: 00:45:28 [127.0.0.1]:EUniSessionException : Invalid session or session Timeout. (Session not found: oALWnvV29Q10A4A3635 ) : Addr: $0078E97E
Siparis.exe: 00002A40: 00:47:56 []:>--------------------------------------------------------------<
Siparis.exe: 00002A40: 00:47:56 [TUniServerModule]:Server First Init.
Siparis.exe: 00002A40: 00:47:56 [TUniServerModule]:Debug Mode = ON
Siparis.exe: 00002A40: 00:47:56 [TUniServerModule]:Global Cache Folder Erased. <17> Files deleted.
Siparis.exe: 00002A40: 00:47:56 [TUniServerModule]:Starting HTTP Server on Port: 8077...
Siparis.exe: 00002A40: 00:47:56 [TUniServerModule]:HTTP Server Started on Port: 8077
Siparis.exe: 000004E4: 00:48:06 [127.0.0.1]:EUniSessionException : Invalid session or session Timeout. (Session not found: 2IhB3ONef110A4A36DD ) : Addr: $0078E97E
Siparis.exe: 000005B8: 00:50:56 []:>--------------------------------------------------------------<
Siparis.exe: 000005B8: 00:50:56 [TUniServerModule]:Server First Init.
Siparis.exe: 000005B8: 00:50:56 [TUniServerModule]:Debug Mode = ON
Siparis.exe: 000005B8: 00:50:56 [TUniServerModule]:Global Cache Folder Erased. <19> Files deleted.
Siparis.exe: 000005B8: 00:50:56 [TUniServerModule]:Starting HTTP Server on Port: 8077...
Siparis.exe: 000005B8: 00:50:56 [TUniServerModule]:HTTP Server Started on Port: 8077
Siparis.exe: 000029CC: 00:51:05 [127.0.0.1]:EUniSessionException : Invalid session or session Timeout. (Session not found: IrUYiHykm610A4A3793 ) : Addr: $0078E97E
Siparis.exe: 00001FDC: 00:52:10 []:>--------------------------------------------------------------<
Siparis.exe: 00001FDC: 00:52:10 [TUniServerModule]:Server First Init.
Siparis.exe: 00001FDC: 00:52:10 [TUniServerModule]:Debug Mode = ON
Siparis.exe: 00001FDC: 00:52:10 [TUniServerModule]:Global Cache Folder Erased. <16> Files deleted.
Siparis.exe: 00001FDC: 00:52:10 [TUniServerModule]:Starting HTTP Server on Port: 8077...
Siparis.exe: 00001FDC: 00:52:10 [TUniServerModule]:HTTP Server Started on Port: 8077
Siparis.exe: 00003DB0: 00:52:17 [127.0.0.1]:EUniSessionException : Invalid session or session Timeout. (Session not found: HEkvddlUdE10A4A3858 ) : Addr: $0078E97E
Siparis.exe: 00001A38: 00:55:22 []:>--------------------------------------------------------------<
Siparis.exe: 00001A38: 00:55:22 [TUniServerModule]:Server First Init.
Siparis.exe: 00001A38: 00:55:22 [TUniServerModule]:Debug Mode = ON
Siparis.exe: 00001A38: 00:55:22 [TUniServerModule]:Global Cache Folder Erased. <17> Files deleted.
Siparis.exe: 00001A38: 00:55:22 [TUniServerModule]:Starting HTTP Server on Port: 8077...
Siparis.exe: 00001A38: 00:55:22 [TUniServerModule]:HTTP Server Started on Port: 8077
Siparis.exe: 00001304: 00:55:32 [127.0.0.1]:EUniSessionException : Invalid session or session Timeout. (Session not found: G6AFzGQ2hE10A4A38AC ) : Addr: $0078E97E
Siparis.exe: 000042A4: 00:56:23 []:>--------------------------------------------------------------<
Siparis.exe: 000042A4: 00:56:23 [TUniServerModule]:Server First Init.
Siparis.exe: 000042A4: 00:56:23 [TUniServerModule]:Debug Mode = ON
Siparis.exe: 000042A4: 00:56:23 [TUniServerModule]:Global Cache Folder Erased. <12> Files deleted.
Siparis.exe: 000042A4: 00:56:23 [TUniServerModule]:Starting HTTP Server on Port: 8077...
Siparis.exe: 000042A4: 00:56:24 [TUniServerModule]:HTTP Server Started on Port: 8077
Siparis.exe: 00003E8C: 00:56:32 [127.0.0.1]:EUniSessionException : Invalid session or session Timeout. (Session not found: xmw9BzvIbJ10A4A398D ) : Addr: $0078E97E
Siparis.exe: 00000274: 00:57:07 []:>--------------------------------------------------------------<
Siparis.exe: 00000274: 00:57:07 [TUniServerModule]:Server First Init.
Siparis.exe: 00000274: 00:57:07 [TUniServerModule]:Debug Mode = ON
Siparis.exe: 00000274: 00:57:07 [TUniServerModule]:Global Cache Folder Erased. <8> Files deleted.
Siparis.exe: 00000274: 00:57:07 [TUniServerModule]:Starting HTTP Server on Port: 8077...
Siparis.exe: 00000274: 00:57:07 [TUniServerModule]:HTTP Server Started on Port: 8077
Siparis.exe: 00001464: 00:57:11 [127.0.0.1]:EUniSessionException : Invalid session or session Timeout. (Session not found: Gp1jC2HPqp10A4A39D1 ) : Addr: $0078E97E
Siparis.exe: 000006FC: 00:57:12 [127.0.0.1]:EUniSessionException : Invalid session or session Timeout. (Session not found: Gp1jC2HPqp10A4A39D1 ) : Addr: $0078E97E
Siparis.exe: 00003744: 00:57:21 [127.0.0.1]:EUniSessionException : Invalid session or session Timeout. (Session not found: Gp1jC2HPqp10A4A39D1 ) : Addr: $0078E97E
Siparis.exe: 00004388: 01:09:15 []:>--------------------------------------------------------------<
Siparis.exe: 00004388: 01:09:15 [TUniServerModule]:Server First Init.
Siparis.exe: 00004388: 01:09:15 [TUniServerModule]:Debug Mode = ON
Siparis.exe: 00004388: 01:09:15 [TUniServerModule]:Global Cache Folder Erased. <18> Files deleted.
Siparis.exe: 00004388: 01:09:15 [TUniServerModule]:Starting HTTP Server on Port: 8077...
Siparis.exe: 00004388: 01:09:15 [TUniServerModule]:HTTP Server Started on Port: 8077
Siparis.exe: 00004088: 01:09:23 [127.0.0.1]:EUniSessionException : Invalid session or session Timeout. (Session not found: pcVe125jsX10A4A3A0F ) : Addr: $0078E97E
Siparis.exe: 00000E2C: 01:12:20 []:>--------------------------------------------------------------<
Siparis.exe: 00000E2C: 01:12:20 [TUniServerModule]:Server First Init.
Siparis.exe: 00000E2C: 01:12:20 [TUniServerModule]:Debug Mode = ON
Siparis.exe: 00000E2C: 01:12:20 [TUniServerModule]:Global Cache Folder Erased. <17> Files deleted.
Siparis.exe: 00000E2C: 01:12:20 [TUniServerModule]:Starting HTTP Server on Port: 8077...
Siparis.exe: 00000E2C: 01:12:20 [TUniServerModule]:HTTP Server Started on Port: 8077
Siparis.exe: 00002634: 01:12:26 [127.0.0.1]:EUniSessionException : Invalid session or session Timeout. (Session not found: jV2I2SwRTl10A4A3D50 ) : Addr: $0078E97E
Siparis.exe: 00001510: 01:16:52 []:>--------------------------------------------------------------<
Siparis.exe: 00001510: 01:16:52 [TUniServerModule]:Server First Init.
Siparis.exe: 00001510: 01:16:52 [TUniServerModule]:Debug Mode = ON
Siparis.exe: 00001510: 01:16:52 [TUniServerModule]:Global Cache Folder Erased. <14> Files deleted.
Siparis.exe: 00001510: 01:16:52 [TUniServerModule]:Starting HTTP Server on Port: 8077...
Siparis.exe: 00001510: 01:16:52 [TUniServerModule]:HTTP Server Started on Port: 8077
Siparis.exe: 000043FC: 01:16:59 [127.0.0.1]:EUniSessionException : Invalid session or session Timeout. (Session not found: bY3LapoMdx10A4A3E23 ) : Addr: $0078E97E
Siparis.exe: 00004064: 01:19:49 []:>--------------------------------------------------------------<
Siparis.exe: 00004064: 01:19:49 [TUniServerModule]:Server First Init.
Siparis.exe: 00004064: 01:19:49 [TUniServerModule]:Debug Mode = ON
Siparis.exe: 00004064: 01:19:49 [TUniServerModule]:Global Cache Folder Erased. <15> Files deleted.
Siparis.exe: 00004064: 01:19:49 [TUniServerModule]:Starting HTTP Server on Port: 8077...
Siparis.exe: 00004064: 01:19:49 [TUniServerModule]:HTTP Server Started on Port: 8077
Siparis.exe: 00003D30: 01:19:51 [127.0.0.1]:EUniSessionException : Invalid session or session Timeout. (Session not found: jVW3r7vmbM10A4A3F62 ) : Addr: $0078E97E
Siparis.exe: 000008A4: 01:22:04 []:>--------------------------------------------------------------<
Siparis.exe: 000008A4: 01:22:04 [TUniServerModule]:Server First Init.
Siparis.exe: 000008A4: 01:22:04 [TUniServerModule]:Debug Mode = ON
Siparis.exe: 000008A4: 01:22:04 [TUniServerModule]:Global Cache Folder Erased. <14> Files deleted.
Siparis.exe: 000008A4: 01:22:04 [TUniServerModule]:Starting HTTP Server on Port: 8077...
Siparis.exe: 000008A4: 01:22:04 [TUniServerModule]:HTTP Server Started on Port: 8077
Siparis.exe: 00003C44: 01:23:27 []:>--------------------------------------------------------------<
Siparis.exe: 00003C44: 01:23:27 [TUniServerModule]:Server First Init.
Siparis.exe: 00003C44: 01:23:27 [TUniServerModule]:Debug Mode = ON
Siparis.exe: 00003C44: 01:23:27 [TUniServerModule]:Global Cache Folder Erased. <16> Files deleted.
Siparis.exe: 00003C44: 01:23:27 [TUniServerModule]:Starting HTTP Server on Port: 8077...
Siparis.exe: 00003C44: 01:23:27 [TUniServerModule]:HTTP Server Started on Port: 8077
Siparis.exe: 000042B8: 01:23:32 [127.0.0.1]:EUniSessionException : Invalid session or session Timeout. (Session not found: wvHkFDmicT10A4A40C6 ) : Addr: $0078E97E
Siparis.exe: 0000137C: 01:31:09 []:>--------------------------------------------------------------<
Siparis.exe: 0000137C: 01:31:09 [TUniServerModule]:Server First Init.
Siparis.exe: 0000137C: 01:31:09 [TUniServerModule]:Debug Mode = ON
Siparis.exe: 0000137C: 01:31:09 [TUniServerModule]:Global Cache Folder Erased. <25> Files deleted.
Siparis.exe: 0000137C: 01:31:09 [TUniServerModule]:Starting HTTP Server on Port: 8077...
Siparis.exe: 0000137C: 01:31:09 [TUniServerModule]:HTTP Server Started on Port: 8077
Siparis.exe: 00000CA4: 01:31:11 [127.0.0.1]:EUniSessionException : Invalid session or session Timeout. (Session not found: i12IKc8Y3u10A4A4126 ) : Addr: $0078E97E
Siparis.exe: 000041C0: 01:32:51 []:>--------------------------------------------------------------<
Siparis.exe: 000041C0: 01:32:51 [TUniServerModule]:Server First Init.
Siparis.exe: 000041C0: 01:32:51 [TUniServerModule]:Debug Mode = ON
Siparis.exe: 000041C0: 01:32:51 [TUniServerModule]:Global Cache Folder Erased. <22> Files deleted.
Siparis.exe: 000041C0: 01:32:51 [TUniServerModule]:Starting HTTP Server on Port: 8077...
Siparis.exe: 000041C0: 01:32:51 [TUniServerModule]:HTTP Server Started on Port: 8077
Siparis.exe: 00002374: 01:32:58 [127.0.0.1]:EUniSessionException : Invalid session or session Timeout. (Session not found: HJ1PDXTmlk10A4A433D ) : Addr: $0078E97E
Siparis.exe: 00001564: 01:34:21 []:>--------------------------------------------------------------<
Siparis.exe: 00001564: 01:34:21 [TUniServerModule]:Server First Init.
Siparis.exe: 00001564: 01:34:21 [TUniServerModule]:Debug Mode = ON
Siparis.exe: 00001564: 01:34:21 [TUniServerModule]:Global Cache Folder Erased. <20> Files deleted.
Siparis.exe: 00001564: 01:34:21 [TUniServerModule]:Starting HTTP Server on Port: 8077...
Siparis.exe: 00001564: 01:34:21 [TUniServerModule]:HTTP Server Started on Port: 8077
Siparis.exe: 00003210: 01:34:30 [127.0.0.1]:EUniSessionException : Invalid session or session Timeout. (Session not found: ZuskbTpFul10A4A43BF ) : Addr: $0078E97E
Siparis.exe: 00003FF0: 01:35:09 [127.0.0.1]:EDatabaseError : Dataset not in edit or insert mode : Addr: $00659883
Siparis.exe: 000003C0: 01:35:48 []:>--------------------------------------------------------------<
Siparis.exe: 000003C0: 01:35:48 [TUniServerModule]:Server First Init.
Siparis.exe: 000003C0: 01:35:48 [TUniServerModule]:Debug Mode = ON
Siparis.exe: 000003C0: 01:35:48 [TUniServerModule]:Global Cache Folder Erased. <15> Files deleted.
Siparis.exe: 000003C0: 01:35:48 [TUniServerModule]:Starting HTTP Server on Port: 8077...
Siparis.exe: 000003C0: 01:35:48 [TUniServerModule]:HTTP Server Started on Port: 8077
Siparis.exe: 00001BDC: 01:35:55 [127.0.0.1]:EUniSessionException : Invalid session or session Timeout. (Session not found: ifiCXtcprT10A4A441D ) : Addr: $0078E97E
Siparis.exe: 00000D70: 01:37:47 []:>--------------------------------------------------------------<
Siparis.exe: 00000D70: 01:37:47 [TUniServerModule]:Server First Init.
Siparis.exe: 00000D70: 01:37:47 [TUniServerModule]:Debug Mode = ON
Siparis.exe: 00000D70: 01:37:47 [TUniServerModule]:Global Cache Folder Erased. <17> Files deleted.
Siparis.exe: 00000D70: 01:37:47 [TUniServerModule]:Starting HTTP Server on Port: 8077...
Siparis.exe: 00000D70: 01:37:47 [TUniServerModule]:HTTP Server Started on Port: 8077
Siparis.exe: 000030F4: 01:37:53 [127.0.0.1]:EUniSessionException : Invalid session or session Timeout. (Session not found: cCk4wW4o1i10A4A4483 ) : Addr: $0078E97E
Siparis.exe: 00003D50: 01:42:44 []:>--------------------------------------------------------------<
Siparis.exe: 00003D50: 01:42:44 [TUniServerModule]:Server First Init.
Siparis.exe: 00003D50: 01:42:44 [TUniServerModule]:Debug Mode = ON
Siparis.exe: 00003D50: 01:42:44 [TUniServerModule]:Global Cache Folder Erased. <17> Files deleted.
Siparis.exe: 00003D50: 01:42:44 [TUniServerModule]:Starting HTTP Server on Port: 8077...
Siparis.exe: 00003D50: 01:42:44 [TUniServerModule]:HTTP Server Started on Port: 8077
Siparis.exe: 000001A4: 01:42:50 [127.0.0.1]:EUniSessionException : Invalid session or session Timeout. (Session not found: ulofqjytGm10A4A450E ) : Addr: $0078E97E
Siparis.exe: 000023FC: 01:48:01 []:>--------------------------------------------------------------<
Siparis.exe: 000023FC: 01:48:01 [TUniServerModule]:Server First Init.
Siparis.exe: 000023FC: 01:48:01 [TUniServerModule]:Debug Mode = ON
Siparis.exe: 000023FC: 01:48:01 [TUniServerModule]:Global Cache Folder Erased. <16> Files deleted.
Siparis.exe: 000023FC: 01:48:01 [TUniServerModule]:Starting HTTP Server on Port: 8077...
Siparis.exe: 000023FC: 01:48:01 [TUniServerModule]:HTTP Server Started on Port: 8077
Siparis.exe: 0000197C: 01:48:13 [127.0.0.1]:EUniSessionException : Invalid session or session Timeout. (Session not found: TI6lDm5Qk510A4A4663 ) : Addr: $0078E97E
Siparis.exe: 00000B60: 01:53:01 []:>--------------------------------------------------------------<
Siparis.exe: 00000B60: 01:53:01 [TUniServerModule]:Server First Init.
Siparis.exe: 00000B60: 01:53:01 [TUniServerModule]:Debug Mode = ON
Siparis.exe: 00000B60: 01:53:01 [TUniServerModule]:Global Cache Folder Erased. <23> Files deleted.
Siparis.exe: 00000B60: 01:53:01 [TUniServerModule]:Starting HTTP Server on Port: 8077...
Siparis.exe: 00000B60: 01:53:01 [TUniServerModule]:HTTP Server Started on Port: 8077
Siparis.exe: 000033CC: 01:53:13 [127.0.0.1]:EUniSessionException : Invalid session or session Timeout. (Session not found: Wv1lUpn3IJ10A4A47D6 ) : Addr: $0078E97E
Siparis.exe: 00002D1C: 02:01:02 []:>--------------------------------------------------------------<
Siparis.exe: 00002D1C: 02:01:02 [TUniServerModule]:Server First Init.
Siparis.exe: 00002D1C: 02:01:02 [TUniServerModule]:Debug Mode = ON
Siparis.exe: 00002D1C: 02:01:02 [TUniServerModule]:Global Cache Folder Erased. <38> Files deleted.
Siparis.exe: 00002D1C: 02:01:02 [TUniServerModule]:Starting HTTP Server on Port: 8077...
Siparis.exe: 00002D1C: 02:01:02 [TUniServerModule]:HTTP Server Started on Port: 8077
Siparis.exe: 0000286C: 02:01:06 [192.168.1.34]:EUniSessionException : Invalid session or session Timeout. (Session not found: lOggvzsCRm10A4A4ABF ) : Addr: $0078E97E
