Siparis.exe: 00002CB4: 10:56:19 []:>--------------------------------------------------------------<
Siparis.exe: 00002CB4: 10:56:19 [TUniServerModule]:Server First Init.
Siparis.exe: 00002CB4: 10:56:19 [TUniServerModule]:Debug Mode = ON
Siparis.exe: 00002CB4: 10:56:19 [TUniServerModule]:Global Cache Folder Erased. <14> Files deleted.
Siparis.exe: 00002CB4: 10:56:19 [TUniServerModule]:Starting HTTP Server on Port: 8077...
Siparis.exe: 00002CB4: 10:56:19 [TUniServerModule]:HTTP Server Started on Port: 8077
Siparis.exe: 00009868: 11:28:00 []:>--------------------------------------------------------------<
Siparis.exe: 00009868: 11:28:00 [TUniServerModule]:Server First Init.
Siparis.exe: 00009868: 11:28:00 [TUniServerModule]:Debug Mode = ON
Siparis.exe: 00009868: 11:28:00 [TUniServerModule]:Global Cache Folder Erased. <33> Files deleted.
Siparis.exe: 00009868: 11:28:00 [TUniServerModule]:Starting HTTP Server on Port: 8077...
Siparis.exe: 00009868: 11:28:00 [TUniServerModule]:HTTP Server Started on Port: 8077
Siparis.exe: 00004474: 11:28:12 [127.0.0.1]:EUniSessionException : Invalid session or session Timeout. (Session not found: lFdMiIsexm10A6AE9BA ) : Addr: $007E149E
Siparis.exe: 00009884: 13:42:58 []:>--------------------------------------------------------------<
Siparis.exe: 00009884: 13:42:58 [TUniServerModule]:Server First Init.
Siparis.exe: 00009884: 13:42:58 [TUniServerModule]:Debug Mode = ON
Siparis.exe: 00009884: 13:42:58 [TUniServerModule]:Global Cache Folder Erased. <8> Files deleted.
Siparis.exe: 00009884: 13:42:58 [TUniServerModule]:Starting HTTP Server on Port: 8077...
Siparis.exe: 00009884: 13:42:58 [TUniServerModule]:HTTP Server Started on Port: 8077
Siparis.exe: 00008B60: 13:43:01 [127.0.0.1]:EUniSessionException : Invalid session or session Timeout. (Session not found: 9D7nucyVMp10A6AF043 ) : Addr: $007E149E
Siparis.exe: 000031C4: 14:55:15 []:>--------------------------------------------------------------<
Siparis.exe: 000031C4: 14:55:15 [TUniServerModule]:Server First Init.
Siparis.exe: 000031C4: 14:55:15 [TUniServerModule]:Debug Mode = ON
Siparis.exe: 000031C4: 14:55:15 [TUniServerModule]:Global Cache Folder Erased. <8> Files deleted.
Siparis.exe: 000031C4: 14:55:15 [TUniServerModule]:Starting HTTP Server on Port: 8077...
Siparis.exe: 000031C4: 14:55:15 [TUniServerModule]:HTTP Server Started on Port: 8077
Siparis.exe: 0000343C: 14:55:34 [127.0.0.1]:EUniSessionException : Invalid session or session Timeout. (Session not found: LB4FIkuymu10A6B14DF ) : Addr: $007E149E
Siparis.exe: 00006388: 15:17:25 []:>--------------------------------------------------------------<
Siparis.exe: 00006388: 15:17:25 [TUniServerModule]:Server First Init.
Siparis.exe: 00006388: 15:17:25 [TUniServerModule]:Debug Mode = ON
Siparis.exe: 00006388: 15:17:25 [TUniServerModule]:Global Cache Folder Erased. <20> Files deleted.
Siparis.exe: 00006388: 15:17:26 [TUniServerModule]:Starting HTTP Server on Port: 8077...
Siparis.exe: 00006388: 15:17:26 [TUniServerModule]:HTTP Server Started on Port: 8077
Siparis.exe: 00007640: 15:18:00 [127.0.0.1]:EUniSessionException : Invalid session or session Timeout. (Session not found: thUNSbwdR210A6B2880 ) : Addr: $007E149E
Siparis.exe: 00003B1C: 15:30:14 []:>--------------------------------------------------------------<
Siparis.exe: 00003B1C: 15:30:14 [TUniServerModule]:Server First Init.
Siparis.exe: 00003B1C: 15:30:14 [TUniServerModule]:Debug Mode = ON
Siparis.exe: 00003B1C: 15:30:14 [TUniServerModule]:Global Cache Folder Erased. <18> Files deleted.
Siparis.exe: 00003B1C: 15:30:14 [TUniServerModule]:Starting HTTP Server on Port: 8077...
Siparis.exe: 00003B1C: 15:30:14 [TUniServerModule]:HTTP Server Started on Port: 8077
Siparis.exe: 000070D4: 15:30:43 []:>--------------------------------------------------------------<
Siparis.exe: 000070D4: 15:30:43 [TUniServerModule]:Server First Init.
Siparis.exe: 000070D4: 15:30:43 [TUniServerModule]:Debug Mode = ON
Siparis.exe: 000070D4: 15:30:43 [TUniServerModule]:Global Cache Folder Erased. <1> Files deleted.
Siparis.exe: 000070D4: 15:30:43 [TUniServerModule]:Starting HTTP Server on Port: 8077...
Siparis.exe: 000070D4: 15:30:43 [TUniServerModule]:HTTP Server Started on Port: 8077
Siparis.exe: 0000786C: 15:31:00 [127.0.0.1]:EUniSessionException : Invalid session or session Timeout. (Session not found: IzdLiHuwLf10A6B2EA3 ) : Addr: $007E149E
Siparis.exe: 00009964: 16:01:33 []:>--------------------------------------------------------------<
Siparis.exe: 00009964: 16:01:33 [TUniServerModule]:Server First Init.
Siparis.exe: 00009964: 16:01:33 [TUniServerModule]:Debug Mode = ON
Siparis.exe: 00009964: 16:01:33 [TUniServerModule]:Global Cache Folder Erased. <21> Files deleted.
Siparis.exe: 00009964: 16:01:33 [TUniServerModule]:Starting HTTP Server on Port: 8077...
Siparis.exe: 00009964: 16:01:33 [TUniServerModule]:HTTP Server Started on Port: 8077
Siparis.exe: 0000929C: 16:01:40 [127.0.0.1]:EUniSessionException : Invalid session or session Timeout. (Session not found: nQwdbYvnw610A6B3232 ) : Addr: $007E149E
Siparis.exe: 0000754C: 16:05:45 []:>--------------------------------------------------------------<
Siparis.exe: 0000754C: 16:05:45 [TUniServerModule]:Server First Init.
Siparis.exe: 0000754C: 16:05:45 [TUniServerModule]:Debug Mode = ON
Siparis.exe: 0000754C: 16:05:45 [TUniServerModule]:Global Cache Folder Erased. <18> Files deleted.
Siparis.exe: 0000754C: 16:05:45 [TUniServerModule]:Starting HTTP Server on Port: 8077...
Siparis.exe: 0000754C: 16:05:45 [TUniServerModule]:HTTP Server Started on Port: 8077
Siparis.exe: 00009CE0: 16:05:53 [127.0.0.1]:EUniSessionException : Invalid session or session Timeout. (Session not found: tA6HaY72md10A6B3A7C ) : Addr: $007E149E
Siparis.exe: 000079F8: 16:09:08 []:>--------------------------------------------------------------<
Siparis.exe: 000079F8: 16:09:08 [TUniServerModule]:Server First Init.
Siparis.exe: 000079F8: 16:09:08 [TUniServerModule]:Debug Mode = ON
Siparis.exe: 000079F8: 16:09:08 [TUniServerModule]:Global Cache Folder Erased. <19> Files deleted.
Siparis.exe: 000079F8: 16:09:08 [TUniServerModule]:Starting HTTP Server on Port: 8077...
Siparis.exe: 000079F8: 16:09:08 [TUniServerModule]:HTTP Server Started on Port: 8077
Siparis.exe: 00006A50: 16:09:11 [127.0.0.1]:EUniSessionException : Invalid session or session Timeout. (Session not found: hA1nVwOgIy10A6B3BA1 ) : Addr: $007E149E
Siparis.exe: 00006500: 16:10:09 []:>--------------------------------------------------------------<
Siparis.exe: 00006500: 16:10:09 [TUniServerModule]:Server First Init.
Siparis.exe: 00006500: 16:10:09 [TUniServerModule]:Debug Mode = ON
Siparis.exe: 00006500: 16:10:09 [TUniServerModule]:Global Cache Folder Erased. <21> Files deleted.
Siparis.exe: 00006500: 16:10:09 [TUniServerModule]:Starting HTTP Server on Port: 8077...
Siparis.exe: 00006500: 16:10:09 [TUniServerModule]:HTTP Server Started on Port: 8077
Siparis.exe: 0000439C: 16:10:16 [127.0.0.1]:EUniSessionException : Invalid session or session Timeout. (Session not found: UwKdndAMy310A6B3C91 ) : Addr: $007E149E
Siparis.exe: 0000719C: 17:12:52 []:>--------------------------------------------------------------<
Siparis.exe: 0000719C: 17:12:52 [TUniServerModule]:Server First Init.
Siparis.exe: 0000719C: 17:12:52 [TUniServerModule]:Debug Mode = ON
Siparis.exe: 0000719C: 17:12:52 [TUniServerModule]:Global Cache Folder Erased. <19> Files deleted.
Siparis.exe: 0000719C: 17:12:52 [TUniServerModule]:Starting HTTP Server on Port: 8077...
Siparis.exe: 0000719C: 17:12:52 [TUniServerModule]:HTTP Server Started on Port: 8077
Siparis.exe: 000053B0: 17:12:55 [127.0.0.1]:EUniSessionException : Invalid session or session Timeout. (Session not found: RkkMrueufJ10A6B3CD0 ) : Addr: $007E149E
