Siparis.exe: 000046F4: 15:20:49 []:>--------------------------------------------------------------<
Siparis.exe: 000046F4: 15:20:49 [TUniServerModule]:Server First Init.
Siparis.exe: 000046F4: 15:20:49 [TUniServerModule]:Debug Mode = ON
Siparis.exe: 000046F4: 15:20:49 [TUniServerModule]:Global Cache Folder Erased. <12> Files deleted.
Siparis.exe: 000046F4: 15:20:49 [TUniServerModule]:Starting HTTP Server on Port: 8077...
Siparis.exe: 000046F4: 15:20:49 [TUniServerModule]:HTTP Server Started on Port: 8077
Siparis.exe: 0000267C: 16:21:30 []:>--------------------------------------------------------------<
Siparis.exe: 0000267C: 16:21:30 [TUniServerModule]:Server First Init.
Siparis.exe: 0000267C: 16:21:30 [TUniServerModule]:Debug Mode = ON
Siparis.exe: 0000267C: 16:21:30 [TUniServerModule]:Global Cache Folder Erased. <12> Files deleted.
Siparis.exe: 0000267C: 16:21:30 [TUniServerModule]:Starting HTTP Server on Port: 8077...
Siparis.exe: 0000267C: 16:21:30 [TUniServerModule]:HTTP Server Started on Port: 8077
Siparis.exe: 00000628: 16:21:36 [127.0.0.1]:EUniSessionException : Invalid session or session Timeout. (Session not found: XHBduudM2c10A52C578 ) : Addr: $0078E97E
Siparis.exe: 0000254C: 16:23:18 []:>--------------------------------------------------------------<
Siparis.exe: 0000254C: 16:23:18 [TUniServerModule]:Server First Init.
Siparis.exe: 0000254C: 16:23:18 [TUniServerModule]:Debug Mode = ON
Siparis.exe: 0000254C: 16:23:18 [TUniServerModule]:Global Cache Folder Erased. <12> Files deleted.
Siparis.exe: 0000254C: 16:23:18 [TUniServerModule]:Starting HTTP Server on Port: 8077...
Siparis.exe: 0000254C: 16:23:18 [TUniServerModule]:HTTP Server Started on Port: 8077
Siparis.exe: 00004098: 16:23:26 [127.0.0.1]:EUniSessionException : Invalid session or session Timeout. (Session not found: zsshAcK32A10A52D5E4 ) : Addr: $0078E97E
Siparis.exe: 000041B0: 16:24:50 []:>--------------------------------------------------------------<
Siparis.exe: 000041B0: 16:24:50 [TUniServerModule]:Server First Init.
Siparis.exe: 000041B0: 16:24:50 [TUniServerModule]:Debug Mode = ON
Siparis.exe: 000041B0: 16:24:50 [TUniServerModule]:Global Cache Folder Erased. <12> Files deleted.
Siparis.exe: 000041B0: 16:24:50 [TUniServerModule]:Starting HTTP Server on Port: 8077...
Siparis.exe: 000041B0: 16:24:50 [TUniServerModule]:HTTP Server Started on Port: 8077
Siparis.exe: 00001154: 16:25:00 [127.0.0.1]:EUniSessionException : Invalid session or session Timeout. (Session not found: agOYFP9I5H10A52D664 ) : Addr: $0078E97E
Siparis.exe: 00001DD4: 16:25:58 []:>--------------------------------------------------------------<
Siparis.exe: 00001DD4: 16:25:58 [TUniServerModule]:Server First Init.
Siparis.exe: 00001DD4: 16:25:58 [TUniServerModule]:Debug Mode = ON
Siparis.exe: 00001DD4: 16:25:58 [TUniServerModule]:Global Cache Folder Erased. <13> Files deleted.
Siparis.exe: 00001DD4: 16:25:58 [TUniServerModule]:Starting HTTP Server on Port: 8077...
Siparis.exe: 00001DD4: 16:25:58 [TUniServerModule]:HTTP Server Started on Port: 8077
Siparis.exe: 00002308: 16:27:00 [127.0.0.1]:EUniSessionException : Invalid session or session Timeout. (Session not found: JrbBrr5jU310A52D6DB ) : Addr: $0078E97E
Siparis.exe: 00001384: 16:27:57 []:>--------------------------------------------------------------<
Siparis.exe: 00001384: 16:27:57 [TUniServerModule]:Server First Init.
Siparis.exe: 00001384: 16:27:57 [TUniServerModule]:Debug Mode = ON
Siparis.exe: 00001384: 16:27:57 [TUniServerModule]:Global Cache Folder Erased. <12> Files deleted.
Siparis.exe: 00001384: 16:27:57 [TUniServerModule]:Starting HTTP Server on Port: 8077...
Siparis.exe: 00001384: 16:27:57 [TUniServerModule]:HTTP Server Started on Port: 8077
Siparis.exe: 00002328: 16:28:04 [127.0.0.1]:EUniSessionException : Invalid session or session Timeout. (Session not found: Mq6yLb1yFQ10A52D75E ) : Addr: $0078E97E
Siparis.exe: 0000434C: 16:29:25 []:>--------------------------------------------------------------<
Siparis.exe: 0000434C: 16:29:25 [TUniServerModule]:Server First Init.
Siparis.exe: 0000434C: 16:29:25 [TUniServerModule]:Debug Mode = ON
Siparis.exe: 0000434C: 16:29:25 [TUniServerModule]:Global Cache Folder Erased. <12> Files deleted.
Siparis.exe: 0000434C: 16:29:25 [TUniServerModule]:Starting HTTP Server on Port: 8077...
Siparis.exe: 0000434C: 16:29:25 [TUniServerModule]:HTTP Server Started on Port: 8077
Siparis.exe: 00004200: 16:29:37 [127.0.0.1]:EUniSessionException : Invalid session or session Timeout. (Session not found: kMm3ytrYhR10A52D7A6 ) : Addr: $0078E97E
Siparis.exe: 0000322C: 16:41:54 []:>--------------------------------------------------------------<
Siparis.exe: 0000322C: 16:41:54 [TUniServerModule]:Server First Init.
Siparis.exe: 0000322C: 16:41:54 [TUniServerModule]:Debug Mode = ON
Siparis.exe: 0000322C: 16:41:54 [TUniServerModule]:Global Cache Folder Erased. <16> Files deleted.
Siparis.exe: 0000322C: 16:41:54 [TUniServerModule]:Starting HTTP Server on Port: 8077...
Siparis.exe: 0000322C: 16:41:54 [TUniServerModule]:HTTP Server Started on Port: 8077
Siparis.exe: 000008D0: 16:42:02 [127.0.0.1]:EUniSessionException : Invalid session or session Timeout. (Session not found: pJQFeZAfc310A52D80D ) : Addr: $0078E97E
Siparis.exe: 00000268: 16:44:17 []:>--------------------------------------------------------------<
Siparis.exe: 00000268: 16:44:17 [TUniServerModule]:Server First Init.
Siparis.exe: 00000268: 16:44:17 [TUniServerModule]:Debug Mode = ON
Siparis.exe: 00000268: 16:44:17 [TUniServerModule]:Global Cache Folder Erased. <25> Files deleted.
Siparis.exe: 00000268: 16:44:18 [TUniServerModule]:Starting HTTP Server on Port: 8077...
Siparis.exe: 00000268: 16:44:18 [TUniServerModule]:HTTP Server Started on Port: 8077
Siparis.exe: 00002538: 16:44:28 [127.0.0.1]:EUniSessionException : Invalid session or session Timeout. (Session not found: 1qx4woUjHR10A52DB79 ) : Addr: $0078E97E
Siparis.exe: 00001A14: 16:50:37 []:>--------------------------------------------------------------<
Siparis.exe: 00001A14: 16:50:37 [TUniServerModule]:Server First Init.
Siparis.exe: 00001A14: 16:50:37 [TUniServerModule]:Debug Mode = ON
Siparis.exe: 00001A14: 16:50:37 [TUniServerModule]:Global Cache Folder Erased. <18> Files deleted.
Siparis.exe: 00001A14: 16:50:37 [TUniServerModule]:Starting HTTP Server on Port: 8077...
Siparis.exe: 00001A14: 16:50:37 [TUniServerModule]:HTTP Server Started on Port: 8077
Siparis.exe: 000044F4: 16:50:46 [127.0.0.1]:EUniSessionException : Invalid session or session Timeout. (Session not found: YuUrpBVEwx10A52DC19 ) : Addr: $0078E97E
Siparis.exe: 000040BC: 16:55:27 []:>--------------------------------------------------------------<
Siparis.exe: 000040BC: 16:55:27 [TUniServerModule]:Server First Init.
Siparis.exe: 000040BC: 16:55:27 [TUniServerModule]:Debug Mode = ON
Siparis.exe: 000040BC: 16:55:27 [TUniServerModule]:Global Cache Folder Erased. <13> Files deleted.
Siparis.exe: 000040BC: 16:55:27 [TUniServerModule]:Starting HTTP Server on Port: 8077...
Siparis.exe: 000040BC: 16:55:27 [TUniServerModule]:HTTP Server Started on Port: 8077
Siparis.exe: 00000378: 16:55:35 [127.0.0.1]:EUniSessionException : Invalid session or session Timeout. (Session not found: zMaX3AThVY10A52DDCD ) : Addr: $0078E97E
Siparis.exe: 00002D38: 16:58:31 []:>--------------------------------------------------------------<
Siparis.exe: 00002D38: 16:58:31 [TUniServerModule]:Server First Init.
Siparis.exe: 00002D38: 16:58:31 [TUniServerModule]:Debug Mode = ON
Siparis.exe: 00002D38: 16:58:31 [TUniServerModule]:Global Cache Folder Erased. <13> Files deleted.
Siparis.exe: 00002D38: 16:58:31 [TUniServerModule]:Starting HTTP Server on Port: 8077...
Siparis.exe: 00002D38: 16:58:31 [TUniServerModule]:HTTP Server Started on Port: 8077
Siparis.exe: 000006E0: 16:58:37 [127.0.0.1]:EUniSessionException : Invalid session or session Timeout. (Session not found: fbOEBZLSxc10A52DF1C ) : Addr: $0078E97E
Siparis.exe: 00004B80: 17:51:58 []:>--------------------------------------------------------------<
Siparis.exe: 00004B80: 17:51:59 [TUniServerModule]:Server First Init.
Siparis.exe: 00004B80: 17:51:59 [TUniServerModule]:Debug Mode = ON
Siparis.exe: 00004B80: 17:51:59 [TUniServerModule]:Global Cache Folder Erased. <18> Files deleted.
Siparis.exe: 00004B80: 17:51:59 [TUniServerModule]:Starting HTTP Server on Port: 8077...
Siparis.exe: 00004B80: 17:51:59 [TUniServerModule]:HTTP Server Started on Port: 8077
Siparis.exe: 00001808: 17:52:01 [127.0.0.1]:EUniSessionException : Invalid session or session Timeout. (Session not found: XZQkZukGld10A52DFEF ) : Addr: $007E125A
Siparis.exe: 00003E60: 17:53:03 []:>--------------------------------------------------------------<
Siparis.exe: 00003E60: 17:53:03 [TUniServerModule]:Server First Init.
Siparis.exe: 00003E60: 17:53:03 [TUniServerModule]:Debug Mode = ON
Siparis.exe: 00003E60: 17:53:03 [TUniServerModule]:Global Cache Folder Erased. <14> Files deleted.
Siparis.exe: 00003E60: 17:53:03 [TUniServerModule]:Starting HTTP Server on Port: 8077...
Siparis.exe: 00003E60: 17:53:03 [TUniServerModule]:HTTP Server Started on Port: 8077
Siparis.exe: 00002DAC: 17:54:27 []:>--------------------------------------------------------------<
Siparis.exe: 00002DAC: 17:54:27 [TUniServerModule]:Server First Init.
Siparis.exe: 00002DAC: 17:54:27 [TUniServerModule]:Debug Mode = ON
Siparis.exe: 00002DAC: 17:54:27 [TUniServerModule]:Global Cache Folder Erased. <17> Files deleted.
Siparis.exe: 00002DAC: 17:54:27 [TUniServerModule]:Starting HTTP Server on Port: 8077...
Siparis.exe: 00002DAC: 17:54:27 [TUniServerModule]:HTTP Server Started on Port: 8077
Siparis.exe: 000049D8: 17:54:53 [127.0.0.1]:EUniSessionException : Invalid session or session Timeout. (Session not found: wbiqU9BAiZ10A52EEB6 ) : Addr: $007E125A
Siparis.exe: 00002EE8: 17:55:45 []:>--------------------------------------------------------------<
Siparis.exe: 00002EE8: 17:55:45 [TUniServerModule]:Server First Init.
Siparis.exe: 00002EE8: 17:55:45 [TUniServerModule]:Debug Mode = ON
Siparis.exe: 00002EE8: 17:55:45 [TUniServerModule]:Global Cache Folder Erased. <15> Files deleted.
Siparis.exe: 00002EE8: 17:55:45 [TUniServerModule]:Starting HTTP Server on Port: 8077...
Siparis.exe: 00002EE8: 17:55:45 [TUniServerModule]:HTTP Server Started on Port: 8077
Siparis.exe: 00003E48: 17:55:57 [127.0.0.1]:EUniSessionException : Invalid session or session Timeout. (Session not found: yHws9o8zmr10A52EF32 ) : Addr: $007E125A
Siparis.exe: 00000718: 18:10:26 []:>--------------------------------------------------------------<
Siparis.exe: 00000718: 18:10:26 [TUniServerModule]:Server First Init.
Siparis.exe: 00000718: 18:10:26 [TUniServerModule]:Debug Mode = ON
Siparis.exe: 00000718: 18:10:26 [TUniServerModule]:Global Cache Folder Erased. <16> Files deleted.
Siparis.exe: 00000718: 18:10:26 [TUniServerModule]:Starting HTTP Server on Port: 8077...
Siparis.exe: 00000718: 18:10:26 [TUniServerModule]:HTTP Server Started on Port: 8077
Siparis.exe: 00002C24: 18:10:37 [127.0.0.1]:EUniSessionException : Invalid session or session Timeout. (Session not found: bjDkFOOhMf10A52EF7C ) : Addr: $007E125A
