Siparis.exe: 00002D78: 21:26:50 []:>--------------------------------------------------------------<
Siparis.exe: 00002D78: 21:26:50 [TUniServerModule]:Server First Init.
Siparis.exe: 00002D78: 21:26:50 [TUniServerModule]:Debug Mode = ON
Siparis.exe: 00002D78: 21:26:51 [TUniServerModule]:Global Cache Folder Erased. <6> Files deleted.
Siparis.exe: 00002D78: 21:26:51 [TUniServerModule]:Starting HTTP Server on Port: 8077...
Siparis.exe: 00002D78: 21:26:51 [TUniServerModule]:HTTP Server Started on Port: 8077
Siparis.exe: 000044E0: 21:27:27 []:>--------------------------------------------------------------<
Siparis.exe: 000044E0: 21:27:27 [TUniServerModule]:Server First Init.
Siparis.exe: 000044E0: 21:27:27 [TUniServerModule]:Debug Mode = ON
Siparis.exe: 000044E0: 21:27:27 [TUniServerModule]:Global Cache Folder Erased. <10> Files deleted.
Siparis.exe: 000044E0: 21:27:27 [TUniServerModule]:Starting HTTP Server on Port: 8077...
Siparis.exe: 000044E0: 21:27:27 [TUniServerModule]:HTTP Server Started on Port: 8077
Siparis.exe: 00002624: 21:27:34 [127.0.0.1]:EUniSessionException : Invalid session or session Timeout. (Session not found: bUXi1jQbCE10A54AF57 ) : Addr: $007E125A
Siparis.exe: 00004330: 21:51:24 []:>--------------------------------------------------------------<
Siparis.exe: 00004330: 21:51:24 [TUniServerModule]:Server First Init.
Siparis.exe: 00004330: 21:51:24 [TUniServerModule]:Debug Mode = ON
Siparis.exe: 00004330: 21:51:24 [TUniServerModule]:Global Cache Folder Erased. <10> Files deleted.
Siparis.exe: 00004330: 21:51:24 [TUniServerModule]:Starting HTTP Server on Port: 8077...
Siparis.exe: 00004330: 21:51:24 [TUniServerModule]:HTTP Server Started on Port: 8077
Siparis.exe: 000029BC: 21:51:29 [127.0.0.1]:EUniSessionException : Invalid session or session Timeout. (Session not found: 46b2pjC85A10A54AF85 ) : Addr: $007E125A
Siparis.exe: 00000EB0: 22:16:25 []:>--------------------------------------------------------------<
Siparis.exe: 00000EB0: 22:16:25 [TUniServerModule]:Server First Init.
Siparis.exe: 00000EB0: 22:16:25 [TUniServerModule]:Debug Mode = ON
Siparis.exe: 00000EB0: 22:16:25 [TUniServerModule]:Global Cache Folder Erased. <11> Files deleted.
Siparis.exe: 00000EB0: 22:16:25 [TUniServerModule]:Starting HTTP Server on Port: 8077...
Siparis.exe: 00000EB0: 22:16:25 [TUniServerModule]:HTTP Server Started on Port: 8077
Siparis.exe: 00003E1C: 22:16:31 [127.0.0.1]:EUniSessionException : Invalid session or session Timeout. (Session not found: 2oCaBAQiwk10A54B601 ) : Addr: $007E125A
Siparis.exe: 000029E0: 23:36:30 []:>--------------------------------------------------------------<
Siparis.exe: 000029E0: 23:36:30 [TUniServerModule]:Server First Init.
Siparis.exe: 000029E0: 23:36:30 [TUniServerModule]:Debug Mode = ON
Siparis.exe: 000029E0: 23:36:30 [TUniServerModule]:Global Cache Folder Erased. <11> Files deleted.
Siparis.exe: 000029E0: 23:36:30 [TUniServerModule]:Starting HTTP Server on Port: 8077...
Siparis.exe: 000029E0: 23:36:30 [TUniServerModule]:HTTP Server Started on Port: 8077
Siparis.exe: 000009D0: 23:36:34 [127.0.0.1]:EUniSessionException : Invalid session or session Timeout. (Session not found: G5wZ5aCA8Q10A54BCCB ) : Addr: $007E125A
Siparis.exe: 00002EC8: 23:38:19 []:>--------------------------------------------------------------<
Siparis.exe: 00002EC8: 23:38:19 [TUniServerModule]:Server First Init.
Siparis.exe: 00002EC8: 23:38:19 [TUniServerModule]:Debug Mode = ON
Siparis.exe: 00002EC8: 23:38:19 [TUniServerModule]:Global Cache Folder Erased. <10> Files deleted.
Siparis.exe: 00002EC8: 23:38:19 [TUniServerModule]:Starting HTTP Server on Port: 8077...
Siparis.exe: 00002EC8: 23:38:19 [TUniServerModule]:HTTP Server Started on Port: 8077
Siparis.exe: 00003FB8: 23:38:24 [127.0.0.1]:EUniSessionException : Invalid session or session Timeout. (Session not found: cqqpLd3Ril10A54D281 ) : Addr: $007E125A
Siparis.exe: 00002E24: 23:41:08 []:>--------------------------------------------------------------<
Siparis.exe: 00002E24: 23:41:08 [TUniServerModule]:Server First Init.
Siparis.exe: 00002E24: 23:41:08 [TUniServerModule]:Debug Mode = ON
Siparis.exe: 00002E24: 23:41:08 [TUniServerModule]:Global Cache Folder Erased. <10> Files deleted.
Siparis.exe: 00002E24: 23:41:08 [TUniServerModule]:Starting HTTP Server on Port: 8077...
Siparis.exe: 00002E24: 23:41:08 [TUniServerModule]:HTTP Server Started on Port: 8077
Siparis.exe: 000021C0: 23:41:14 [127.0.0.1]:EUniSessionException : Invalid session or session Timeout. (Session not found: q2aZLhjbqm10A54D304 ) : Addr: $007E125A
Siparis.exe: 00003494: 23:43:26 []:>--------------------------------------------------------------<
Siparis.exe: 00003494: 23:43:26 [TUniServerModule]:Server First Init.
Siparis.exe: 00003494: 23:43:26 [TUniServerModule]:Debug Mode = ON
Siparis.exe: 00003494: 23:43:26 [TUniServerModule]:Global Cache Folder Erased. <11> Files deleted.
Siparis.exe: 00003494: 23:43:26 [TUniServerModule]:Starting HTTP Server on Port: 8077...
Siparis.exe: 00003494: 23:43:26 [TUniServerModule]:HTTP Server Started on Port: 8077
Siparis.exe: 00002610: 23:43:28 [127.0.0.1]:EUniSessionException : Invalid session or session Timeout. (Session not found: rCmtBD83Ve10A54D3C7 ) : Addr: $007E125A
