Siparis.exe: 00003840: 15:09:05 []:>--------------------------------------------------------------<
Siparis.exe: 00003840: 15:09:05 [TUniServerModule]:Server First Init.
Siparis.exe: 00003840: 15:09:05 [TUniServerModule]:Debug Mode = ON
Siparis.exe: 00003840: 15:09:06 [TUniServerModule]:Global Cache Folder Erased. <22> Files deleted.
Siparis.exe: 00003840: 15:09:06 [TUniServerModule]:Starting HTTP Server on Port: 8077...
Siparis.exe: 00003840: 15:09:06 [TUniServerModule]:HTTP Server Started on Port: 8077
Siparis.exe: 00002B68: 16:18:25 []:>--------------------------------------------------------------<
Siparis.exe: 00002B68: 16:18:25 [TUniServerModule]:Server First Init.
Siparis.exe: 00002B68: 16:18:25 [TUniServerModule]:Debug Mode = ON
Siparis.exe: 00002B68: 16:18:25 [TUniServerModule]:Global Cache Folder Erased. <14> Files deleted.
Siparis.exe: 00002B68: 16:18:25 [TUniServerModule]:Starting HTTP Server on Port: 8077...
Siparis.exe: 00002B68: 16:18:25 [TUniServerModule]:HTTP Server Started on Port: 8077
Siparis.exe: 00002084: 16:23:18 []:>--------------------------------------------------------------<
Siparis.exe: 00002084: 16:23:18 [TUniServerModule]:Server First Init.
Siparis.exe: 00002084: 16:23:18 [TUniServerModule]:Debug Mode = ON
Siparis.exe: 00002084: 16:23:18 [TUniServerModule]:Global Cache Folder Erased. <24> Files deleted.
Siparis.exe: 00002084: 16:23:18 [TUniServerModule]:Starting HTTP Server on Port: 8077...
Siparis.exe: 00002084: 16:23:18 [TUniServerModule]:HTTP Server Started on Port: 8077
Siparis.exe: 000031B4: 16:26:34 []:>--------------------------------------------------------------<
Siparis.exe: 000031B4: 16:26:34 [TUniServerModule]:Server First Init.
Siparis.exe: 000031B4: 16:26:34 [TUniServerModule]:Debug Mode = ON
Siparis.exe: 000031B4: 16:26:34 [TUniServerModule]:Global Cache Folder Erased. <1> Files deleted.
Siparis.exe: 000031B4: 16:26:34 [TUniServerModule]:Starting HTTP Server on Port: 8077...
Siparis.exe: 000031B4: 16:26:34 [TUniServerModule]:HTTP Server Started on Port: 8077
Siparis.exe: 00003340: 16:27:22 []:>--------------------------------------------------------------<
Siparis.exe: 00003340: 16:27:22 [TUniServerModule]:Server First Init.
Siparis.exe: 00003340: 16:27:22 [TUniServerModule]:Debug Mode = ON
Siparis.exe: 00003340: 16:27:22 [TUniServerModule]:Global Cache Folder Erased. <1> Files deleted.
Siparis.exe: 00003340: 16:27:22 [TUniServerModule]:Starting HTTP Server on Port: 8077...
Siparis.exe: 00003340: 16:27:22 [TUniServerModule]:HTTP Server Started on Port: 8077
Siparis.exe: 00003FB4: 16:27:52 [127.0.0.1]:EUniSessionException : Invalid session or session Timeout. (Session not found: M1stGCBgco10A9905E3 ) : Addr: $007E149E
Siparis.exe: 000004B4: 16:33:34 []:>--------------------------------------------------------------<
Siparis.exe: 000004B4: 16:33:34 [TUniServerModule]:Server First Init.
Siparis.exe: 000004B4: 16:33:34 [TUniServerModule]:Debug Mode = ON
Siparis.exe: 000004B4: 16:33:34 [TUniServerModule]:Global Cache Folder Erased. <21> Files deleted.
Siparis.exe: 000004B4: 16:33:34 [TUniServerModule]:Starting HTTP Server on Port: 8077...
Siparis.exe: 000004B4: 16:33:34 [TUniServerModule]:HTTP Server Started on Port: 8077
Siparis.exe: 00004394: 16:33:42 [127.0.0.1]:EUniSessionException : Invalid session or session Timeout. (Session not found: 7MpdcS1Kis10A990912 ) : Addr: $007E149E
Siparis.exe: 00000ADC: 16:35:47 []:>--------------------------------------------------------------<
Siparis.exe: 00000ADC: 16:35:47 [TUniServerModule]:Server First Init.
Siparis.exe: 00000ADC: 16:35:47 [TUniServerModule]:Debug Mode = ON
Siparis.exe: 00000ADC: 16:35:48 [TUniServerModule]:Global Cache Folder Erased. <18> Files deleted.
Siparis.exe: 00000ADC: 16:35:48 [TUniServerModule]:Starting HTTP Server on Port: 8077...
Siparis.exe: 00000ADC: 16:35:48 [TUniServerModule]:HTTP Server Started on Port: 8077
Siparis.exe: 00004250: 16:36:03 [127.0.0.1]:EUniSessionException : Invalid session or session Timeout. (Session not found: DazhnEOljS10A9909EC ) : Addr: $007E149E
Siparis.exe: 000022C0: 16:43:01 []:>--------------------------------------------------------------<
Siparis.exe: 000022C0: 16:43:01 [TUniServerModule]:Server First Init.
Siparis.exe: 000022C0: 16:43:01 [TUniServerModule]:Debug Mode = ON
Siparis.exe: 000022C0: 16:43:01 [TUniServerModule]:Global Cache Folder Erased. <18> Files deleted.
Siparis.exe: 000022C0: 16:43:01 [TUniServerModule]:Starting HTTP Server on Port: 8077...
Siparis.exe: 000022C0: 16:43:01 [TUniServerModule]:HTTP Server Started on Port: 8077
Siparis.exe: 00003C8C: 16:43:09 [127.0.0.1]:EUniSessionException : Invalid session or session Timeout. (Session not found: 33m3CENOyW10A990A8F ) : Addr: $007E149E
Siparis.exe: 000022F8: 16:45:40 []:>--------------------------------------------------------------<
Siparis.exe: 000022F8: 16:45:40 [TUniServerModule]:Server First Init.
Siparis.exe: 000022F8: 16:45:40 [TUniServerModule]:Debug Mode = ON
Siparis.exe: 000022F8: 16:45:40 [TUniServerModule]:Global Cache Folder Erased. <10> Files deleted.
Siparis.exe: 000022F8: 16:45:40 [TUniServerModule]:Starting HTTP Server on Port: 8077...
Siparis.exe: 000022F8: 16:45:40 [TUniServerModule]:HTTP Server Started on Port: 8077
Siparis.exe: 00003E38: 16:45:51 [127.0.0.1]:EUniSessionException : Invalid session or session Timeout. (Session not found: DaHX8fhPlv10A990C80 ) : Addr: $007E149E
Siparis.exe: 00003FAC: 16:46:42 []:>--------------------------------------------------------------<
Siparis.exe: 00003FAC: 16:46:42 [TUniServerModule]:Server First Init.
Siparis.exe: 00003FAC: 16:46:43 [TUniServerModule]:Debug Mode = ON
Siparis.exe: 00003FAC: 16:46:43 [TUniServerModule]:Global Cache Folder Erased. <8> Files deleted.
Siparis.exe: 00003FAC: 16:46:43 [TUniServerModule]:Starting HTTP Server on Port: 8077...
Siparis.exe: 00003FAC: 16:46:43 [TUniServerModule]:HTTP Server Started on Port: 8077
Siparis.exe: 00001BC8: 16:51:08 []:>--------------------------------------------------------------<
Siparis.exe: 00001BC8: 16:51:08 [TUniServerModule]:Server First Init.
Siparis.exe: 00001BC8: 16:51:08 [TUniServerModule]:Debug Mode = ON
Siparis.exe: 00001BC8: 16:51:08 [TUniServerModule]:Global Cache Folder Erased. <17> Files deleted.
Siparis.exe: 00001BC8: 16:51:08 [TUniServerModule]:Starting HTTP Server on Port: 8077...
Siparis.exe: 00001BC8: 16:51:08 [TUniServerModule]:HTTP Server Started on Port: 8077
Siparis.exe: 000006CC: 16:51:32 [127.0.0.1]:EUniSessionException : Invalid session or session Timeout. (Session not found: 8jFZL463Zt10A990D81 ) : Addr: $007E149E
Siparis.exe: 00003284: 16:53:31 []:>--------------------------------------------------------------<
Siparis.exe: 00003284: 16:53:31 [TUniServerModule]:Server First Init.
Siparis.exe: 00003284: 16:53:31 [TUniServerModule]:Debug Mode = ON
Siparis.exe: 00003284: 16:53:31 [TUniServerModule]:Global Cache Folder Erased. <17> Files deleted.
Siparis.exe: 00003284: 16:53:31 [TUniServerModule]:Starting HTTP Server on Port: 8077...
Siparis.exe: 00003284: 16:53:31 [TUniServerModule]:HTTP Server Started on Port: 8077
Siparis.exe: 00000BC4: 16:53:54 [127.0.0.1]:EUniSessionException : Invalid session or session Timeout. (Session not found: Cni7GrwFeL10A990EC2 ) : Addr: $007E149E
Siparis.exe: 00004168: 16:55:45 []:>--------------------------------------------------------------<
Siparis.exe: 00004168: 16:55:45 [TUniServerModule]:Server First Init.
Siparis.exe: 00004168: 16:55:45 [TUniServerModule]:Debug Mode = ON
Siparis.exe: 00004168: 16:55:45 [TUniServerModule]:Global Cache Folder Erased. <17> Files deleted.
Siparis.exe: 00004168: 16:55:45 [TUniServerModule]:Starting HTTP Server on Port: 8077...
Siparis.exe: 00004168: 16:55:46 [TUniServerModule]:HTTP Server Started on Port: 8077
Siparis.exe: 00000D84: 16:55:53 [127.0.0.1]:EUniSessionException : Invalid session or session Timeout. (Session not found: RXJDsPXyCr10A990F67 ) : Addr: $007E149E
