Siparis.exe: 000028C0: 02:28:33 []:>--------------------------------------------------------------<
Siparis.exe: 000028C0: 02:28:33 [TUniServerModule]:Server First Init.
Siparis.exe: 000028C0: 02:28:33 [TUniServerModule]:Debug Mode = ON
Siparis.exe: 000028C0: 02:28:33 [TUniServerModule]:Global Cache Folder Erased. <3> Files deleted.
Siparis.exe: 000028C0: 02:28:33 [TUniServerModule]:Starting HTTP Server on Port: 8077...
Siparis.exe: 000028C0: 02:28:33 [TUniServerModule]:HTTP Server Started on Port: 8077
Siparis.exe: 00002534: 02:33:38 []:>--------------------------------------------------------------<
Siparis.exe: 00002534: 02:33:38 [TUniServerModule]:Server First Init.
Siparis.exe: 00002534: 02:33:38 [TUniServerModule]:Debug Mode = ON
Siparis.exe: 00002534: 02:33:38 [TUniServerModule]:Global Cache Folder Erased. <5> Files deleted.
Siparis.exe: 00002534: 02:33:38 [TUniServerModule]:Starting HTTP Server on Port: 8077...
Siparis.exe: 00002534: 02:33:39 [TUniServerModule]:HTTP Server Started on Port: 8077
Siparis.exe: 00000590: 02:33:49 [HandleFileRequest[127.0.0.1]]:File not found: C:\UretimSource\FibrosanSiparis\Win32\Debug\images\Egehayat_logo.png
Siparis.exe: 000029E0: 02:34:04 [127.0.0.1]:EUniSessionException : Invalid session or session Timeout. (Session not found: FO8uAzHYV710A2EDB99 ) : Addr: $0078E2DA
Siparis.exe: 00001348: 02:34:05 [HandleFileRequest[127.0.0.1]]:File not found: C:\UretimSource\FibrosanSiparis\Win32\Debug\images\Egehayat_logo.png
Siparis.exe: 00004368: 02:40:30 []:>--------------------------------------------------------------<
Siparis.exe: 00004368: 02:40:30 [TUniServerModule]:Server First Init.
Siparis.exe: 00004368: 02:40:30 [TUniServerModule]:Debug Mode = ON
Siparis.exe: 00004368: 02:40:30 [TUniServerModule]:Global Cache Folder Erased. <6> Files deleted.
Siparis.exe: 00004368: 02:40:30 [TUniServerModule]:Starting HTTP Server on Port: 8077...
Siparis.exe: 00004368: 02:40:30 [TUniServerModule]:HTTP Server Started on Port: 8077
Siparis.exe: 00003D0C: 02:40:33 [HandleFileRequest[127.0.0.1]]:File not found: C:\UretimSource\FibrosanSiparis\Win32\Debug\images\Egehayat_logo.png
