Siparis.exe: 00000D14: 00:01:02 []:>--------------------------------------------------------------<
Siparis.exe: 00000D14: 00:01:02 [TUniServerModule]:Server First Init.
Siparis.exe: 00000D14: 00:01:02 [TUniServerModule]:Debug Mode = ON
Siparis.exe: 00000D14: 00:01:02 [TUniServerModule]:Global Cache Folder Erased. <12> Files deleted.
Siparis.exe: 00000D14: 00:01:02 [TUniServerModule]:Starting HTTP Server on Port: 8077...
Siparis.exe: 00000D14: 00:01:02 [TUniServerModule]:HTTP Server Started on Port: 8077
Siparis.exe: 00001264: 00:01:10 [127.0.0.1]:EUniSessionException : Invalid session or session Timeout. (Session not found: uM4GAH2Uwa10A596C06 ) : Addr: $007E125A
Siparis.exe: 00002EB0: 00:04:56 []:>--------------------------------------------------------------<
Siparis.exe: 00002EB0: 00:04:56 [TUniServerModule]:Server First Init.
Siparis.exe: 00002EB0: 00:04:56 [TUniServerModule]:Debug Mode = ON
Siparis.exe: 00002EB0: 00:04:56 [TUniServerModule]:Global Cache Folder Erased. <11> Files deleted.
Siparis.exe: 00002EB0: 00:04:56 [TUniServerModule]:Starting HTTP Server on Port: 8077...
Siparis.exe: 00002EB0: 00:04:56 [TUniServerModule]:HTTP Server Started on Port: 8077
Siparis.exe: 00004440: 00:06:21 [127.0.0.1]:EUniSessionException : Invalid session or session Timeout. (Session not found: RcdVioyMiN10A596D0D ) : Addr: $007E125A
Siparis.exe: 000044BC: 00:08:39 []:>--------------------------------------------------------------<
Siparis.exe: 000044BC: 00:08:39 [TUniServerModule]:Server First Init.
Siparis.exe: 000044BC: 00:08:39 [TUniServerModule]:Debug Mode = ON
Siparis.exe: 000044BC: 00:08:39 [TUniServerModule]:Global Cache Folder Erased. <8> Files deleted.
Siparis.exe: 000044BC: 00:08:39 [TUniServerModule]:Starting HTTP Server on Port: 8077...
Siparis.exe: 000044BC: 00:08:39 [TUniServerModule]:HTTP Server Started on Port: 8077
Siparis.exe: 000034F0: 00:08:49 [127.0.0.1]:EUniSessionException : Invalid session or session Timeout. (Session not found: ltRQKKFAIH10A596E76 ) : Addr: $007E125A
Siparis.exe: 000034C8: 00:29:48 []:>--------------------------------------------------------------<
Siparis.exe: 000034C8: 00:29:48 [TUniServerModule]:Server First Init.
Siparis.exe: 000034C8: 00:29:48 [TUniServerModule]:Debug Mode = ON
Siparis.exe: 000034C8: 00:29:48 [TUniServerModule]:Global Cache Folder Erased. <11> Files deleted.
Siparis.exe: 000034C8: 00:29:48 [TUniServerModule]:Starting HTTP Server on Port: 8077...
Siparis.exe: 000034C8: 00:29:48 [TUniServerModule]:HTTP Server Started on Port: 8077
Siparis.exe: 00003F20: 00:30:02 [127.0.0.1]:EUniSessionException : Invalid session or session Timeout. (Session not found: SjLm9D2TRu10A596F21 ) : Addr: $007E125A
Siparis.exe: 00003E48: 00:32:38 []:>--------------------------------------------------------------<
Siparis.exe: 00003E48: 00:32:38 [TUniServerModule]:Server First Init.
Siparis.exe: 00003E48: 00:32:38 [TUniServerModule]:Debug Mode = ON
Siparis.exe: 00003E48: 00:32:38 [TUniServerModule]:Global Cache Folder Erased. <13> Files deleted.
Siparis.exe: 00003E48: 00:32:38 [TUniServerModule]:Starting HTTP Server on Port: 8077...
Siparis.exe: 00003E48: 00:32:38 [TUniServerModule]:HTTP Server Started on Port: 8077
Siparis.exe: 00002020: 00:32:53 [127.0.0.1]:EUniSessionException : Invalid session or session Timeout. (Session not found: tpqtKatdX710A5974EC ) : Addr: $007E125A
Siparis.exe: 00002CE4: 00:34:14 []:>--------------------------------------------------------------<
Siparis.exe: 00002CE4: 00:34:14 [TUniServerModule]:Server First Init.
Siparis.exe: 00002CE4: 00:34:14 [TUniServerModule]:Debug Mode = ON
Siparis.exe: 00002CE4: 00:34:14 [TUniServerModule]:Global Cache Folder Erased. <11> Files deleted.
Siparis.exe: 00002CE4: 00:34:14 [TUniServerModule]:Starting HTTP Server on Port: 8077...
Siparis.exe: 00002CE4: 00:34:14 [TUniServerModule]:HTTP Server Started on Port: 8077
Siparis.exe: 0000454C: 00:34:21 [127.0.0.1]:EUniSessionException : Invalid session or session Timeout. (Session not found: Eic5EHnP3I10A5975B4 ) : Addr: $007E125A
Siparis.exe: 00002020: 00:36:33 []:>--------------------------------------------------------------<
Siparis.exe: 00002020: 00:36:33 [TUniServerModule]:Server First Init.
Siparis.exe: 00002020: 00:36:33 [TUniServerModule]:Debug Mode = ON
Siparis.exe: 00002020: 00:36:33 [TUniServerModule]:Global Cache Folder Erased. <13> Files deleted.
Siparis.exe: 00002020: 00:36:33 [TUniServerModule]:Starting HTTP Server on Port: 8077...
Siparis.exe: 00002020: 00:36:33 [TUniServerModule]:HTTP Server Started on Port: 8077
Siparis.exe: 00001298: 00:36:41 [127.0.0.1]:EUniSessionException : Invalid session or session Timeout. (Session not found: C1pHtt7vgR10A59760F ) : Addr: $007E125A
Siparis.exe: 00002A3C: 00:37:26 []:>--------------------------------------------------------------<
Siparis.exe: 00002A3C: 00:37:26 [TUniServerModule]:Server First Init.
Siparis.exe: 00002A3C: 00:37:26 [TUniServerModule]:Debug Mode = ON
Siparis.exe: 00002A3C: 00:37:26 [TUniServerModule]:Global Cache Folder Erased. <12> Files deleted.
Siparis.exe: 00002A3C: 00:37:26 [TUniServerModule]:Starting HTTP Server on Port: 8077...
Siparis.exe: 00002A3C: 00:37:26 [TUniServerModule]:HTTP Server Started on Port: 8077
Siparis.exe: 00001F0C: 00:37:35 [127.0.0.1]:EUniSessionException : Invalid session or session Timeout. (Session not found: IsfiMLI7rE10A5976B1 ) : Addr: $007E125A
Siparis.exe: 000007A8: 00:38:16 []:>--------------------------------------------------------------<
Siparis.exe: 000007A8: 00:38:16 [TUniServerModule]:Server First Init.
Siparis.exe: 000007A8: 00:38:16 [TUniServerModule]:Debug Mode = ON
Siparis.exe: 000007A8: 00:38:16 [TUniServerModule]:Global Cache Folder Erased. <11> Files deleted.
Siparis.exe: 000007A8: 00:38:16 [TUniServerModule]:Starting HTTP Server on Port: 8077...
Siparis.exe: 000007A8: 00:38:16 [TUniServerModule]:HTTP Server Started on Port: 8077
Siparis.exe: 000035F8: 00:38:24 [127.0.0.1]:EUniSessionException : Invalid session or session Timeout. (Session not found: fKY4tKHPzV10A5976ED ) : Addr: $007E125A
Siparis.exe: 000047EC: 00:39:54 []:>--------------------------------------------------------------<
Siparis.exe: 000047EC: 00:39:54 [TUniServerModule]:Server First Init.
Siparis.exe: 000047EC: 00:39:54 [TUniServerModule]:Debug Mode = ON
Siparis.exe: 000047EC: 00:39:54 [TUniServerModule]:Global Cache Folder Erased. <11> Files deleted.
Siparis.exe: 000047EC: 00:39:54 [TUniServerModule]:Starting HTTP Server on Port: 8077...
Siparis.exe: 000047EC: 00:39:54 [TUniServerModule]:HTTP Server Started on Port: 8077
Siparis.exe: 00001568: 00:40:06 [127.0.0.1]:EUniSessionException : Invalid session or session Timeout. (Session not found: CDzyUjdFD710A597728 ) : Addr: $007E125A
Siparis.exe: 00000F90: 00:40:59 []:>--------------------------------------------------------------<
Siparis.exe: 00000F90: 00:40:59 [TUniServerModule]:Server First Init.
Siparis.exe: 00000F90: 00:40:59 [TUniServerModule]:Debug Mode = ON
Siparis.exe: 00000F90: 00:40:59 [TUniServerModule]:Global Cache Folder Erased. <11> Files deleted.
Siparis.exe: 00000F90: 00:40:59 [TUniServerModule]:Starting HTTP Server on Port: 8077...
Siparis.exe: 00000F90: 00:40:59 [TUniServerModule]:HTTP Server Started on Port: 8077
Siparis.exe: 000031B4: 00:41:08 [127.0.0.1]:EUniSessionException : Invalid session or session Timeout. (Session not found: bI2L5mFpYb10A59779E ) : Addr: $007E125A
Siparis.exe: 00001348: 00:42:03 []:>--------------------------------------------------------------<
Siparis.exe: 00001348: 00:42:03 [TUniServerModule]:Server First Init.
Siparis.exe: 00001348: 00:42:03 [TUniServerModule]:Debug Mode = ON
Siparis.exe: 00001348: 00:42:03 [TUniServerModule]:Global Cache Folder Erased. <11> Files deleted.
Siparis.exe: 00001348: 00:42:03 [TUniServerModule]:Starting HTTP Server on Port: 8077...
Siparis.exe: 00001348: 00:42:03 [TUniServerModule]:HTTP Server Started on Port: 8077
Siparis.exe: 00003B48: 00:42:10 [127.0.0.1]:EUniSessionException : Invalid session or session Timeout. (Session not found: XfUqegfv4w10A5977E5 ) : Addr: $007E125A
Siparis.exe: 00003D70: 01:10:57 []:>--------------------------------------------------------------<
Siparis.exe: 00003D70: 01:10:57 [TUniServerModule]:Server First Init.
Siparis.exe: 00003D70: 01:10:57 [TUniServerModule]:Debug Mode = ON
Siparis.exe: 00003D70: 01:10:57 [TUniServerModule]:Global Cache Folder Erased. <11> Files deleted.
Siparis.exe: 00003D70: 01:10:57 [TUniServerModule]:Starting HTTP Server on Port: 8077...
Siparis.exe: 00003D70: 01:10:57 [TUniServerModule]:HTTP Server Started on Port: 8077
Siparis.exe: 00003058: 01:11:09 [127.0.0.1]:EUniSessionException : Invalid session or session Timeout. (Session not found: PL8J1ONwbT10A59782E ) : Addr: $007E125A
Siparis.exe: 000026A8: 01:19:10 []:>--------------------------------------------------------------<
Siparis.exe: 000026A8: 01:19:10 [TUniServerModule]:Server First Init.
Siparis.exe: 000026A8: 01:19:10 [TUniServerModule]:Debug Mode = ON
Siparis.exe: 000026A8: 01:19:10 [TUniServerModule]:Global Cache Folder Erased. <13> Files deleted.
Siparis.exe: 000026A8: 01:19:11 [TUniServerModule]:Starting HTTP Server on Port: 8077...
Siparis.exe: 000026A8: 01:19:11 [TUniServerModule]:HTTP Server Started on Port: 8077
Siparis.exe: 00002F9C: 01:19:21 [127.0.0.1]:EUniSessionException : Invalid session or session Timeout. (Session not found: WwymM3Pbtg10A598005 ) : Addr: $007E125A
Siparis.exe: 00004510: 01:20:04 []:>--------------------------------------------------------------<
Siparis.exe: 00004510: 01:20:04 [TUniServerModule]:Server First Init.
Siparis.exe: 00004510: 01:20:04 [TUniServerModule]:Debug Mode = ON
Siparis.exe: 00004510: 01:20:04 [TUniServerModule]:Global Cache Folder Erased. <9> Files deleted.
Siparis.exe: 00004510: 01:20:04 [TUniServerModule]:Starting HTTP Server on Port: 8077...
Siparis.exe: 00004510: 01:20:04 [TUniServerModule]:HTTP Server Started on Port: 8077
Siparis.exe: 000030DC: 01:20:11 [127.0.0.1]:EUniSessionException : Invalid session or session Timeout. (Session not found: T7KGUbAicW10A598240 ) : Addr: $007E125A
Siparis.exe: 0000474C: 01:21:27 []:>--------------------------------------------------------------<
Siparis.exe: 0000474C: 01:21:27 [TUniServerModule]:Server First Init.
Siparis.exe: 0000474C: 01:21:27 [TUniServerModule]:Debug Mode = ON
Siparis.exe: 0000474C: 01:21:27 [TUniServerModule]:Global Cache Folder Erased. <11> Files deleted.
Siparis.exe: 0000474C: 01:21:27 [TUniServerModule]:Starting HTTP Server on Port: 8077...
Siparis.exe: 0000474C: 01:21:27 [TUniServerModule]:HTTP Server Started on Port: 8077
Siparis.exe: 00002F80: 01:21:34 [127.0.0.1]:EUniSessionException : Invalid session or session Timeout. (Session not found: aEZvQj5XM410A59827D ) : Addr: $007E125A
Siparis.exe: 0000038C: 01:22:19 []:>--------------------------------------------------------------<
Siparis.exe: 0000038C: 01:22:19 [TUniServerModule]:Server First Init.
Siparis.exe: 0000038C: 01:22:19 [TUniServerModule]:Debug Mode = ON
Siparis.exe: 0000038C: 01:22:19 [TUniServerModule]:Global Cache Folder Erased. <10> Files deleted.
Siparis.exe: 0000038C: 01:22:19 [TUniServerModule]:Starting HTTP Server on Port: 8077...
Siparis.exe: 0000038C: 01:22:19 [TUniServerModule]:HTTP Server Started on Port: 8077
Siparis.exe: 000020C0: 01:22:25 [127.0.0.1]:EUniSessionException : Invalid session or session Timeout. (Session not found: 2QaLweT7uX10A5982DD ) : Addr: $007E125A
Siparis.exe: 00004078: 01:23:12 []:>--------------------------------------------------------------<
Siparis.exe: 00004078: 01:23:12 [TUniServerModule]:Server First Init.
Siparis.exe: 00004078: 01:23:12 [TUniServerModule]:Debug Mode = ON
Siparis.exe: 00004078: 01:23:12 [TUniServerModule]:Global Cache Folder Erased. <10> Files deleted.
Siparis.exe: 00004078: 01:23:12 [TUniServerModule]:Starting HTTP Server on Port: 8077...
Siparis.exe: 00004078: 01:23:12 [TUniServerModule]:HTTP Server Started on Port: 8077
Siparis.exe: 00001364: 01:23:20 [127.0.0.1]:EUniSessionException : Invalid session or session Timeout. (Session not found: 3hoxfqRvJy10A598319 ) : Addr: $007E125A
Siparis.exe: 00002C64: 01:24:58 []:>--------------------------------------------------------------<
Siparis.exe: 00002C64: 01:24:58 [TUniServerModule]:Server First Init.
Siparis.exe: 00002C64: 01:24:58 [TUniServerModule]:Debug Mode = ON
Siparis.exe: 00002C64: 01:24:58 [TUniServerModule]:Global Cache Folder Erased. <10> Files deleted.
Siparis.exe: 00002C64: 01:24:58 [TUniServerModule]:Starting HTTP Server on Port: 8077...
Siparis.exe: 00002C64: 01:24:58 [TUniServerModule]:HTTP Server Started on Port: 8077
Siparis.exe: 000030B4: 01:25:08 [127.0.0.1]:EUniSessionException : Invalid session or session Timeout. (Session not found: 6dwXjU2YWe10A598358 ) : Addr: $007E125A
Siparis.exe: 000006E0: 01:26:01 []:>--------------------------------------------------------------<
Siparis.exe: 000006E0: 01:26:01 [TUniServerModule]:Server First Init.
Siparis.exe: 000006E0: 01:26:01 [TUniServerModule]:Debug Mode = ON
Siparis.exe: 000006E0: 01:26:01 [TUniServerModule]:Global Cache Folder Erased. <11> Files deleted.
Siparis.exe: 000006E0: 01:26:01 [TUniServerModule]:Starting HTTP Server on Port: 8077...
Siparis.exe: 000006E0: 01:26:01 [TUniServerModule]:HTTP Server Started on Port: 8077
Siparis.exe: 00001A2C: 01:26:09 [127.0.0.1]:EUniSessionException : Invalid session or session Timeout. (Session not found: X7zr7CTIqg10A5983D1 ) : Addr: $007E125A
Siparis.exe: 00000494: 01:27:38 []:>--------------------------------------------------------------<
Siparis.exe: 00000494: 01:27:38 [TUniServerModule]:Server First Init.
Siparis.exe: 00000494: 01:27:38 [TUniServerModule]:Debug Mode = ON
Siparis.exe: 00000494: 01:27:38 [TUniServerModule]:Global Cache Folder Erased. <10> Files deleted.
Siparis.exe: 00000494: 01:27:38 [TUniServerModule]:Starting HTTP Server on Port: 8077...
Siparis.exe: 00000494: 01:27:38 [TUniServerModule]:HTTP Server Started on Port: 8077
Siparis.exe: 000044B8: 01:27:45 [127.0.0.1]:EUniSessionException : Invalid session or session Timeout. (Session not found: tHdm1DYGji10A59841C ) : Addr: $007E125A
Siparis.exe: 00004028: 01:29:14 []:>--------------------------------------------------------------<
Siparis.exe: 00004028: 01:29:14 [TUniServerModule]:Server First Init.
Siparis.exe: 00004028: 01:29:14 [TUniServerModule]:Debug Mode = ON
Siparis.exe: 00004028: 01:29:14 [TUniServerModule]:Global Cache Folder Erased. <10> Files deleted.
Siparis.exe: 00004028: 01:29:14 [TUniServerModule]:Starting HTTP Server on Port: 8077...
Siparis.exe: 00004028: 01:29:14 [TUniServerModule]:HTTP Server Started on Port: 8077
Siparis.exe: 00003F34: 01:29:20 [127.0.0.1]:EUniSessionException : Invalid session or session Timeout. (Session not found: 5Fw9Gwj9bl10A59848A ) : Addr: $007E125A
Siparis.exe: 00003980: 01:31:51 []:>--------------------------------------------------------------<
Siparis.exe: 00003980: 01:31:51 [TUniServerModule]:Server First Init.
Siparis.exe: 00003980: 01:31:51 [TUniServerModule]:Debug Mode = ON
Siparis.exe: 00003980: 01:31:51 [TUniServerModule]:Global Cache Folder Erased. <10> Files deleted.
Siparis.exe: 00003980: 01:31:51 [TUniServerModule]:Starting HTTP Server on Port: 8077...
Siparis.exe: 00003980: 01:31:51 [TUniServerModule]:HTTP Server Started on Port: 8077
Siparis.exe: 000001D0: 01:31:57 [127.0.0.1]:EUniSessionException : Invalid session or session Timeout. (Session not found: XoiqKoczDr10A5984F9 ) : Addr: $007E125A
Siparis.exe: 000038C0: 01:32:51 []:>--------------------------------------------------------------<
Siparis.exe: 000038C0: 01:32:51 [TUniServerModule]:Server First Init.
Siparis.exe: 000038C0: 01:32:51 [TUniServerModule]:Debug Mode = ON
Siparis.exe: 000038C0: 01:32:51 [TUniServerModule]:Global Cache Folder Erased. <10> Files deleted.
Siparis.exe: 000038C0: 01:32:51 [TUniServerModule]:Starting HTTP Server on Port: 8077...
Siparis.exe: 000038C0: 01:32:51 [TUniServerModule]:HTTP Server Started on Port: 8077
Siparis.exe: 00001F24: 01:32:56 [127.0.0.1]:EUniSessionException : Invalid session or session Timeout. (Session not found: x2DZmrZ7l810A5985AD ) : Addr: $007E125A
Siparis.exe: 00001FA4: 01:34:14 []:>--------------------------------------------------------------<
Siparis.exe: 00001FA4: 01:34:14 [TUniServerModule]:Server First Init.
Siparis.exe: 00001FA4: 01:34:14 [TUniServerModule]:Debug Mode = ON
Siparis.exe: 00001FA4: 01:34:14 [TUniServerModule]:Global Cache Folder Erased. <10> Files deleted.
Siparis.exe: 00001FA4: 01:34:14 [TUniServerModule]:Starting HTTP Server on Port: 8077...
Siparis.exe: 00001FA4: 01:34:14 [TUniServerModule]:HTTP Server Started on Port: 8077
Siparis.exe: 00003514: 01:34:20 [127.0.0.1]:EUniSessionException : Invalid session or session Timeout. (Session not found: OsRhREbYII10A5985F2 ) : Addr: $007E125A
Siparis.exe: 00001584: 01:34:59 []:>--------------------------------------------------------------<
Siparis.exe: 00001584: 01:34:59 [TUniServerModule]:Server First Init.
Siparis.exe: 00001584: 01:34:59 [TUniServerModule]:Debug Mode = ON
Siparis.exe: 00001584: 01:34:59 [TUniServerModule]:Global Cache Folder Erased. <10> Files deleted.
Siparis.exe: 00001584: 01:34:59 [TUniServerModule]:Starting HTTP Server on Port: 8077...
Siparis.exe: 00001584: 01:34:59 [TUniServerModule]:HTTP Server Started on Port: 8077
Siparis.exe: 00001D2C: 01:35:05 [127.0.0.1]:EUniSessionException : Invalid session or session Timeout. (Session not found: zKJqQ52rwm10A598655 ) : Addr: $007E125A
Siparis.exe: 00004600: 01:36:06 []:>--------------------------------------------------------------<
Siparis.exe: 00004600: 01:36:06 [TUniServerModule]:Server First Init.
Siparis.exe: 00004600: 01:36:06 [TUniServerModule]:Debug Mode = ON
Siparis.exe: 00004600: 01:36:06 [TUniServerModule]:Global Cache Folder Erased. <10> Files deleted.
Siparis.exe: 00004600: 01:36:06 [TUniServerModule]:Starting HTTP Server on Port: 8077...
Siparis.exe: 00004600: 01:36:06 [TUniServerModule]:HTTP Server Started on Port: 8077
Siparis.exe: 000018EC: 01:36:11 [127.0.0.1]:EUniSessionException : Invalid session or session Timeout. (Session not found: GgXx7QRtra10A598686 ) : Addr: $007E125A
Siparis.exe: 000039E4: 01:36:52 []:>--------------------------------------------------------------<
Siparis.exe: 000039E4: 01:36:52 [TUniServerModule]:Server First Init.
Siparis.exe: 000039E4: 01:36:52 [TUniServerModule]:Debug Mode = ON
Siparis.exe: 000039E4: 01:36:52 [TUniServerModule]:Global Cache Folder Erased. <10> Files deleted.
Siparis.exe: 000039E4: 01:36:52 [TUniServerModule]:Starting HTTP Server on Port: 8077...
Siparis.exe: 000039E4: 01:36:52 [TUniServerModule]:HTTP Server Started on Port: 8077
Siparis.exe: 00003DEC: 01:36:57 [127.0.0.1]:EUniSessionException : Invalid session or session Timeout. (Session not found: 4eFcFcIuzZ10A5986D3 ) : Addr: $007E125A
Siparis.exe: 00001E04: 01:37:48 []:>--------------------------------------------------------------<
Siparis.exe: 00001E04: 01:37:48 [TUniServerModule]:Server First Init.
Siparis.exe: 00001E04: 01:37:48 [TUniServerModule]:Debug Mode = ON
Siparis.exe: 00001E04: 01:37:48 [TUniServerModule]:Global Cache Folder Erased. <10> Files deleted.
Siparis.exe: 00001E04: 01:37:48 [TUniServerModule]:Starting HTTP Server on Port: 8077...
Siparis.exe: 00001E04: 01:37:48 [TUniServerModule]:HTTP Server Started on Port: 8077
Siparis.exe: 00001DE8: 01:37:54 [127.0.0.1]:EUniSessionException : Invalid session or session Timeout. (Session not found: E25yO5j99b10A598707 ) : Addr: $007E125A
Siparis.exe: 00003934: 01:53:16 []:>--------------------------------------------------------------<
Siparis.exe: 00003934: 01:53:16 [TUniServerModule]:Server First Init.
Siparis.exe: 00003934: 01:53:16 [TUniServerModule]:Debug Mode = ON
Siparis.exe: 00003934: 01:53:16 [TUniServerModule]:Global Cache Folder Erased. <10> Files deleted.
Siparis.exe: 00003934: 01:53:16 [TUniServerModule]:Starting HTTP Server on Port: 8077...
Siparis.exe: 00003934: 01:53:16 [TUniServerModule]:HTTP Server Started on Port: 8077
Siparis.exe: 00002AD0: 01:57:14 []:>--------------------------------------------------------------<
Siparis.exe: 00002AD0: 01:57:14 [TUniServerModule]:Server First Init.
Siparis.exe: 00002AD0: 01:57:14 [TUniServerModule]:Debug Mode = ON
Siparis.exe: 00002AD0: 01:57:14 [TUniServerModule]:Global Cache Folder Erased. <11> Files deleted.
Siparis.exe: 00002AD0: 01:57:14 [TUniServerModule]:Starting HTTP Server on Port: 8077...
Siparis.exe: 00002AD0: 01:57:14 [TUniServerModule]:HTTP Server Started on Port: 8077
Siparis.exe: 0000378C: 01:57:20 [127.0.0.1]:EUniSessionException : Invalid session or session Timeout. (Session not found: nFRoujfdMI10A598B7E ) : Addr: $007E125A
Siparis.exe: 00002E8C: 01:59:05 []:>--------------------------------------------------------------<
Siparis.exe: 00002E8C: 01:59:06 [TUniServerModule]:Server First Init.
Siparis.exe: 00002E8C: 01:59:06 [TUniServerModule]:Debug Mode = ON
Siparis.exe: 00002E8C: 01:59:06 [TUniServerModule]:Global Cache Folder Erased. <10> Files deleted.
Siparis.exe: 00002E8C: 01:59:06 [TUniServerModule]:Starting HTTP Server on Port: 8077...
Siparis.exe: 00002E8C: 01:59:06 [TUniServerModule]:HTTP Server Started on Port: 8077
Siparis.exe: 00004068: 01:59:14 [127.0.0.1]:EUniSessionException : Invalid session or session Timeout. (Session not found: Evl1wmcHAv10A598C92 ) : Addr: $007E125A
Siparis.exe: 0000342C: 02:00:47 []:>--------------------------------------------------------------<
Siparis.exe: 0000342C: 02:00:47 [TUniServerModule]:Server First Init.
Siparis.exe: 0000342C: 02:00:47 [TUniServerModule]:Debug Mode = ON
Siparis.exe: 0000342C: 02:00:47 [TUniServerModule]:Global Cache Folder Erased. <12> Files deleted.
Siparis.exe: 0000342C: 02:00:47 [TUniServerModule]:Starting HTTP Server on Port: 8077...
Siparis.exe: 0000342C: 02:00:47 [TUniServerModule]:HTTP Server Started on Port: 8077
Siparis.exe: 00000B7C: 02:00:55 [127.0.0.1]:EUniSessionException : Invalid session or session Timeout. (Session not found: Jr59g9rL8C10A598D15 ) : Addr: $007E125A
Siparis.exe: 00002F54: 02:01:41 []:>--------------------------------------------------------------<
Siparis.exe: 00002F54: 02:01:41 [TUniServerModule]:Server First Init.
Siparis.exe: 00002F54: 02:01:41 [TUniServerModule]:Debug Mode = ON
Siparis.exe: 00002F54: 02:01:41 [TUniServerModule]:Global Cache Folder Erased. <11> Files deleted.
Siparis.exe: 00002F54: 02:01:41 [TUniServerModule]:Starting HTTP Server on Port: 8077...
Siparis.exe: 00002F54: 02:01:41 [TUniServerModule]:HTTP Server Started on Port: 8077
Siparis.exe: 00001DC4: 02:01:50 [127.0.0.1]:EUniSessionException : Invalid session or session Timeout. (Session not found: HHYNKHMvRU10A598D8A ) : Addr: $007E125A
Siparis.exe: 00001E8C: 02:14:30 []:>--------------------------------------------------------------<
Siparis.exe: 00001E8C: 02:14:30 [TUniServerModule]:Server First Init.
Siparis.exe: 00001E8C: 02:14:30 [TUniServerModule]:Debug Mode = ON
Siparis.exe: 00001E8C: 02:14:30 [TUniServerModule]:Global Cache Folder Erased. <12> Files deleted.
Siparis.exe: 00001E8C: 02:14:30 [TUniServerModule]:Starting HTTP Server on Port: 8077...
Siparis.exe: 00001E8C: 02:14:30 [TUniServerModule]:HTTP Server Started on Port: 8077
Siparis.exe: 000031DC: 02:14:33 [127.0.0.1]:EUniSessionException : Invalid session or session Timeout. (Session not found: fWdXOrkEXC10A598DCA ) : Addr: $007E125A
Siparis.exe: 00002C40: 02:16:08 []:>--------------------------------------------------------------<
Siparis.exe: 00002C40: 02:16:08 [TUniServerModule]:Server First Init.
Siparis.exe: 00002C40: 02:16:08 [TUniServerModule]:Debug Mode = ON
Siparis.exe: 00002C40: 02:16:08 [TUniServerModule]:Global Cache Folder Erased. <12> Files deleted.
Siparis.exe: 00002C40: 02:16:08 [TUniServerModule]:Starting HTTP Server on Port: 8077...
Siparis.exe: 00002C40: 02:16:08 [TUniServerModule]:HTTP Server Started on Port: 8077
Siparis.exe: 00004730: 02:16:15 [127.0.0.1]:EUniSessionException : Invalid session or session Timeout. (Session not found: kISuroAp6B10A59913D ) : Addr: $007E125A
Siparis.exe: 00000540: 02:19:16 []:>--------------------------------------------------------------<
Siparis.exe: 00000540: 02:19:16 [TUniServerModule]:Server First Init.
Siparis.exe: 00000540: 02:19:16 [TUniServerModule]:Debug Mode = ON
Siparis.exe: 00000540: 02:19:16 [TUniServerModule]:Global Cache Folder Erased. <13> Files deleted.
Siparis.exe: 00000540: 02:19:16 [TUniServerModule]:Starting HTTP Server on Port: 8077...
Siparis.exe: 00000540: 02:19:16 [TUniServerModule]:HTTP Server Started on Port: 8077
Siparis.exe: 0000394C: 02:19:28 [127.0.0.1]:EUniSessionException : Invalid session or session Timeout. (Session not found: jlnJCoieLr10A5991B3 ) : Addr: $007E125A
Siparis.exe: 00002CAC: 02:23:08 []:>--------------------------------------------------------------<
Siparis.exe: 00002CAC: 02:23:08 [TUniServerModule]:Server First Init.
Siparis.exe: 00002CAC: 02:23:08 [TUniServerModule]:Debug Mode = ON
Siparis.exe: 00002CAC: 02:23:08 [TUniServerModule]:Global Cache Folder Erased. <15> Files deleted.
Siparis.exe: 00002CAC: 02:23:08 [TUniServerModule]:Starting HTTP Server on Port: 8077...
Siparis.exe: 00002CAC: 02:23:08 [TUniServerModule]:HTTP Server Started on Port: 8077
Siparis.exe: 00000928: 02:23:18 [127.0.0.1]:EUniSessionException : Invalid session or session Timeout. (Session not found: iBEVn8b8Ln10A59929D ) : Addr: $007E125A
Siparis.exe: 00004118: 02:29:27 []:>--------------------------------------------------------------<
Siparis.exe: 00004118: 02:29:27 [TUniServerModule]:Server First Init.
Siparis.exe: 00004118: 02:29:27 [TUniServerModule]:Debug Mode = ON
Siparis.exe: 00004118: 02:29:27 [TUniServerModule]:Global Cache Folder Erased. <14> Files deleted.
Siparis.exe: 00004118: 02:29:27 [TUniServerModule]:Starting HTTP Server on Port: 8077...
Siparis.exe: 00004118: 02:29:27 [TUniServerModule]:HTTP Server Started on Port: 8077
Siparis.exe: 00003E3C: 02:29:37 [127.0.0.1]:EUniSessionException : Invalid session or session Timeout. (Session not found: ZtblK6aUYr10A599399 ) : Addr: $007E125A
Siparis.exe: 00003524: 02:30:39 []:>--------------------------------------------------------------<
Siparis.exe: 00003524: 02:30:39 [TUniServerModule]:Server First Init.
Siparis.exe: 00003524: 02:30:39 [TUniServerModule]:Debug Mode = ON
Siparis.exe: 00003524: 02:30:39 [TUniServerModule]:Global Cache Folder Erased. <16> Files deleted.
Siparis.exe: 00003524: 02:30:39 [TUniServerModule]:Starting HTTP Server on Port: 8077...
Siparis.exe: 00003524: 02:30:39 [TUniServerModule]:HTTP Server Started on Port: 8077
Siparis.exe: 00003DB8: 02:30:47 [127.0.0.1]:EUniSessionException : Invalid session or session Timeout. (Session not found: 4fk1f2aWCS10A59955E ) : Addr: $007E125A
Siparis.exe: 0000086C: 02:32:24 []:>--------------------------------------------------------------<
Siparis.exe: 0000086C: 02:32:24 [TUniServerModule]:Server First Init.
Siparis.exe: 0000086C: 02:32:24 [TUniServerModule]:Debug Mode = ON
Siparis.exe: 0000086C: 02:32:24 [TUniServerModule]:Global Cache Folder Erased. <13> Files deleted.
Siparis.exe: 0000086C: 02:32:24 [TUniServerModule]:Starting HTTP Server on Port: 8077...
Siparis.exe: 0000086C: 02:32:24 [TUniServerModule]:HTTP Server Started on Port: 8077
Siparis.exe: 00003894: 02:32:32 [127.0.0.1]:EUniSessionException : Invalid session or session Timeout. (Session not found: TuhjLA4oAR10A5995AD ) : Addr: $007E125A
Siparis.exe: 00000F80: 02:35:36 []:>--------------------------------------------------------------<
Siparis.exe: 00000F80: 02:35:36 [TUniServerModule]:Server First Init.
Siparis.exe: 00000F80: 02:35:36 [TUniServerModule]:Debug Mode = ON
Siparis.exe: 00000F80: 02:35:36 [TUniServerModule]:Global Cache Folder Erased. <18> Files deleted.
Siparis.exe: 00000F80: 02:35:36 [TUniServerModule]:Starting HTTP Server on Port: 8077...
Siparis.exe: 00000F80: 02:35:36 [TUniServerModule]:HTTP Server Started on Port: 8077
Siparis.exe: 000010E8: 02:35:46 [127.0.0.1]:EUniSessionException : Invalid session or session Timeout. (Session not found: 39WeU6hGoy10A599643 ) : Addr: $007E125A
Siparis.exe: 00004680: 02:38:28 []:>--------------------------------------------------------------<
Siparis.exe: 00004680: 02:38:29 [TUniServerModule]:Server First Init.
Siparis.exe: 00004680: 02:38:29 [TUniServerModule]:Debug Mode = ON
Siparis.exe: 00004680: 02:38:29 [TUniServerModule]:Global Cache Folder Erased. <13> Files deleted.
Siparis.exe: 00004680: 02:38:29 [TUniServerModule]:Starting HTTP Server on Port: 8077...
Siparis.exe: 00004680: 02:38:29 [TUniServerModule]:HTTP Server Started on Port: 8077
Siparis.exe: 00003DD8: 02:38:36 [127.0.0.1]:EUniSessionException : Invalid session or session Timeout. (Session not found: 8iGrTWQUoV10A5996FF ) : Addr: $007E125A
Siparis.exe: 00002034: 02:39:23 []:>--------------------------------------------------------------<
Siparis.exe: 00002034: 02:39:23 [TUniServerModule]:Server First Init.
Siparis.exe: 00002034: 02:39:23 [TUniServerModule]:Debug Mode = ON
Siparis.exe: 00002034: 02:39:23 [TUniServerModule]:Global Cache Folder Erased. <11> Files deleted.
Siparis.exe: 00002034: 02:39:23 [TUniServerModule]:Starting HTTP Server on Port: 8077...
Siparis.exe: 00002034: 02:39:23 [TUniServerModule]:HTTP Server Started on Port: 8077
Siparis.exe: 00003BE8: 02:39:36 [127.0.0.1]:EUniSessionException : Invalid session or session Timeout. (Session not found: 3SsFPGMSGA10A5997C4 ) : Addr: $007E125A
Siparis.exe: 00000BE4: 02:44:31 []:>--------------------------------------------------------------<
Siparis.exe: 00000BE4: 02:44:31 [TUniServerModule]:Server First Init.
Siparis.exe: 00000BE4: 02:44:31 [TUniServerModule]:Debug Mode = ON
Siparis.exe: 00000BE4: 02:44:32 [TUniServerModule]:Global Cache Folder Erased. <13> Files deleted.
Siparis.exe: 00000BE4: 02:44:32 [TUniServerModule]:Starting HTTP Server on Port: 8077...
Siparis.exe: 00000BE4: 02:44:32 [TUniServerModule]:HTTP Server Started on Port: 8077
Siparis.exe: 000047C8: 02:44:46 [127.0.0.1]:EUniSessionException : Invalid session or session Timeout. (Session not found: JGpaUZHwzz10A599805 ) : Addr: $007E125A
Siparis.exe: 00000750: 02:49:07 []:>--------------------------------------------------------------<
Siparis.exe: 00000750: 02:49:07 [TUniServerModule]:Server First Init.
Siparis.exe: 00000750: 02:49:07 [TUniServerModule]:Debug Mode = ON
Siparis.exe: 00000750: 02:49:07 [TUniServerModule]:Global Cache Folder Erased. <12> Files deleted.
Siparis.exe: 00000750: 02:49:07 [TUniServerModule]:Starting HTTP Server on Port: 8077...
Siparis.exe: 00000750: 02:49:07 [TUniServerModule]:HTTP Server Started on Port: 8077
Siparis.exe: 00004758: 02:49:17 [127.0.0.1]:EUniSessionException : Invalid session or session Timeout. (Session not found: 5P3mdmlOej10A59996F ) : Addr: $007E125A
Siparis.exe: 00002094: 03:02:24 []:>--------------------------------------------------------------<
Siparis.exe: 00002094: 03:02:24 [TUniServerModule]:Server First Init.
Siparis.exe: 00002094: 03:02:24 [TUniServerModule]:Debug Mode = ON
Siparis.exe: 00002094: 03:02:24 [TUniServerModule]:Global Cache Folder Erased. <11> Files deleted.
Siparis.exe: 00002094: 03:02:24 [TUniServerModule]:Starting HTTP Server on Port: 8077...
Siparis.exe: 00002094: 03:02:24 [TUniServerModule]:HTTP Server Started on Port: 8077
Siparis.exe: 00002220: 03:02:33 [127.0.0.1]:EUniSessionException : Invalid session or session Timeout. (Session not found: MHhRmI82lA10A599AA8 ) : Addr: $007E125A
Siparis.exe: 00000FE4: 03:04:03 []:>--------------------------------------------------------------<
Siparis.exe: 00000FE4: 03:04:03 [TUniServerModule]:Server First Init.
Siparis.exe: 00000FE4: 03:04:03 [TUniServerModule]:Debug Mode = ON
Siparis.exe: 00000FE4: 03:04:03 [TUniServerModule]:Global Cache Folder Erased. <11> Files deleted.
Siparis.exe: 00000FE4: 03:04:03 [TUniServerModule]:Starting HTTP Server on Port: 8077...
Siparis.exe: 00000FE4: 03:04:03 [TUniServerModule]:HTTP Server Started on Port: 8077
Siparis.exe: 00003FD0: 03:04:14 [127.0.0.1]:EUniSessionException : Invalid session or session Timeout. (Session not found: XjZwjjSubh10A599E42 ) : Addr: $007E125A
Siparis.exe: 00000D68: 03:05:48 []:>--------------------------------------------------------------<
Siparis.exe: 00000D68: 03:05:48 [TUniServerModule]:Server First Init.
Siparis.exe: 00000D68: 03:05:48 [TUniServerModule]:Debug Mode = ON
Siparis.exe: 00000D68: 03:05:48 [TUniServerModule]:Global Cache Folder Erased. <11> Files deleted.
Siparis.exe: 00000D68: 03:05:48 [TUniServerModule]:Starting HTTP Server on Port: 8077...
Siparis.exe: 00000D68: 03:05:48 [TUniServerModule]:HTTP Server Started on Port: 8077
Siparis.exe: 00002C10: 03:05:56 [127.0.0.1]:EUniSessionException : Invalid session or session Timeout. (Session not found: UROaTMqjpP10A599EB7 ) : Addr: $007E125A
Siparis.exe: 00001F60: 03:06:52 []:>--------------------------------------------------------------<
Siparis.exe: 00001F60: 03:06:52 [TUniServerModule]:Server First Init.
Siparis.exe: 00001F60: 03:06:52 [TUniServerModule]:Debug Mode = ON
Siparis.exe: 00001F60: 03:06:52 [TUniServerModule]:Global Cache Folder Erased. <11> Files deleted.
Siparis.exe: 00001F60: 03:06:52 [TUniServerModule]:Starting HTTP Server on Port: 8077...
Siparis.exe: 00001F60: 03:06:52 [TUniServerModule]:HTTP Server Started on Port: 8077
Siparis.exe: 000010EC: 03:06:57 [127.0.0.1]:EUniSessionException : Invalid session or session Timeout. (Session not found: NFVGGt66DF10A599F2E ) : Addr: $007E125A
Siparis.exe: 00003E4C: 03:08:54 []:>--------------------------------------------------------------<
Siparis.exe: 00003E4C: 03:08:54 [TUniServerModule]:Server First Init.
Siparis.exe: 00003E4C: 03:08:54 [TUniServerModule]:Debug Mode = ON
Siparis.exe: 00003E4C: 03:08:54 [TUniServerModule]:Global Cache Folder Erased. <11> Files deleted.
Siparis.exe: 00003E4C: 03:08:54 [TUniServerModule]:Starting HTTP Server on Port: 8077...
Siparis.exe: 00003E4C: 03:08:54 [TUniServerModule]:HTTP Server Started on Port: 8077
Siparis.exe: 00000BF8: 03:10:18 []:>--------------------------------------------------------------<
Siparis.exe: 00000BF8: 03:10:18 [TUniServerModule]:Server First Init.
Siparis.exe: 00000BF8: 03:10:18 [TUniServerModule]:Debug Mode = ON
Siparis.exe: 00000BF8: 03:10:18 [TUniServerModule]:Global Cache Folder Erased. <11> Files deleted.
Siparis.exe: 00000BF8: 03:10:18 [TUniServerModule]:Starting HTTP Server on Port: 8077...
Siparis.exe: 00000BF8: 03:10:18 [TUniServerModule]:HTTP Server Started on Port: 8077
Siparis.exe: 000012AC: 03:10:26 [127.0.0.1]:EUniSessionException : Invalid session or session Timeout. (Session not found: sh4zNrDSYU10A59A005 ) : Addr: $007E125A
Siparis.exe: 00000DA4: 03:12:10 []:>--------------------------------------------------------------<
Siparis.exe: 00000DA4: 03:12:10 [TUniServerModule]:Server First Init.
Siparis.exe: 00000DA4: 03:12:10 [TUniServerModule]:Debug Mode = ON
Siparis.exe: 00000DA4: 03:12:10 [TUniServerModule]:Global Cache Folder Erased. <11> Files deleted.
Siparis.exe: 00000DA4: 03:12:10 [TUniServerModule]:Starting HTTP Server on Port: 8077...
Siparis.exe: 00000DA4: 03:12:10 [TUniServerModule]:HTTP Server Started on Port: 8077
Siparis.exe: 00000DA0: 03:12:23 [127.0.0.1]:EUniSessionException : Invalid session or session Timeout. (Session not found: j2adPHTpuw10A59A065 ) : Addr: $007E125A
Siparis.exe: 00001364: 10:32:47 []:>--------------------------------------------------------------<
Siparis.exe: 00001364: 10:32:47 [TUniServerModule]:Server First Init.
Siparis.exe: 00001364: 10:32:47 [TUniServerModule]:Debug Mode = ON
Siparis.exe: 00001364: 10:32:47 [TUniServerModule]:Global Cache Folder Erased. <14> Files deleted.
Siparis.exe: 00001364: 10:32:47 [TUniServerModule]:Starting HTTP Server on Port: 8077...
Siparis.exe: 00001364: 10:32:47 [TUniServerModule]:HTTP Server Started on Port: 8077
Siparis.exe: 00001B24: 10:34:26 []:>--------------------------------------------------------------<
Siparis.exe: 00001B24: 10:34:26 [TUniServerModule]:Server First Init.
Siparis.exe: 00001B24: 10:34:26 [TUniServerModule]:Debug Mode = ON
Siparis.exe: 00001B24: 10:34:26 [TUniServerModule]:Global Cache Folder Erased. <11> Files deleted.
Siparis.exe: 00001B24: 10:34:26 [TUniServerModule]:Starting HTTP Server on Port: 8077...
Siparis.exe: 00001B24: 10:34:26 [TUniServerModule]:HTTP Server Started on Port: 8077
Siparis.exe: 0000313C: 10:34:29 [127.0.0.1]:EUniSessionException : Invalid session or session Timeout. (Session not found: fVhxMaoCFT10A5A1871 ) : Addr: $007E125A
Siparis.exe: 00001600: 10:34:58 []:>--------------------------------------------------------------<
Siparis.exe: 00001600: 10:34:58 [TUniServerModule]:Server First Init.
Siparis.exe: 00001600: 10:34:58 [TUniServerModule]:Debug Mode = ON
Siparis.exe: 00001600: 10:34:58 [TUniServerModule]:Global Cache Folder Erased. <10> Files deleted.
Siparis.exe: 00001600: 10:34:58 [TUniServerModule]:Starting HTTP Server on Port: 8077...
Siparis.exe: 00001600: 10:34:58 [TUniServerModule]:HTTP Server Started on Port: 8077
Siparis.exe: 000011A0: 10:35:23 [127.0.0.1]:EUniSessionException : Invalid session or session Timeout. (Session not found: dtjQ4YcU5t10A5A18DB ) : Addr: $007E125A
Siparis.exe: 000008EC: 10:42:10 []:>--------------------------------------------------------------<
Siparis.exe: 000008EC: 10:42:10 [TUniServerModule]:Server First Init.
Siparis.exe: 000008EC: 10:42:10 [TUniServerModule]:Debug Mode = ON
Siparis.exe: 000008EC: 10:42:10 [TUniServerModule]:Global Cache Folder Erased. <11> Files deleted.
Siparis.exe: 000008EC: 10:42:10 [TUniServerModule]:Starting HTTP Server on Port: 8077...
Siparis.exe: 000008EC: 10:42:10 [TUniServerModule]:HTTP Server Started on Port: 8077
Siparis.exe: 00000504: 10:42:13 [127.0.0.1]:EUniSessionException : Invalid session or session Timeout. (Session not found: CoWkrtAIgm10A5A190D ) : Addr: $007E125A
Siparis.exe: 000047F0: 11:46:26 []:>--------------------------------------------------------------<
Siparis.exe: 000047F0: 11:46:26 [TUniServerModule]:Server First Init.
Siparis.exe: 000047F0: 11:46:26 [TUniServerModule]:Debug Mode = ON
Siparis.exe: 000047F0: 11:46:26 [TUniServerModule]:Global Cache Folder Erased. <12> Files deleted.
Siparis.exe: 000047F0: 11:46:26 [TUniServerModule]:Starting HTTP Server on Port: 8077...
Siparis.exe: 000047F0: 11:46:26 [TUniServerModule]:HTTP Server Started on Port: 8077
Siparis.exe: 00000808: 11:50:23 []:>--------------------------------------------------------------<
Siparis.exe: 00000808: 11:50:23 [TUniServerModule]:Server First Init.
Siparis.exe: 00000808: 11:50:23 [TUniServerModule]:Debug Mode = ON
Siparis.exe: 00000808: 11:50:23 [TUniServerModule]:Global Cache Folder Erased. <12> Files deleted.
Siparis.exe: 00000808: 11:50:23 [TUniServerModule]:Starting HTTP Server on Port: 8077...
Siparis.exe: 00000808: 11:50:23 [TUniServerModule]:HTTP Server Started on Port: 8077
Siparis.exe: 00002154: 11:50:28 [127.0.0.1]:EUniSessionException : Invalid session or session Timeout. (Session not found: jOWeVQ8WvR10A5A2C6E ) : Addr: $007E125A
Siparis.exe: 00003218: 11:51:49 []:>--------------------------------------------------------------<
Siparis.exe: 00003218: 11:51:49 [TUniServerModule]:Server First Init.
Siparis.exe: 00003218: 11:51:49 [TUniServerModule]:Debug Mode = ON
Siparis.exe: 00003218: 11:51:49 [TUniServerModule]:Global Cache Folder Erased. <11> Files deleted.
Siparis.exe: 00003218: 11:51:49 [TUniServerModule]:Starting HTTP Server on Port: 8077...
Siparis.exe: 00003218: 11:51:49 [TUniServerModule]:HTTP Server Started on Port: 8077
Siparis.exe: 000047E8: 11:51:54 [127.0.0.1]:EUniSessionException : Invalid session or session Timeout. (Session not found: IK1kjsIkCe10A5A2D7B ) : Addr: $007E125A
Siparis.exe: 00002538: 11:53:27 []:>--------------------------------------------------------------<
Siparis.exe: 00002538: 11:53:27 [TUniServerModule]:Server First Init.
Siparis.exe: 00002538: 11:53:27 [TUniServerModule]:Debug Mode = ON
Siparis.exe: 00002538: 11:53:27 [TUniServerModule]:Global Cache Folder Erased. <11> Files deleted.
Siparis.exe: 00002538: 11:53:27 [TUniServerModule]:Starting HTTP Server on Port: 8077...
Siparis.exe: 00002538: 11:53:27 [TUniServerModule]:HTTP Server Started on Port: 8077
Siparis.exe: 00002A44: 11:53:32 [127.0.0.1]:EUniSessionException : Invalid session or session Timeout. (Session not found: sszsi9xAG110A5A2DDF ) : Addr: $007E125A
Siparis.exe: 00001A40: 11:59:53 []:>--------------------------------------------------------------<
Siparis.exe: 00001A40: 11:59:53 [TUniServerModule]:Server First Init.
Siparis.exe: 00001A40: 11:59:53 [TUniServerModule]:Debug Mode = ON
Siparis.exe: 00001A40: 11:59:53 [TUniServerModule]:Global Cache Folder Erased. <14> Files deleted.
Siparis.exe: 00001A40: 11:59:53 [TUniServerModule]:Starting HTTP Server on Port: 8077...
Siparis.exe: 00001A40: 11:59:53 [TUniServerModule]:HTTP Server Started on Port: 8077
Siparis.exe: 00004278: 12:00:05 [127.0.0.1]:EUniSessionException : Invalid session or session Timeout. (Session not found: ESMKvzHIaA10A5A2E53 ) : Addr: $007E125A
Siparis.exe: 00000F60: 12:02:07 []:>--------------------------------------------------------------<
Siparis.exe: 00000F60: 12:02:07 [TUniServerModule]:Server First Init.
Siparis.exe: 00000F60: 12:02:07 [TUniServerModule]:Debug Mode = ON
Siparis.exe: 00000F60: 12:02:07 [TUniServerModule]:Global Cache Folder Erased. <14> Files deleted.
Siparis.exe: 00000F60: 12:02:07 [TUniServerModule]:Starting HTTP Server on Port: 8077...
Siparis.exe: 00000F60: 12:02:07 [TUniServerModule]:HTTP Server Started on Port: 8077
Siparis.exe: 00001264: 12:03:38 [127.0.0.1]:EUniSessionException : Invalid session or session Timeout. (Session not found: HiqpETIHdz10A5A300D ) : Addr: $007E125A
Siparis.exe: 00000740: 12:03:39 [127.0.0.1]:EUniSessionException : Invalid session or session Timeout. (Session not found: HiqpETIHdz10A5A300D ) : Addr: $007E125A
Siparis.exe: 0000473C: 12:03:42 [127.0.0.1]:EUniSessionException : Invalid session or session Timeout. (Session not found: HiqpETIHdz10A5A300D ) : Addr: $007E125A
Siparis.exe: 0000351C: 12:12:05 []:>--------------------------------------------------------------<
Siparis.exe: 0000351C: 12:12:05 [TUniServerModule]:Server First Init.
Siparis.exe: 0000351C: 12:12:05 [TUniServerModule]:Debug Mode = ON
Siparis.exe: 0000351C: 12:12:05 [TUniServerModule]:Global Cache Folder Erased. <11> Files deleted.
Siparis.exe: 0000351C: 12:12:05 [TUniServerModule]:Starting HTTP Server on Port: 8077...
Siparis.exe: 0000351C: 12:12:05 [TUniServerModule]:HTTP Server Started on Port: 8077
Siparis.exe: 00000B48: 12:12:53 [127.0.0.1]:EUniSessionException : Invalid session or session Timeout. (Session not found: krwslh55Ko10A5A3115 ) : Addr: $007E125A
Siparis.exe: 00004638: 12:14:14 []:>--------------------------------------------------------------<
Siparis.exe: 00004638: 12:14:14 [TUniServerModule]:Server First Init.
Siparis.exe: 00004638: 12:14:14 [TUniServerModule]:Debug Mode = ON
Siparis.exe: 00004638: 12:14:14 [TUniServerModule]:Global Cache Folder Erased. <11> Files deleted.
Siparis.exe: 00004638: 12:14:14 [TUniServerModule]:Starting HTTP Server on Port: 8077...
Siparis.exe: 00004638: 12:14:14 [TUniServerModule]:HTTP Server Started on Port: 8077
Siparis.exe: 00003124: 12:14:19 [127.0.0.1]:EUniSessionException : Invalid session or session Timeout. (Session not found: yUxaiWt2vx10A5A338B ) : Addr: $007E125A
Siparis.exe: 00002100: 12:15:03 []:>--------------------------------------------------------------<
Siparis.exe: 00002100: 12:15:03 [TUniServerModule]:Server First Init.
Siparis.exe: 00002100: 12:15:03 [TUniServerModule]:Debug Mode = ON
Siparis.exe: 00002100: 12:15:03 [TUniServerModule]:Global Cache Folder Erased. <10> Files deleted.
Siparis.exe: 00002100: 12:15:03 [TUniServerModule]:Starting HTTP Server on Port: 8077...
Siparis.exe: 00002100: 12:15:03 [TUniServerModule]:HTTP Server Started on Port: 8077
Siparis.exe: 0000163C: 12:15:05 [127.0.0.1]:EUniSessionException : Invalid session or session Timeout. (Session not found: Fcuga1dSPt10A5A33F3 ) : Addr: $007E125A
Siparis.exe: 000004E4: 12:20:20 []:>--------------------------------------------------------------<
Siparis.exe: 000004E4: 12:20:20 [TUniServerModule]:Server First Init.
Siparis.exe: 000004E4: 12:20:20 [TUniServerModule]:Debug Mode = ON
Siparis.exe: 000004E4: 12:20:20 [TUniServerModule]:Global Cache Folder Erased. <11> Files deleted.
Siparis.exe: 000004E4: 12:20:20 [TUniServerModule]:Starting HTTP Server on Port: 8077...
Siparis.exe: 000004E4: 12:20:20 [TUniServerModule]:HTTP Server Started on Port: 8077
Siparis.exe: 00000BCC: 12:20:41 [127.0.0.1]:EUniSessionException : Invalid session or session Timeout. (Session not found: sooyHtrhFj10A5A3428 ) : Addr: $007E12AE
Siparis.exe: 00000D68: 12:23:36 []:>--------------------------------------------------------------<
Siparis.exe: 00000D68: 12:23:36 [TUniServerModule]:Server First Init.
Siparis.exe: 00000D68: 12:23:36 [TUniServerModule]:Debug Mode = ON
Siparis.exe: 00000D68: 12:23:36 [TUniServerModule]:Global Cache Folder Erased. <13> Files deleted.
Siparis.exe: 00000D68: 12:23:36 [TUniServerModule]:Starting HTTP Server on Port: 8077...
Siparis.exe: 00000D68: 12:23:36 [TUniServerModule]:HTTP Server Started on Port: 8077
Siparis.exe: 0000108C: 12:24:17 [127.0.0.1]:EUniSessionException : Invalid session or session Timeout. (Session not found: JuAQFOKWQ810A5A35CD ) : Addr: $007E125A
