Siparis.exe: 00000FC0: 00:00:21 []:>--------------------------------------------------------------<
Siparis.exe: 00000FC0: 00:00:21 [TUniServerModule]:Server First Init.
Siparis.exe: 00000FC0: 00:00:21 [TUniServerModule]:Debug Mode = ON
Siparis.exe: 00000FC0: 00:00:21 [TUniServerModule]:Starting HTTP Server on Port: 8077...
Siparis.exe: 00000FC0: 00:00:21 [TUniServerModule]:HTTP Server Started on Port: 8077
Siparis.exe: 00001910: 00:04:55 []:>--------------------------------------------------------------<
Siparis.exe: 00001910: 00:04:55 [TUniServerModule]:Server First Init.
Siparis.exe: 00001910: 00:04:55 [TUniServerModule]:Debug Mode = ON
Siparis.exe: 00001910: 00:04:55 [TUniServerModule]:Global Cache Folder Erased. <2> Files deleted.
Siparis.exe: 00001910: 00:04:55 [TUniServerModule]:Starting HTTP Server on Port: 8077...
Siparis.exe: 00001910: 00:04:55 [TUniServerModule]:HTTP Server Started on Port: 8077
Siparis.exe: 00004608: 00:09:11 []:>--------------------------------------------------------------<
Siparis.exe: 00004608: 00:09:11 [TUniServerModule]:Server First Init.
Siparis.exe: 00004608: 00:09:11 [TUniServerModule]:Debug Mode = ON
Siparis.exe: 00004608: 00:09:11 [TUniServerModule]:Global Cache Folder Erased. <2> Files deleted.
Siparis.exe: 00004608: 00:09:11 [TUniServerModule]:Starting HTTP Server on Port: 8077...
Siparis.exe: 00004608: 00:09:11 [TUniServerModule]:HTTP Server Started on Port: 8077
Siparis.exe: 00000EB8: 00:09:40 []:>--------------------------------------------------------------<
Siparis.exe: 00000EB8: 00:09:40 [TUniServerModule]:Server First Init.
Siparis.exe: 00000EB8: 00:09:40 [TUniServerModule]:Debug Mode = ON
Siparis.exe: 00000EB8: 00:09:40 [TUniServerModule]:Global Cache Folder Erased. <2> Files deleted.
Siparis.exe: 00000EB8: 00:09:40 [TUniServerModule]:Starting HTTP Server on Port: 8077...
Siparis.exe: 00000EB8: 00:09:40 [TUniServerModule]:HTTP Server Started on Port: 8077
Siparis.exe: 00001114: 00:10:50 []:>--------------------------------------------------------------<
Siparis.exe: 00001114: 00:10:50 [TUniServerModule]:Server First Init.
Siparis.exe: 00001114: 00:10:50 [TUniServerModule]:Debug Mode = ON
Siparis.exe: 00001114: 00:10:50 [TUniServerModule]:Global Cache Folder Erased. <4> Files deleted.
Siparis.exe: 00001114: 00:10:50 [TUniServerModule]:Starting HTTP Server on Port: 8077...
Siparis.exe: 00001114: 00:10:50 [TUniServerModule]:HTTP Server Started on Port: 8077
Siparis.exe: 00000AC8: 00:12:03 []:>--------------------------------------------------------------<
Siparis.exe: 00000AC8: 00:12:03 [TUniServerModule]:Server First Init.
Siparis.exe: 00000AC8: 00:12:03 [TUniServerModule]:Debug Mode = ON
Siparis.exe: 00000AC8: 00:12:03 [TUniServerModule]:Global Cache Folder Erased. <3> Files deleted.
Siparis.exe: 00000AC8: 00:12:03 [TUniServerModule]:Starting HTTP Server on Port: 8077...
Siparis.exe: 00000AC8: 00:12:03 [TUniServerModule]:HTTP Server Started on Port: 8077
Siparis.exe: 00001F04: 00:12:06 [127.0.0.1]:EUniSessionException : Invalid session or session Timeout. (Session not found: 2e6UGqMUqH10A228139 ) : Addr: $0078C382
