Siparis.exe: 000042EC: 00:01:04 []:>--------------------------------------------------------------<
Siparis.exe: 000042EC: 00:01:04 [TUniServerModule]:Server First Init.
Siparis.exe: 000042EC: 00:01:04 [TUniServerModule]:Debug Mode = ON
Siparis.exe: 000042EC: 00:01:04 [TUniServerModule]:Global Cache Folder Erased. <11> Files deleted.
Siparis.exe: 000042EC: 00:01:04 [TUniServerModule]:Starting HTTP Server on Port: 8077...
Siparis.exe: 000042EC: 00:01:04 [TUniServerModule]:HTTP Server Started on Port: 8077
Siparis.exe: 00002B84: 00:01:07 [127.0.0.1]:EUniSessionException : Invalid session or session Timeout. (Session not found: HjyJdD8X7S10A54D465 ) : Addr: $007E125A
Siparis.exe: 00002CEC: 00:03:11 [127.0.0.1]:EUniError : Incorrect syntax near the keyword 'and'. : Addr: $00A13C60
Siparis.exe: 000015CC: 01:42:47 []:>--------------------------------------------------------------<
Siparis.exe: 000015CC: 01:42:47 [TUniServerModule]:Server First Init.
Siparis.exe: 000015CC: 01:42:47 [TUniServerModule]:Debug Mode = ON
Siparis.exe: 000015CC: 01:42:47 [TUniServerModule]:Global Cache Folder Erased. <17> Files deleted.
Siparis.exe: 000015CC: 01:42:47 [TUniServerModule]:Starting HTTP Server on Port: 8077...
Siparis.exe: 000015CC: 01:42:47 [TUniServerModule]:HTTP Server Started on Port: 8077
Siparis.exe: 00003AA0: 01:42:53 [127.0.0.1]:EUniSessionException : Invalid session or session Timeout. (Session not found: nbjnX74Fkj10A54DC70 ) : Addr: $007E125A
Siparis.exe: 00002E14: 01:46:47 []:>--------------------------------------------------------------<
Siparis.exe: 00002E14: 01:46:47 [TUniServerModule]:Server First Init.
Siparis.exe: 00002E14: 01:46:47 [TUniServerModule]:Debug Mode = ON
Siparis.exe: 00002E14: 01:46:47 [TUniServerModule]:Global Cache Folder Erased. <11> Files deleted.
Siparis.exe: 00002E14: 01:46:47 [TUniServerModule]:Starting HTTP Server on Port: 8077...
Siparis.exe: 00002E14: 01:46:47 [TUniServerModule]:HTTP Server Started on Port: 8077
Siparis.exe: 0000325C: 01:48:54 []:>--------------------------------------------------------------<
Siparis.exe: 0000325C: 01:48:54 [TUniServerModule]:Server First Init.
Siparis.exe: 0000325C: 01:48:54 [TUniServerModule]:Debug Mode = ON
Siparis.exe: 0000325C: 01:48:54 [TUniServerModule]:Global Cache Folder Erased. <1> Files deleted.
Siparis.exe: 0000325C: 01:48:54 [TUniServerModule]:Starting HTTP Server on Port: 8077...
Siparis.exe: 0000325C: 01:48:54 [TUniServerModule]:HTTP Server Started on Port: 8077
Siparis.exe: 00003540: 01:49:06 [127.0.0.1]:EUniSessionException : Invalid session or session Timeout. (Session not found: vKB1zojL7510A54F4CA ) : Addr: $007E125A
Siparis.exe: 00003E74: 01:51:12 []:>--------------------------------------------------------------<
Siparis.exe: 00003E74: 01:51:12 [TUniServerModule]:Server First Init.
Siparis.exe: 00003E74: 01:51:12 [TUniServerModule]:Debug Mode = ON
Siparis.exe: 00003E74: 01:51:13 [TUniServerModule]:Global Cache Folder Erased. <11> Files deleted.
Siparis.exe: 00003E74: 01:51:13 [TUniServerModule]:Starting HTTP Server on Port: 8077...
Siparis.exe: 00003E74: 01:51:13 [TUniServerModule]:HTTP Server Started on Port: 8077
Siparis.exe: 00004364: 01:51:24 [127.0.0.1]:EUniSessionException : Invalid session or session Timeout. (Session not found: fZ5jbPQRdO10A54F678 ) : Addr: $007E125A
Siparis.exe: 000020C4: 01:52:14 []:>--------------------------------------------------------------<
Siparis.exe: 000020C4: 01:52:14 [TUniServerModule]:Server First Init.
Siparis.exe: 000020C4: 01:52:14 [TUniServerModule]:Debug Mode = ON
Siparis.exe: 000020C4: 01:52:14 [TUniServerModule]:Global Cache Folder Erased. <11> Files deleted.
Siparis.exe: 000020C4: 01:52:14 [TUniServerModule]:Starting HTTP Server on Port: 8077...
Siparis.exe: 000020C4: 01:52:14 [TUniServerModule]:HTTP Server Started on Port: 8077
Siparis.exe: 00003C50: 01:52:24 [127.0.0.1]:EUniSessionException : Invalid session or session Timeout. (Session not found: 9UkqXmtRBU10A54F713 ) : Addr: $007E125A
Siparis.exe: 00000404: 01:53:08 []:>--------------------------------------------------------------<
Siparis.exe: 00000404: 01:53:08 [TUniServerModule]:Server First Init.
Siparis.exe: 00000404: 01:53:08 [TUniServerModule]:Debug Mode = ON
Siparis.exe: 00000404: 01:53:08 [TUniServerModule]:Global Cache Folder Erased. <11> Files deleted.
Siparis.exe: 00000404: 01:53:08 [TUniServerModule]:Starting HTTP Server on Port: 8077...
Siparis.exe: 00000404: 01:53:08 [TUniServerModule]:HTTP Server Started on Port: 8077
Siparis.exe: 000012BC: 01:53:20 [127.0.0.1]:EUniSessionException : Invalid session or session Timeout. (Session not found: vMYPxlgZ6n10A54F75A ) : Addr: $007E125A
Siparis.exe: 00003D98: 01:56:18 []:>--------------------------------------------------------------<
Siparis.exe: 00003D98: 01:56:18 [TUniServerModule]:Server First Init.
Siparis.exe: 00003D98: 01:56:18 [TUniServerModule]:Debug Mode = ON
Siparis.exe: 00003D98: 01:56:18 [TUniServerModule]:Global Cache Folder Erased. <14> Files deleted.
Siparis.exe: 00003D98: 01:56:18 [TUniServerModule]:Starting HTTP Server on Port: 8077...
Siparis.exe: 00003D98: 01:56:18 [TUniServerModule]:HTTP Server Started on Port: 8077
