Siparis.exe: 0000205C: 00:02:11 []:>--------------------------------------------------------------<
Siparis.exe: 0000205C: 00:02:11 [TUniServerModule]:Server First Init.
Siparis.exe: 0000205C: 00:02:11 [TUniServerModule]:Debug Mode = ON
Siparis.exe: 0000205C: 00:02:11 [TUniServerModule]:Global Cache Folder Erased. <14> Files deleted.
Siparis.exe: 0000205C: 00:02:11 [TUniServerModule]:Starting HTTP Server on Port: 8077...
Siparis.exe: 0000205C: 00:02:11 [TUniServerModule]:HTTP Server Started on Port: 8077
Siparis.exe: 00001DC8: 00:02:18 [127.0.0.1]:EUniSessionException : Invalid session or session Timeout. (Session not found: E49VMsLXp210A610DC9 ) : Addr: $007E149E
Siparis.exe: 00003274: 00:06:14 []:>--------------------------------------------------------------<
Siparis.exe: 00003274: 00:06:14 [TUniServerModule]:Server First Init.
Siparis.exe: 00003274: 00:06:14 [TUniServerModule]:Debug Mode = ON
Siparis.exe: 00003274: 00:06:14 [TUniServerModule]:Global Cache Folder Erased. <14> Files deleted.
Siparis.exe: 00003274: 00:06:14 [TUniServerModule]:Starting HTTP Server on Port: 8077...
Siparis.exe: 00003274: 00:06:14 [TUniServerModule]:HTTP Server Started on Port: 8077
Siparis.exe: 00002EF8: 00:06:24 [127.0.0.1]:EUniSessionException : Invalid session or session Timeout. (Session not found: MrxVEUoTwo10A610E7D ) : Addr: $007E149E
Siparis.exe: 00003E48: 00:08:22 []:>--------------------------------------------------------------<
Siparis.exe: 00003E48: 00:08:22 [TUniServerModule]:Server First Init.
Siparis.exe: 00003E48: 00:08:22 [TUniServerModule]:Debug Mode = ON
Siparis.exe: 00003E48: 00:08:22 [TUniServerModule]:Global Cache Folder Erased. <17> Files deleted.
Siparis.exe: 00003E48: 00:08:22 [TUniServerModule]:Starting HTTP Server on Port: 8077...
Siparis.exe: 00003E48: 00:08:22 [TUniServerModule]:HTTP Server Started on Port: 8077
Siparis.exe: 000036AC: 00:08:29 [127.0.0.1]:EUniSessionException : Invalid session or session Timeout. (Session not found: 6pkUn9NOUJ10A610FAB ) : Addr: $007E149E
Siparis.exe: 00003B94: 00:09:37 []:>--------------------------------------------------------------<
Siparis.exe: 00003B94: 00:09:37 [TUniServerModule]:Server First Init.
Siparis.exe: 00003B94: 00:09:37 [TUniServerModule]:Debug Mode = ON
Siparis.exe: 00003B94: 00:09:37 [TUniServerModule]:Global Cache Folder Erased. <14> Files deleted.
Siparis.exe: 00003B94: 00:09:37 [TUniServerModule]:Starting HTTP Server on Port: 8077...
Siparis.exe: 00003B94: 00:09:37 [TUniServerModule]:HTTP Server Started on Port: 8077
Siparis.exe: 00000264: 00:09:45 [127.0.0.1]:EUniSessionException : Invalid session or session Timeout. (Session not found: XvWVTLfetE10A61102B ) : Addr: $007E149E
Siparis.exe: 0000169C: 00:10:29 []:>--------------------------------------------------------------<
Siparis.exe: 0000169C: 00:10:29 [TUniServerModule]:Server First Init.
Siparis.exe: 0000169C: 00:10:29 [TUniServerModule]:Debug Mode = ON
Siparis.exe: 0000169C: 00:10:29 [TUniServerModule]:Global Cache Folder Erased. <17> Files deleted.
Siparis.exe: 0000169C: 00:10:29 [TUniServerModule]:Starting HTTP Server on Port: 8077...
Siparis.exe: 0000169C: 00:10:29 [TUniServerModule]:HTTP Server Started on Port: 8077
Siparis.exe: 000039BC: 00:10:45 [127.0.0.1]:EUniSessionException : Invalid session or session Timeout. (Session not found: bzwuqWYXSM10A611089 ) : Addr: $007E149E
Siparis.exe: 00000108: 00:13:46 []:>--------------------------------------------------------------<
Siparis.exe: 00000108: 00:13:46 [TUniServerModule]:Server First Init.
Siparis.exe: 00000108: 00:13:46 [TUniServerModule]:Debug Mode = ON
Siparis.exe: 00000108: 00:13:46 [TUniServerModule]:Global Cache Folder Erased. <15> Files deleted.
Siparis.exe: 00000108: 00:13:46 [TUniServerModule]:Starting HTTP Server on Port: 8077...
Siparis.exe: 00000108: 00:13:46 [TUniServerModule]:HTTP Server Started on Port: 8077
Siparis.exe: 000006C4: 00:13:56 [127.0.0.1]:EUniSessionException : Invalid session or session Timeout. (Session not found: obhdLdZXWw10A6110C8 ) : Addr: $007E149E
Siparis.exe: 000003C0: 00:17:07 []:>--------------------------------------------------------------<
Siparis.exe: 000003C0: 00:17:07 [TUniServerModule]:Server First Init.
Siparis.exe: 000003C0: 00:17:07 [TUniServerModule]:Debug Mode = ON
Siparis.exe: 000003C0: 00:17:07 [TUniServerModule]:Global Cache Folder Erased. <16> Files deleted.
Siparis.exe: 000003C0: 00:17:07 [TUniServerModule]:Starting HTTP Server on Port: 8077...
Siparis.exe: 000003C0: 00:17:07 [TUniServerModule]:HTTP Server Started on Port: 8077
Siparis.exe: 00003970: 00:18:21 []:>--------------------------------------------------------------<
Siparis.exe: 00003970: 00:18:21 [TUniServerModule]:Server First Init.
Siparis.exe: 00003970: 00:18:21 [TUniServerModule]:Debug Mode = ON
Siparis.exe: 00003970: 00:18:21 [TUniServerModule]:Global Cache Folder Erased. <11> Files deleted.
Siparis.exe: 00003970: 00:18:22 [TUniServerModule]:Starting HTTP Server on Port: 8077...
Siparis.exe: 00003970: 00:18:22 [TUniServerModule]:HTTP Server Started on Port: 8077
Siparis.exe: 000036E8: 00:18:29 [127.0.0.1]:EUniSessionException : Invalid session or session Timeout. (Session not found: gjXbdESUCX10A611286 ) : Addr: $007E149E
Siparis.exe: 000042C8: 00:19:37 []:>--------------------------------------------------------------<
Siparis.exe: 000042C8: 00:19:37 [TUniServerModule]:Server First Init.
Siparis.exe: 000042C8: 00:19:37 [TUniServerModule]:Debug Mode = ON
Siparis.exe: 000042C8: 00:19:37 [TUniServerModule]:Global Cache Folder Erased. <12> Files deleted.
Siparis.exe: 000042C8: 00:19:37 [TUniServerModule]:Starting HTTP Server on Port: 8077...
Siparis.exe: 000042C8: 00:19:37 [TUniServerModule]:HTTP Server Started on Port: 8077
Siparis.exe: 000026DC: 00:19:45 [127.0.0.1]:EUniSessionException : Invalid session or session Timeout. (Session not found: 59ZknAgKx210A6112E1 ) : Addr: $007E149E
Siparis.exe: 00002E74: 00:23:38 []:>--------------------------------------------------------------<
Siparis.exe: 00002E74: 00:23:38 [TUniServerModule]:Server First Init.
Siparis.exe: 00002E74: 00:23:38 [TUniServerModule]:Debug Mode = ON
Siparis.exe: 00002E74: 00:23:38 [TUniServerModule]:Global Cache Folder Erased. <18> Files deleted.
Siparis.exe: 00002E74: 00:23:38 [TUniServerModule]:Starting HTTP Server on Port: 8077...
Siparis.exe: 00002E74: 00:23:38 [TUniServerModule]:HTTP Server Started on Port: 8077
Siparis.exe: 000037A4: 00:23:48 [127.0.0.1]:EUniSessionException : Invalid session or session Timeout. (Session not found: XUCgCra59k10A61133A ) : Addr: $007E149E
Siparis.exe: 00000678: 00:29:21 []:>--------------------------------------------------------------<
Siparis.exe: 00000678: 00:29:21 [TUniServerModule]:Server First Init.
Siparis.exe: 00000678: 00:29:21 [TUniServerModule]:Debug Mode = ON
Siparis.exe: 00000678: 00:29:21 [TUniServerModule]:Global Cache Folder Erased. <23> Files deleted.
Siparis.exe: 00000678: 00:29:21 [TUniServerModule]:Starting HTTP Server on Port: 8077...
Siparis.exe: 00000678: 00:29:21 [TUniServerModule]:HTTP Server Started on Port: 8077
Siparis.exe: 000006B0: 00:31:47 []:>--------------------------------------------------------------<
Siparis.exe: 000006B0: 00:31:47 [TUniServerModule]:Server First Init.
Siparis.exe: 000006B0: 00:31:47 [TUniServerModule]:Debug Mode = ON
Siparis.exe: 000006B0: 00:31:47 [TUniServerModule]:Global Cache Folder Erased. <19> Files deleted.
Siparis.exe: 000006B0: 00:31:47 [TUniServerModule]:Starting HTTP Server on Port: 8077...
Siparis.exe: 000006B0: 00:31:47 [TUniServerModule]:HTTP Server Started on Port: 8077
Siparis.exe: 00003D10: 00:31:50 [192.168.1.103]:EUniSessionException : Invalid session or session Timeout. (Session not found: tmrvvRyT3610A6115DC ) : Addr: $007E149E
Siparis.exe: 00000780: 00:46:45 []:>--------------------------------------------------------------<
Siparis.exe: 00000780: 00:46:45 [TUniServerModule]:Server First Init.
Siparis.exe: 00000780: 00:46:45 [TUniServerModule]:Debug Mode = ON
Siparis.exe: 00000780: 00:46:45 [TUniServerModule]:Global Cache Folder Erased. <23> Files deleted.
Siparis.exe: 00000780: 00:46:45 [TUniServerModule]:Starting HTTP Server on Port: 8077...
Siparis.exe: 00000780: 00:46:45 [TUniServerModule]:HTTP Server Started on Port: 8077
Siparis.exe: 000037A4: 00:46:55 [127.0.0.1]:EUniSessionException : Invalid session or session Timeout. (Session not found: pDslndjEsn10A61144E ) : Addr: $007E149E
Siparis.exe: 00002ED8: 00:52:57 []:>--------------------------------------------------------------<
Siparis.exe: 00002ED8: 00:52:57 [TUniServerModule]:Server First Init.
Siparis.exe: 00002ED8: 00:52:57 [TUniServerModule]:Debug Mode = ON
Siparis.exe: 00002ED8: 00:52:57 [TUniServerModule]:Global Cache Folder Erased. <17> Files deleted.
Siparis.exe: 00002ED8: 00:52:57 [TUniServerModule]:Starting HTTP Server on Port: 8077...
Siparis.exe: 00002ED8: 00:52:57 [TUniServerModule]:HTTP Server Started on Port: 8077
Siparis.exe: 00003914: 00:53:05 [127.0.0.1]:EUniSessionException : Invalid session or session Timeout. (Session not found: sFA3iLKmne10A611A9B ) : Addr: $007E149E
Siparis.exe: 00002D1C: 00:58:26 []:>--------------------------------------------------------------<
Siparis.exe: 00002D1C: 00:58:26 [TUniServerModule]:Server First Init.
Siparis.exe: 00002D1C: 00:58:26 [TUniServerModule]:Debug Mode = ON
Siparis.exe: 00002D1C: 00:58:26 [TUniServerModule]:Global Cache Folder Erased. <19> Files deleted.
Siparis.exe: 00002D1C: 00:58:26 [TUniServerModule]:Starting HTTP Server on Port: 8077...
Siparis.exe: 00002D1C: 00:58:26 [TUniServerModule]:HTTP Server Started on Port: 8077
Siparis.exe: 00003F78: 00:58:29 [127.0.0.1]:EUniSessionException : Invalid session or session Timeout. (Session not found: UF7ieIfWvF10A611C43 ) : Addr: $007E149E
Siparis.exe: 00003518: 01:04:27 []:>--------------------------------------------------------------<
Siparis.exe: 00003518: 01:04:27 [TUniServerModule]:Server First Init.
Siparis.exe: 00003518: 01:04:27 [TUniServerModule]:Debug Mode = ON
Siparis.exe: 00003518: 01:04:27 [TUniServerModule]:Global Cache Folder Erased. <21> Files deleted.
Siparis.exe: 00003518: 01:04:27 [TUniServerModule]:Starting HTTP Server on Port: 8077...
Siparis.exe: 00003518: 01:04:27 [TUniServerModule]:HTTP Server Started on Port: 8077
Siparis.exe: 00003EE0: 01:07:34 []:>--------------------------------------------------------------<
Siparis.exe: 00003EE0: 01:07:34 [TUniServerModule]:Server First Init.
Siparis.exe: 00003EE0: 01:07:34 [TUniServerModule]:Debug Mode = ON
Siparis.exe: 00003EE0: 01:07:34 [TUniServerModule]:Global Cache Folder Erased. <1> Files deleted.
Siparis.exe: 00003EE0: 01:07:34 [TUniServerModule]:Starting HTTP Server on Port: 8077...
Siparis.exe: 00003EE0: 01:07:34 [TUniServerModule]:HTTP Server Started on Port: 8077
Siparis.exe: 00003FF0: 01:07:40 [127.0.0.1]:EUniSessionException : Invalid session or session Timeout. (Session not found: Pmqzloei8M10A611DBE ) : Addr: $007E149E
Siparis.exe: 00003584: 01:11:14 []:>--------------------------------------------------------------<
Siparis.exe: 00003584: 01:11:14 [TUniServerModule]:Server First Init.
Siparis.exe: 00003584: 01:11:14 [TUniServerModule]:Debug Mode = ON
Siparis.exe: 00003584: 01:11:14 [TUniServerModule]:Global Cache Folder Erased. <15> Files deleted.
Siparis.exe: 00003584: 01:11:14 [TUniServerModule]:Starting HTTP Server on Port: 8077...
Siparis.exe: 00003584: 01:11:14 [TUniServerModule]:HTTP Server Started on Port: 8077
Siparis.exe: 0000069C: 01:11:17 [127.0.0.1]:EUniSessionException : Invalid session or session Timeout. (Session not found: hmnTOPwM6r10A612039 ) : Addr: $007E149E
Siparis.exe: 00003428: 01:12:40 [127.0.0.1]:EUniError : Incorrect syntax near the keyword 'WHERE'. : Addr: $00A0DA3C
Siparis.exe: 00003C14: 01:14:03 []:>--------------------------------------------------------------<
Siparis.exe: 00003C14: 01:14:03 [TUniServerModule]:Server First Init.
Siparis.exe: 00003C14: 01:14:03 [TUniServerModule]:Debug Mode = ON
Siparis.exe: 00003C14: 01:14:03 [TUniServerModule]:Global Cache Folder Erased. <14> Files deleted.
Siparis.exe: 00003C14: 01:14:03 [TUniServerModule]:Starting HTTP Server on Port: 8077...
Siparis.exe: 00003C14: 01:14:03 [TUniServerModule]:HTTP Server Started on Port: 8077
Siparis.exe: 00003FD4: 01:14:08 [127.0.0.1]:EUniSessionException : Invalid session or session Timeout. (Session not found: X5RXXMvXcM10A612133 ) : Addr: $007E149E
Siparis.exe: 000013E0: 11:03:54 []:>--------------------------------------------------------------<
Siparis.exe: 000013E0: 11:03:54 [TUniServerModule]:Server First Init.
Siparis.exe: 000013E0: 11:03:54 [TUniServerModule]:Debug Mode = ON
Siparis.exe: 000013E0: 11:03:54 [TUniServerModule]:Global Cache Folder Erased. <14> Files deleted.
Siparis.exe: 000013E0: 11:03:54 [TUniServerModule]:Starting HTTP Server on Port: 8077...
Siparis.exe: 000013E0: 11:03:54 [TUniServerModule]:HTTP Server Started on Port: 8077
Siparis.exe: 000005E4: 11:39:02 []:>--------------------------------------------------------------<
Siparis.exe: 000005E4: 11:39:02 [TUniServerModule]:Server First Init.
Siparis.exe: 000005E4: 11:39:02 [TUniServerModule]:Debug Mode = ON
Siparis.exe: 000005E4: 11:39:02 [TUniServerModule]:Global Cache Folder Erased. <14> Files deleted.
Siparis.exe: 000005E4: 11:39:02 [TUniServerModule]:Starting HTTP Server on Port: 8077...
Siparis.exe: 000005E4: 11:39:05 [InitWebServer]:EIdCouldNotBindSocket : Could not bind socket. : Addr: $007108DF
Siparis.exe: 00000DC0: 11:39:19 []:>--------------------------------------------------------------<
Siparis.exe: 00000DC0: 11:39:19 [TUniServerModule]:Server First Init.
Siparis.exe: 00000DC0: 11:39:19 [TUniServerModule]:Debug Mode = ON
Siparis.exe: 00000DC0: 11:39:19 [TUniServerModule]:Global Cache Folder Erased. <1> Files deleted.
Siparis.exe: 00000DC0: 11:39:19 [TUniServerModule]:Starting HTTP Server on Port: 8077...
Siparis.exe: 00000DC0: 11:39:19 [TUniServerModule]:HTTP Server Started on Port: 8077
Siparis.exe: 00003188: 11:39:38 [127.0.0.1]:EUniSessionException : Invalid session or session Timeout. (Session not found: ZTXsEqu3IR10A61CAF2 ) : Addr: $007E149E
Siparis.exe: 00002A98: 13:09:10 []:>--------------------------------------------------------------<
Siparis.exe: 00002A98: 13:09:10 [TUniServerModule]:Server First Init.
Siparis.exe: 00002A98: 13:09:10 [TUniServerModule]:Debug Mode = ON
Siparis.exe: 00002A98: 13:09:10 [TUniServerModule]:Global Cache Folder Erased. <16> Files deleted.
Siparis.exe: 00002A98: 13:09:10 [TUniServerModule]:Starting HTTP Server on Port: 8077...
Siparis.exe: 00002A98: 13:09:10 [TUniServerModule]:HTTP Server Started on Port: 8077
Siparis.exe: 00000538: 13:13:09 []:>--------------------------------------------------------------<
Siparis.exe: 00000538: 13:13:09 [TUniServerModule]:Server First Init.
Siparis.exe: 00000538: 13:13:09 [TUniServerModule]:Debug Mode = ON
Siparis.exe: 00000538: 13:13:09 [TUniServerModule]:Global Cache Folder Erased. <14> Files deleted.
Siparis.exe: 00000538: 13:13:09 [TUniServerModule]:Starting HTTP Server on Port: 8077...
Siparis.exe: 00000538: 13:13:09 [TUniServerModule]:HTTP Server Started on Port: 8077
Siparis.exe: 000034D4: 13:13:17 [127.0.0.1]:EUniSessionException : Invalid session or session Timeout. (Session not found: p9iPs3PpDL10A61E3FD ) : Addr: $007E149E
Siparis.exe: 00003F4C: 13:18:54 []:>--------------------------------------------------------------<
Siparis.exe: 00003F4C: 13:18:54 [TUniServerModule]:Server First Init.
Siparis.exe: 00003F4C: 13:18:54 [TUniServerModule]:Debug Mode = ON
Siparis.exe: 00003F4C: 13:18:54 [TUniServerModule]:Global Cache Folder Erased. <15> Files deleted.
Siparis.exe: 00003F4C: 13:18:54 [TUniServerModule]:Starting HTTP Server on Port: 8077...
Siparis.exe: 00003F4C: 13:18:54 [TUniServerModule]:HTTP Server Started on Port: 8077
Siparis.exe: 000006A4: 13:19:05 [127.0.0.1]:EUniSessionException : Invalid session or session Timeout. (Session not found: CJL42wo1V610A61E50E ) : Addr: $007E149E
Siparis.exe: 00003F44: 13:19:55 []:>--------------------------------------------------------------<
Siparis.exe: 00003F44: 13:19:55 [TUniServerModule]:Server First Init.
Siparis.exe: 00003F44: 13:19:55 [TUniServerModule]:Debug Mode = ON
Siparis.exe: 00003F44: 13:19:55 [TUniServerModule]:Global Cache Folder Erased. <14> Files deleted.
Siparis.exe: 00003F44: 13:19:55 [TUniServerModule]:Starting HTTP Server on Port: 8077...
Siparis.exe: 00003F44: 13:19:55 [TUniServerModule]:HTTP Server Started on Port: 8077
Siparis.exe: 000038C4: 13:20:13 [127.0.0.1]:EUniSessionException : Invalid session or session Timeout. (Session not found: eIILj1d4Om10A61E6A1 ) : Addr: $007E149E
Siparis.exe: 00000B5C: 13:31:25 []:>--------------------------------------------------------------<
Siparis.exe: 00000B5C: 13:31:25 [TUniServerModule]:Server First Init.
Siparis.exe: 00000B5C: 13:31:25 [TUniServerModule]:Debug Mode = ON
Siparis.exe: 00000B5C: 13:31:25 [TUniServerModule]:Global Cache Folder Erased. <14> Files deleted.
Siparis.exe: 00000B5C: 13:31:25 [TUniServerModule]:Starting HTTP Server on Port: 8077...
Siparis.exe: 00000B5C: 13:31:25 [TUniServerModule]:HTTP Server Started on Port: 8077
Siparis.exe: 00002ED4: 13:31:34 [127.0.0.1]:EUniSessionException : Invalid session or session Timeout. (Session not found: OEdRUJXAKU10A61E6EF ) : Addr: $007E149E
Siparis.exe: 00004010: 13:43:13 []:>--------------------------------------------------------------<
Siparis.exe: 00004010: 13:43:13 [TUniServerModule]:Server First Init.
Siparis.exe: 00004010: 13:43:13 [TUniServerModule]:Debug Mode = ON
Siparis.exe: 00004010: 13:43:13 [TUniServerModule]:Global Cache Folder Erased. <14> Files deleted.
Siparis.exe: 00004010: 13:43:13 [TUniServerModule]:Starting HTTP Server on Port: 8077...
Siparis.exe: 00004010: 13:43:13 [TUniServerModule]:HTTP Server Started on Port: 8077
Siparis.exe: 00003DC0: 13:43:20 [127.0.0.1]:EUniSessionException : Invalid session or session Timeout. (Session not found: 1rwaN4EYAh10A61EA04 ) : Addr: $007E149E
Siparis.exe: 00004100: 13:44:50 []:>--------------------------------------------------------------<
Siparis.exe: 00004100: 13:44:50 [TUniServerModule]:Server First Init.
Siparis.exe: 00004100: 13:44:50 [TUniServerModule]:Debug Mode = ON
Siparis.exe: 00004100: 13:44:50 [TUniServerModule]:Global Cache Folder Erased. <16> Files deleted.
Siparis.exe: 00004100: 13:44:50 [TUniServerModule]:Starting HTTP Server on Port: 8077...
Siparis.exe: 00004100: 13:44:50 [TUniServerModule]:HTTP Server Started on Port: 8077
Siparis.exe: 000040EC: 13:47:38 []:>--------------------------------------------------------------<
Siparis.exe: 000040EC: 13:47:38 [TUniServerModule]:Server First Init.
Siparis.exe: 000040EC: 13:47:38 [TUniServerModule]:Debug Mode = ON
Siparis.exe: 000040EC: 13:47:38 [TUniServerModule]:Global Cache Folder Erased. <17> Files deleted.
Siparis.exe: 000040EC: 13:47:38 [TUniServerModule]:Starting HTTP Server on Port: 8077...
Siparis.exe: 000040EC: 13:47:38 [TUniServerModule]:HTTP Server Started on Port: 8077
Siparis.exe: 00004310: 13:48:18 [127.0.0.1]:EUniSessionException : Invalid session or session Timeout. (Session not found: s3rmlF5DTR10A61EDA2 ) : Addr: $007E149E
Siparis.exe: 00000058: 13:49:13 []:>--------------------------------------------------------------<
Siparis.exe: 00000058: 13:49:13 [TUniServerModule]:Server First Init.
Siparis.exe: 00000058: 13:49:13 [TUniServerModule]:Debug Mode = ON
Siparis.exe: 00000058: 13:49:13 [TUniServerModule]:Global Cache Folder Erased. <20> Files deleted.
Siparis.exe: 00000058: 13:49:14 [TUniServerModule]:Starting HTTP Server on Port: 8077...
Siparis.exe: 00000058: 13:49:14 [TUniServerModule]:HTTP Server Started on Port: 8077
Siparis.exe: 00002B64: 13:49:21 [127.0.0.1]:EUniSessionException : Invalid session or session Timeout. (Session not found: inmvPKH6Ym10A61EE99 ) : Addr: $007E149E
Siparis.exe: 00000CE0: 13:53:30 []:>--------------------------------------------------------------<
Siparis.exe: 00000CE0: 13:53:30 [TUniServerModule]:Server First Init.
Siparis.exe: 00000CE0: 13:53:30 [TUniServerModule]:Debug Mode = ON
Siparis.exe: 00000CE0: 13:53:30 [TUniServerModule]:Global Cache Folder Erased. <18> Files deleted.
Siparis.exe: 00000CE0: 13:53:30 [TUniServerModule]:Starting HTTP Server on Port: 8077...
Siparis.exe: 00000CE0: 13:53:30 [TUniServerModule]:HTTP Server Started on Port: 8077
Siparis.exe: 00003B7C: 13:54:01 [127.0.0.1]:EUniSessionException : Invalid session or session Timeout. (Session not found: w2RnECRxcx10A61EEE1 ) : Addr: $007E149E
Siparis.exe: 00002FC4: 13:56:50 []:>--------------------------------------------------------------<
Siparis.exe: 00002FC4: 13:56:50 [TUniServerModule]:Server First Init.
Siparis.exe: 00002FC4: 13:56:50 [TUniServerModule]:Debug Mode = ON
Siparis.exe: 00002FC4: 13:56:50 [TUniServerModule]:Global Cache Folder Erased. <17> Files deleted.
Siparis.exe: 00002FC4: 13:56:50 [TUniServerModule]:Starting HTTP Server on Port: 8077...
Siparis.exe: 00002FC4: 13:56:50 [TUniServerModule]:HTTP Server Started on Port: 8077
Siparis.exe: 00003F00: 13:56:57 [127.0.0.1]:EUniSessionException : Invalid session or session Timeout. (Session not found: gpB2KinKFH10A61F01A ) : Addr: $007E149E
Siparis.exe: 00003E68: 13:58:27 []:>--------------------------------------------------------------<
Siparis.exe: 00003E68: 13:58:27 [TUniServerModule]:Server First Init.
Siparis.exe: 00003E68: 13:58:27 [TUniServerModule]:Debug Mode = ON
Siparis.exe: 00003E68: 13:58:27 [TUniServerModule]:Global Cache Folder Erased. <17> Files deleted.
Siparis.exe: 00003E68: 13:58:27 [TUniServerModule]:Starting HTTP Server on Port: 8077...
Siparis.exe: 00003E68: 13:58:27 [TUniServerModule]:HTTP Server Started on Port: 8077
Siparis.exe: 00000244: 13:58:50 [127.0.0.1]:EUniSessionException : Invalid session or session Timeout. (Session not found: WwkF2Lk3Y810A61F0F1 ) : Addr: $007E149E
Siparis.exe: 000004E4: 14:01:00 []:>--------------------------------------------------------------<
Siparis.exe: 000004E4: 14:01:00 [TUniServerModule]:Server First Init.
Siparis.exe: 000004E4: 14:01:00 [TUniServerModule]:Debug Mode = ON
Siparis.exe: 000004E4: 14:01:00 [TUniServerModule]:Global Cache Folder Erased. <18> Files deleted.
Siparis.exe: 000004E4: 14:01:00 [TUniServerModule]:Starting HTTP Server on Port: 8077...
Siparis.exe: 000004E4: 14:01:00 [TUniServerModule]:HTTP Server Started on Port: 8077
Siparis.exe: 00001C70: 14:01:26 [127.0.0.1]:EUniSessionException : Invalid session or session Timeout. (Session not found: RWaO4mmyBm10A61F167 ) : Addr: $007E149E
Siparis.exe: 00002A20: 14:06:40 []:>--------------------------------------------------------------<
Siparis.exe: 00002A20: 14:06:40 [TUniServerModule]:Server First Init.
Siparis.exe: 00002A20: 14:06:40 [TUniServerModule]:Debug Mode = ON
Siparis.exe: 00002A20: 14:06:40 [TUniServerModule]:Global Cache Folder Erased. <21> Files deleted.
Siparis.exe: 00002A20: 14:06:40 [TUniServerModule]:Starting HTTP Server on Port: 8077...
Siparis.exe: 00002A20: 14:06:40 [TUniServerModule]:HTTP Server Started on Port: 8077
Siparis.exe: 000035E0: 14:06:47 [127.0.0.1]:EUniSessionException : Invalid session or session Timeout. (Session not found: zHkF6PxPhP10A61F21E ) : Addr: $007E149E
Siparis.exe: 00000DB4: 14:09:09 []:>--------------------------------------------------------------<
Siparis.exe: 00000DB4: 14:09:10 [TUniServerModule]:Server First Init.
Siparis.exe: 00000DB4: 14:09:10 [TUniServerModule]:Debug Mode = ON
Siparis.exe: 00000DB4: 14:09:10 [TUniServerModule]:Global Cache Folder Erased. <18> Files deleted.
Siparis.exe: 00000DB4: 14:09:10 [TUniServerModule]:Starting HTTP Server on Port: 8077...
Siparis.exe: 00000DB4: 14:09:10 [TUniServerModule]:HTTP Server Started on Port: 8077
Siparis.exe: 000023B4: 14:09:16 [127.0.0.1]:EUniSessionException : Invalid session or session Timeout. (Session not found: AJOkh7mkei10A61F392 ) : Addr: $007E149E
Siparis.exe: 00003110: 14:10:13 []:>--------------------------------------------------------------<
Siparis.exe: 00003110: 14:10:13 [TUniServerModule]:Server First Init.
Siparis.exe: 00003110: 14:10:13 [TUniServerModule]:Debug Mode = ON
Siparis.exe: 00003110: 14:10:13 [TUniServerModule]:Global Cache Folder Erased. <17> Files deleted.
Siparis.exe: 00003110: 14:10:13 [TUniServerModule]:Starting HTTP Server on Port: 8077...
Siparis.exe: 00003110: 14:10:13 [TUniServerModule]:HTTP Server Started on Port: 8077
Siparis.exe: 00000B18: 14:10:19 [127.0.0.1]:EUniSessionException : Invalid session or session Timeout. (Session not found: LkLWgGxUWN10A61F43F ) : Addr: $007E149E
Siparis.exe: 000027C4: 14:12:13 []:>--------------------------------------------------------------<
Siparis.exe: 000027C4: 14:12:13 [TUniServerModule]:Server First Init.
Siparis.exe: 000027C4: 14:12:13 [TUniServerModule]:Debug Mode = ON
Siparis.exe: 000027C4: 14:12:13 [TUniServerModule]:Global Cache Folder Erased. <17> Files deleted.
Siparis.exe: 000027C4: 14:12:13 [TUniServerModule]:Starting HTTP Server on Port: 8077...
Siparis.exe: 000027C4: 14:12:13 [TUniServerModule]:HTTP Server Started on Port: 8077
Siparis.exe: 00002E74: 14:13:18 []:>--------------------------------------------------------------<
Siparis.exe: 00002E74: 14:13:18 [TUniServerModule]:Server First Init.
Siparis.exe: 00002E74: 14:13:18 [TUniServerModule]:Debug Mode = ON
Siparis.exe: 00002E74: 14:13:18 [TUniServerModule]:Global Cache Folder Erased. <1> Files deleted.
Siparis.exe: 00002E74: 14:13:18 [TUniServerModule]:Starting HTTP Server on Port: 8077...
Siparis.exe: 00002E74: 14:13:18 [TUniServerModule]:HTTP Server Started on Port: 8077
Siparis.exe: 0000426C: 14:13:24 [127.0.0.1]:EUniSessionException : Invalid session or session Timeout. (Session not found: Dk4VKAf8E610A61F488 ) : Addr: $007E149E
Siparis.exe: 000029D4: 14:16:48 []:>--------------------------------------------------------------<
Siparis.exe: 000029D4: 14:16:48 [TUniServerModule]:Server First Init.
Siparis.exe: 000029D4: 14:16:48 [TUniServerModule]:Debug Mode = ON
Siparis.exe: 000029D4: 14:16:48 [TUniServerModule]:Global Cache Folder Erased. <18> Files deleted.
Siparis.exe: 000029D4: 14:16:48 [TUniServerModule]:Starting HTTP Server on Port: 8077...
Siparis.exe: 000029D4: 14:16:48 [TUniServerModule]:HTTP Server Started on Port: 8077
Siparis.exe: 00000280: 14:16:54 [127.0.0.1]:EUniSessionException : Invalid session or session Timeout. (Session not found: wLJC4WSGt410A61F55D ) : Addr: $007E149E
Siparis.exe: 00004230: 14:19:06 []:>--------------------------------------------------------------<
Siparis.exe: 00004230: 14:19:06 [TUniServerModule]:Server First Init.
Siparis.exe: 00004230: 14:19:06 [TUniServerModule]:Debug Mode = ON
Siparis.exe: 00004230: 14:19:06 [TUniServerModule]:Global Cache Folder Erased. <16> Files deleted.
Siparis.exe: 00004230: 14:19:06 [TUniServerModule]:Starting HTTP Server on Port: 8077...
Siparis.exe: 00004230: 14:19:06 [TUniServerModule]:HTTP Server Started on Port: 8077
Siparis.exe: 00000750: 14:19:14 [127.0.0.1]:EUniSessionException : Invalid session or session Timeout. (Session not found: VurvdE9Asv10A61F658 ) : Addr: $007E149E
Siparis.exe: 00000548: 14:22:00 []:>--------------------------------------------------------------<
Siparis.exe: 00000548: 14:22:00 [TUniServerModule]:Server First Init.
Siparis.exe: 00000548: 14:22:00 [TUniServerModule]:Debug Mode = ON
Siparis.exe: 00000548: 14:22:00 [TUniServerModule]:Global Cache Folder Erased. <16> Files deleted.
Siparis.exe: 00000548: 14:22:00 [TUniServerModule]:Starting HTTP Server on Port: 8077...
Siparis.exe: 00000548: 14:22:00 [TUniServerModule]:HTTP Server Started on Port: 8077
Siparis.exe: 000006D8: 14:22:13 [127.0.0.1]:EUniSessionException : Invalid session or session Timeout. (Session not found: q4LKlos1Pt10A61F6F2 ) : Addr: $007E149E
Siparis.exe: 000041D4: 14:27:39 []:>--------------------------------------------------------------<
Siparis.exe: 000041D4: 14:27:39 [TUniServerModule]:Server First Init.
Siparis.exe: 000041D4: 14:27:39 [TUniServerModule]:Debug Mode = ON
Siparis.exe: 000041D4: 14:27:39 [TUniServerModule]:Global Cache Folder Erased. <18> Files deleted.
Siparis.exe: 000041D4: 14:27:39 [TUniServerModule]:Starting HTTP Server on Port: 8077...
Siparis.exe: 000041D4: 14:27:39 [TUniServerModule]:HTTP Server Started on Port: 8077
Siparis.exe: 00000994: 14:27:51 [127.0.0.1]:EUniSessionException : Invalid session or session Timeout. (Session not found: 9PxUMFQLmX10A61F7BA ) : Addr: $007E149E
Siparis.exe: 00003018: 14:31:30 []:>--------------------------------------------------------------<
Siparis.exe: 00003018: 14:31:30 [TUniServerModule]:Server First Init.
Siparis.exe: 00003018: 14:31:30 [TUniServerModule]:Debug Mode = ON
Siparis.exe: 00003018: 14:31:30 [TUniServerModule]:Global Cache Folder Erased. <19> Files deleted.
Siparis.exe: 00003018: 14:31:30 [TUniServerModule]:Starting HTTP Server on Port: 8077...
Siparis.exe: 00003018: 14:31:30 [TUniServerModule]:HTTP Server Started on Port: 8077
Siparis.exe: 00003474: 14:31:37 [127.0.0.1]:EUniSessionException : Invalid session or session Timeout. (Session not found: O3zTg2soxQ10A61F948 ) : Addr: $007E149E
Siparis.exe: 000031F4: 14:33:40 []:>--------------------------------------------------------------<
Siparis.exe: 000031F4: 14:33:41 [TUniServerModule]:Server First Init.
Siparis.exe: 000031F4: 14:33:41 [TUniServerModule]:Debug Mode = ON
Siparis.exe: 000031F4: 14:33:41 [TUniServerModule]:Global Cache Folder Erased. <20> Files deleted.
Siparis.exe: 000031F4: 14:33:41 [TUniServerModule]:Starting HTTP Server on Port: 8077...
Siparis.exe: 000031F4: 14:33:41 [TUniServerModule]:HTTP Server Started on Port: 8077
Siparis.exe: 00001A1C: 14:33:48 [127.0.0.1]:EUniSessionException : Invalid session or session Timeout. (Session not found: HozatId6t110A61FA4E ) : Addr: $007E149E
Siparis.exe: 00003588: 14:35:58 []:>--------------------------------------------------------------<
Siparis.exe: 00003588: 14:35:58 [TUniServerModule]:Server First Init.
Siparis.exe: 00003588: 14:35:58 [TUniServerModule]:Debug Mode = ON
Siparis.exe: 00003588: 14:35:58 [TUniServerModule]:Global Cache Folder Erased. <19> Files deleted.
Siparis.exe: 00003588: 14:35:58 [TUniServerModule]:Starting HTTP Server on Port: 8077...
Siparis.exe: 00003588: 14:35:58 [TUniServerModule]:HTTP Server Started on Port: 8077
Siparis.exe: 000028D4: 14:36:06 [127.0.0.1]:EUniSessionException : Invalid session or session Timeout. (Session not found: xOpqnITpxh10A61FAE7 ) : Addr: $007E149E
Siparis.exe: 000042E8: 14:39:08 []:>--------------------------------------------------------------<
Siparis.exe: 000042E8: 14:39:08 [TUniServerModule]:Server First Init.
Siparis.exe: 000042E8: 14:39:08 [TUniServerModule]:Debug Mode = ON
Siparis.exe: 000042E8: 14:39:08 [TUniServerModule]:Global Cache Folder Erased. <23> Files deleted.
Siparis.exe: 000042E8: 14:39:08 [TUniServerModule]:Starting HTTP Server on Port: 8077...
Siparis.exe: 000042E8: 14:39:08 [TUniServerModule]:HTTP Server Started on Port: 8077
Siparis.exe: 00002D1C: 14:39:53 []:>--------------------------------------------------------------<
Siparis.exe: 00002D1C: 14:39:53 [TUniServerModule]:Server First Init.
Siparis.exe: 00002D1C: 14:39:53 [TUniServerModule]:Debug Mode = ON
Siparis.exe: 00002D1C: 14:39:53 [TUniServerModule]:Global Cache Folder Erased. <1> Files deleted.
Siparis.exe: 00002D1C: 14:39:53 [TUniServerModule]:Starting HTTP Server on Port: 8077...
Siparis.exe: 00002D1C: 14:39:53 [TUniServerModule]:HTTP Server Started on Port: 8077
Siparis.exe: 000006E8: 14:40:00 [127.0.0.1]:EUniSessionException : Invalid session or session Timeout. (Session not found: Cfji537Fsz10A61FB84 ) : Addr: $007E149E
Siparis.exe: 00002FE8: 14:43:44 []:>--------------------------------------------------------------<
Siparis.exe: 00002FE8: 14:43:44 [TUniServerModule]:Server First Init.
Siparis.exe: 00002FE8: 14:43:44 [TUniServerModule]:Debug Mode = ON
Siparis.exe: 00002FE8: 14:43:44 [TUniServerModule]:Global Cache Folder Erased. <21> Files deleted.
Siparis.exe: 00002FE8: 14:43:44 [TUniServerModule]:Starting HTTP Server on Port: 8077...
Siparis.exe: 00002FE8: 14:43:44 [TUniServerModule]:HTTP Server Started on Port: 8077
Siparis.exe: 00001B20: 14:43:56 [127.0.0.1]:EUniSessionException : Invalid session or session Timeout. (Session not found: doJLaymWp410A61FC95 ) : Addr: $007E149E
Siparis.exe: 00001FBC: 14:44:36 [127.0.0.1]:Exception : TUniCustomDBGrid.MoveToRow(): Unexpected Row number: 7, 8 : Addr: $008601A6
Siparis.exe: 00002BD4: 14:46:09 []:>--------------------------------------------------------------<
Siparis.exe: 00002BD4: 14:46:09 [TUniServerModule]:Server First Init.
Siparis.exe: 00002BD4: 14:46:09 [TUniServerModule]:Debug Mode = ON
Siparis.exe: 00002BD4: 14:46:09 [TUniServerModule]:Global Cache Folder Erased. <17> Files deleted.
Siparis.exe: 00002BD4: 14:46:09 [TUniServerModule]:Starting HTTP Server on Port: 8077...
Siparis.exe: 00002BD4: 14:46:09 [TUniServerModule]:HTTP Server Started on Port: 8077
Siparis.exe: 00000C88: 14:46:26 [127.0.0.1]:EUniSessionException : Invalid session or session Timeout. (Session not found: FCevtUxHyi10A61FDA6 ) : Addr: $007E149E
Siparis.exe: 000041E8: 14:47:30 []:>--------------------------------------------------------------<
Siparis.exe: 000041E8: 14:47:30 [TUniServerModule]:Server First Init.
Siparis.exe: 000041E8: 14:47:30 [TUniServerModule]:Debug Mode = ON
Siparis.exe: 000041E8: 14:47:30 [TUniServerModule]:Global Cache Folder Erased. <16> Files deleted.
Siparis.exe: 000041E8: 14:47:30 [TUniServerModule]:Starting HTTP Server on Port: 8077...
Siparis.exe: 000041E8: 14:47:30 [TUniServerModule]:HTTP Server Started on Port: 8077
Siparis.exe: 00000E94: 14:47:40 [127.0.0.1]:EUniSessionException : Invalid session or session Timeout. (Session not found: SfsxBkSJLS10A61FE4F ) : Addr: $007E149E
Siparis.exe: 00002A88: 14:49:34 []:>--------------------------------------------------------------<
Siparis.exe: 00002A88: 14:49:34 [TUniServerModule]:Server First Init.
Siparis.exe: 00002A88: 14:49:34 [TUniServerModule]:Debug Mode = ON
Siparis.exe: 00002A88: 14:49:34 [TUniServerModule]:Global Cache Folder Erased. <15> Files deleted.
Siparis.exe: 00002A88: 14:49:34 [TUniServerModule]:Starting HTTP Server on Port: 8077...
Siparis.exe: 00002A88: 14:49:34 [TUniServerModule]:HTTP Server Started on Port: 8077
Siparis.exe: 00000754: 14:49:42 [127.0.0.1]:EUniSessionException : Invalid session or session Timeout. (Session not found: aN8fLco4ct10A61FEA9 ) : Addr: $007E149E
Siparis.exe: 0000046C: 14:51:25 []:>--------------------------------------------------------------<
Siparis.exe: 0000046C: 14:51:25 [TUniServerModule]:Server First Init.
Siparis.exe: 0000046C: 14:51:25 [TUniServerModule]:Debug Mode = ON
Siparis.exe: 0000046C: 14:51:26 [TUniServerModule]:Global Cache Folder Erased. <20> Files deleted.
Siparis.exe: 0000046C: 14:51:26 [TUniServerModule]:Starting HTTP Server on Port: 8077...
Siparis.exe: 0000046C: 14:51:26 [TUniServerModule]:HTTP Server Started on Port: 8077
Siparis.exe: 000043D8: 14:51:38 [127.0.0.1]:EUniSessionException : Invalid session or session Timeout. (Session not found: pNc7kvJHlW10A61FF36 ) : Addr: $007E149E
Siparis.exe: 000013A0: 14:53:37 []:>--------------------------------------------------------------<
Siparis.exe: 000013A0: 14:53:37 [TUniServerModule]:Server First Init.
Siparis.exe: 000013A0: 14:53:37 [TUniServerModule]:Debug Mode = ON
Siparis.exe: 000013A0: 14:53:37 [TUniServerModule]:Global Cache Folder Erased. <27> Files deleted.
Siparis.exe: 000013A0: 14:53:37 [TUniServerModule]:Starting HTTP Server on Port: 8077...
Siparis.exe: 000013A0: 14:53:37 [TUniServerModule]:HTTP Server Started on Port: 8077
Siparis.exe: 00001CDC: 14:59:19 [127.0.0.1]:Exception : TUniCustomDBGrid.SetCellValue: RecNo Mismatch![45 : 0] : Addr: $00863434
Siparis.exe: 00002420: 14:59:36 [127.0.0.1]:Exception : TUniCustomDBGrid.SetCellValue: RecNo Mismatch![46 : 0] : Addr: $00863434
Siparis.exe: 000027A8: 15:41:22 []:>--------------------------------------------------------------<
Siparis.exe: 000027A8: 15:41:22 [TUniServerModule]:Server First Init.
Siparis.exe: 000027A8: 15:41:22 [TUniServerModule]:Debug Mode = ON
Siparis.exe: 000027A8: 15:41:22 [TUniServerModule]:Global Cache Folder Erased. <48> Files deleted.
Siparis.exe: 000027A8: 15:41:22 [TUniServerModule]:Starting HTTP Server on Port: 8077...
Siparis.exe: 000027A8: 15:41:22 [TUniServerModule]:HTTP Server Started on Port: 8077
Siparis.exe: 000042BC: 15:41:32 [127.0.0.1]:EUniSessionException : Invalid session or session Timeout. (Session not found: Ffs2CJPfnd10A620169 ) : Addr: $007E149E
Siparis.exe: 00001618: 15:43:37 []:>--------------------------------------------------------------<
Siparis.exe: 00001618: 15:43:37 [TUniServerModule]:Server First Init.
Siparis.exe: 00001618: 15:43:37 [TUniServerModule]:Debug Mode = ON
Siparis.exe: 00001618: 15:43:37 [TUniServerModule]:Global Cache Folder Erased. <14> Files deleted.
Siparis.exe: 00001618: 15:43:37 [TUniServerModule]:Starting HTTP Server on Port: 8077...
Siparis.exe: 00001618: 15:43:37 [TUniServerModule]:HTTP Server Started on Port: 8077
Siparis.exe: 00000A04: 15:43:45 [127.0.0.1]:EUniSessionException : Invalid session or session Timeout. (Session not found: S9NKgSqbaM10A620D46 ) : Addr: $007E149E
Siparis.exe: 00002D64: 15:45:24 []:>--------------------------------------------------------------<
Siparis.exe: 00002D64: 15:45:24 [TUniServerModule]:Server First Init.
Siparis.exe: 00002D64: 15:45:24 [TUniServerModule]:Debug Mode = ON
Siparis.exe: 00002D64: 15:45:24 [TUniServerModule]:Global Cache Folder Erased. <18> Files deleted.
Siparis.exe: 00002D64: 15:45:24 [TUniServerModule]:Starting HTTP Server on Port: 8077...
Siparis.exe: 00002D64: 15:45:24 [TUniServerModule]:HTTP Server Started on Port: 8077
Siparis.exe: 00002CFC: 15:45:41 [127.0.0.1]:EUniSessionException : Invalid session or session Timeout. (Session not found: M5NpWYgeRX10A620DDF ) : Addr: $007E149E
Siparis.exe: 00003550: 15:50:20 []:>--------------------------------------------------------------<
Siparis.exe: 00003550: 15:50:20 [TUniServerModule]:Server First Init.
Siparis.exe: 00003550: 15:50:20 [TUniServerModule]:Debug Mode = ON
Siparis.exe: 00003550: 15:50:20 [TUniServerModule]:Global Cache Folder Erased. <24> Files deleted.
Siparis.exe: 00003550: 15:50:20 [TUniServerModule]:Starting HTTP Server on Port: 8077...
Siparis.exe: 00003550: 15:50:20 [TUniServerModule]:HTTP Server Started on Port: 8077
Siparis.exe: 000031E4: 15:50:30 [127.0.0.1]:EUniSessionException : Invalid session or session Timeout. (Session not found: bzFjbGCGw210A620E66 ) : Addr: $007E149E
