Siparis.exe: 0000150C: 00:22:33 []:>--------------------------------------------------------------<
Siparis.exe: 0000150C: 00:22:33 [TUniServerModule]:Server First Init.
Siparis.exe: 0000150C: 00:22:33 [TUniServerModule]:Debug Mode = ON
Siparis.exe: 0000150C: 00:22:33 [TUniServerModule]:Global Cache Folder Erased. <2> Files deleted.
Siparis.exe: 0000150C: 00:22:33 [TUniServerModule]:Starting HTTP Server on Port: 8077...
Siparis.exe: 0000150C: 00:22:33 [TUniServerModule]:HTTP Server Started on Port: 8077
Siparis.exe: 0000217C: 00:22:39 [HandleFileRequest[127.0.0.1]]:File not found: C:\UretimSource\FibrosanSiparis\Win32\Debug\images\Egehayat_logo.png
Siparis.exe: 00001B84: 00:23:38 []:>--------------------------------------------------------------<
Siparis.exe: 00001B84: 00:23:38 [TUniServerModule]:Server First Init.
Siparis.exe: 00001B84: 00:23:38 [TUniServerModule]:Debug Mode = ON
Siparis.exe: 00001B84: 00:23:38 [TUniServerModule]:Global Cache Folder Erased. <6> Files deleted.
Siparis.exe: 00001B84: 00:23:38 [TUniServerModule]:Starting HTTP Server on Port: 8077...
Siparis.exe: 00001B84: 00:23:38 [TUniServerModule]:HTTP Server Started on Port: 8077
Siparis.exe: 00000A68: 00:23:42 [HandleFileRequest[127.0.0.1]]:File not found: C:\UretimSource\FibrosanSiparis\Win32\Debug\images\Egehayat_logo.png
Siparis.exe: 000031E0: 00:29:10 []:>--------------------------------------------------------------<
Siparis.exe: 000031E0: 00:29:10 [TUniServerModule]:Server First Init.
Siparis.exe: 000031E0: 00:29:10 [TUniServerModule]:Debug Mode = ON
Siparis.exe: 000031E0: 00:29:10 [TUniServerModule]:Global Cache Folder Erased. <6> Files deleted.
Siparis.exe: 000031E0: 00:29:10 [TUniServerModule]:Starting HTTP Server on Port: 8077...
Siparis.exe: 000031E0: 00:29:10 [TUniServerModule]:HTTP Server Started on Port: 8077
Siparis.exe: 00003A54: 00:29:17 [HandleFileRequest[127.0.0.1]]:File not found: C:\UretimSource\FibrosanSiparis\Win32\Debug\images\Egehayat_logo.png
Siparis.exe: 00000BC0: 00:31:51 []:>--------------------------------------------------------------<
Siparis.exe: 00000BC0: 00:31:51 [TUniServerModule]:Server First Init.
Siparis.exe: 00000BC0: 00:31:51 [TUniServerModule]:Debug Mode = ON
Siparis.exe: 00000BC0: 00:31:51 [TUniServerModule]:Global Cache Folder Erased. <6> Files deleted.
Siparis.exe: 00000BC0: 00:31:51 [TUniServerModule]:Starting HTTP Server on Port: 8077...
Siparis.exe: 00000BC0: 00:31:51 [TUniServerModule]:HTTP Server Started on Port: 8077
Siparis.exe: 00002B38: 00:31:55 [HandleFileRequest[127.0.0.1]]:File not found: C:\UretimSource\FibrosanSiparis\Win32\Debug\images\Egehayat_logo.png
Siparis.exe: 000038F4: 00:35:13 []:>--------------------------------------------------------------<
Siparis.exe: 000038F4: 00:35:13 [TUniServerModule]:Server First Init.
Siparis.exe: 000038F4: 00:35:13 [TUniServerModule]:Debug Mode = ON
Siparis.exe: 000038F4: 00:35:13 [TUniServerModule]:Global Cache Folder Erased. <6> Files deleted.
Siparis.exe: 000038F4: 00:35:13 [TUniServerModule]:Starting HTTP Server on Port: 8077...
Siparis.exe: 000038F4: 00:35:13 [TUniServerModule]:HTTP Server Started on Port: 8077
Siparis.exe: 00001C1C: 00:35:18 [HandleFileRequest[127.0.0.1]]:File not found: C:\UretimSource\FibrosanSiparis\Win32\Debug\images\Egehayat_logo.png
Siparis.exe: 00002880: 00:36:55 []:>--------------------------------------------------------------<
Siparis.exe: 00002880: 00:36:55 [TUniServerModule]:Server First Init.
Siparis.exe: 00002880: 00:36:55 [TUniServerModule]:Debug Mode = ON
Siparis.exe: 00002880: 00:36:55 [TUniServerModule]:Global Cache Folder Erased. <6> Files deleted.
Siparis.exe: 00002880: 00:36:55 [TUniServerModule]:Starting HTTP Server on Port: 8077...
Siparis.exe: 00002880: 00:36:55 [TUniServerModule]:HTTP Server Started on Port: 8077
Siparis.exe: 00001424: 00:37:02 [HandleFileRequest[127.0.0.1]]:File not found: C:\UretimSource\FibrosanSiparis\Win32\Debug\images\Egehayat_logo.png
Siparis.exe: 000009E8: 00:37:39 []:>--------------------------------------------------------------<
Siparis.exe: 000009E8: 00:37:39 [TUniServerModule]:Server First Init.
Siparis.exe: 000009E8: 00:37:39 [TUniServerModule]:Debug Mode = ON
Siparis.exe: 000009E8: 00:37:39 [TUniServerModule]:Global Cache Folder Erased. <6> Files deleted.
Siparis.exe: 000009E8: 00:37:39 [TUniServerModule]:Starting HTTP Server on Port: 8077...
Siparis.exe: 000009E8: 00:37:39 [TUniServerModule]:HTTP Server Started on Port: 8077
Siparis.exe: 000035F8: 00:37:49 [HandleFileRequest[127.0.0.1]]:File not found: C:\UretimSource\FibrosanSiparis\Win32\Debug\images\Egehayat_logo.png
Siparis.exe: 0000373C: 00:38:57 []:>--------------------------------------------------------------<
Siparis.exe: 0000373C: 00:38:57 [TUniServerModule]:Server First Init.
Siparis.exe: 0000373C: 00:38:57 [TUniServerModule]:Debug Mode = ON
Siparis.exe: 0000373C: 00:38:57 [TUniServerModule]:Global Cache Folder Erased. <6> Files deleted.
Siparis.exe: 0000373C: 00:38:57 [TUniServerModule]:Starting HTTP Server on Port: 8077...
Siparis.exe: 0000373C: 00:38:57 [TUniServerModule]:HTTP Server Started on Port: 8077
Siparis.exe: 00003858: 00:39:02 [HandleFileRequest[127.0.0.1]]:File not found: C:\UretimSource\FibrosanSiparis\Win32\Debug\images\Egehayat_logo.png
Siparis.exe: 000037F8: 00:39:22 []:>--------------------------------------------------------------<
Siparis.exe: 000037F8: 00:39:22 [TUniServerModule]:Server First Init.
Siparis.exe: 000037F8: 00:39:22 [TUniServerModule]:Debug Mode = ON
Siparis.exe: 000037F8: 00:39:22 [TUniServerModule]:Global Cache Folder Erased. <6> Files deleted.
Siparis.exe: 000037F8: 00:39:22 [TUniServerModule]:Starting HTTP Server on Port: 8077...
Siparis.exe: 000037F8: 00:39:22 [TUniServerModule]:HTTP Server Started on Port: 8077
Siparis.exe: 00000D00: 00:39:24 [HandleFileRequest[127.0.0.1]]:File not found: C:\UretimSource\FibrosanSiparis\Win32\Debug\images\Egehayat_logo.png
Siparis.exe: 00002A40: 00:40:01 []:>--------------------------------------------------------------<
Siparis.exe: 00002A40: 00:40:01 [TUniServerModule]:Server First Init.
Siparis.exe: 00002A40: 00:40:01 [TUniServerModule]:Debug Mode = ON
Siparis.exe: 00002A40: 00:40:01 [TUniServerModule]:Global Cache Folder Erased. <6> Files deleted.
Siparis.exe: 00002A40: 00:40:01 [TUniServerModule]:Starting HTTP Server on Port: 8077...
Siparis.exe: 00002A40: 00:40:01 [TUniServerModule]:HTTP Server Started on Port: 8077
Siparis.exe: 000030F8: 00:40:06 [HandleFileRequest[127.0.0.1]]:File not found: C:\UretimSource\FibrosanSiparis\Win32\Debug\images\Egehayat_logo.png
Siparis.exe: 00003AD8: 00:40:39 []:>--------------------------------------------------------------<
Siparis.exe: 00003AD8: 00:40:39 [TUniServerModule]:Server First Init.
Siparis.exe: 00003AD8: 00:40:39 [TUniServerModule]:Debug Mode = ON
Siparis.exe: 00003AD8: 00:40:39 [TUniServerModule]:Global Cache Folder Erased. <6> Files deleted.
Siparis.exe: 00003AD8: 00:40:39 [TUniServerModule]:Starting HTTP Server on Port: 8077...
Siparis.exe: 00003AD8: 00:40:39 [TUniServerModule]:HTTP Server Started on Port: 8077
Siparis.exe: 00003AF4: 00:40:44 [HandleFileRequest[127.0.0.1]]:File not found: C:\UretimSource\FibrosanSiparis\Win32\Debug\images\Egehayat_logo.png
Siparis.exe: 00001170: 00:41:28 []:>--------------------------------------------------------------<
Siparis.exe: 00001170: 00:41:28 [TUniServerModule]:Server First Init.
Siparis.exe: 00001170: 00:41:28 [TUniServerModule]:Debug Mode = ON
Siparis.exe: 00001170: 00:41:28 [TUniServerModule]:Global Cache Folder Erased. <6> Files deleted.
Siparis.exe: 00001170: 00:41:28 [TUniServerModule]:Starting HTTP Server on Port: 8077...
Siparis.exe: 00001170: 00:41:28 [TUniServerModule]:HTTP Server Started on Port: 8077
Siparis.exe: 00003A98: 00:41:33 [HandleFileRequest[127.0.0.1]]:File not found: C:\UretimSource\FibrosanSiparis\Win32\Debug\images\Egehayat_logo.png
Siparis.exe: 00002F40: 00:49:18 []:>--------------------------------------------------------------<
Siparis.exe: 00002F40: 00:49:18 [TUniServerModule]:Server First Init.
Siparis.exe: 00002F40: 00:49:18 [TUniServerModule]:Debug Mode = ON
Siparis.exe: 00002F40: 00:49:18 [TUniServerModule]:Global Cache Folder Erased. <6> Files deleted.
Siparis.exe: 00002F40: 00:49:18 [TUniServerModule]:Starting HTTP Server on Port: 8077...
Siparis.exe: 00002F40: 00:49:18 [TUniServerModule]:HTTP Server Started on Port: 8077
Siparis.exe: 000008B0: 00:49:23 [HandleFileRequest[127.0.0.1]]:File not found: C:\UretimSource\FibrosanSiparis\Win32\Debug\images\Egehayat_logo.png
Siparis.exe: 00002DB0: 00:50:55 []:>--------------------------------------------------------------<
Siparis.exe: 00002DB0: 00:50:55 [TUniServerModule]:Server First Init.
Siparis.exe: 00002DB0: 00:50:55 [TUniServerModule]:Debug Mode = ON
Siparis.exe: 00002DB0: 00:50:55 [TUniServerModule]:Global Cache Folder Erased. <6> Files deleted.
Siparis.exe: 00002DB0: 00:50:55 [TUniServerModule]:Starting HTTP Server on Port: 8077...
Siparis.exe: 00002DB0: 00:50:55 [TUniServerModule]:HTTP Server Started on Port: 8077
Siparis.exe: 00002840: 00:50:58 [HandleFileRequest[127.0.0.1]]:File not found: C:\UretimSource\FibrosanSiparis\Win32\Debug\images\Egehayat_logo.png
Siparis.exe: 0000258C: 00:53:35 []:>--------------------------------------------------------------<
Siparis.exe: 0000258C: 00:53:35 [TUniServerModule]:Server First Init.
Siparis.exe: 0000258C: 00:53:35 [TUniServerModule]:Debug Mode = ON
Siparis.exe: 0000258C: 00:53:35 [TUniServerModule]:Global Cache Folder Erased. <6> Files deleted.
Siparis.exe: 0000258C: 00:53:35 [TUniServerModule]:Starting HTTP Server on Port: 8077...
Siparis.exe: 0000258C: 00:53:35 [TUniServerModule]:HTTP Server Started on Port: 8077
Siparis.exe: 0000285C: 00:53:45 [HandleFileRequest[127.0.0.1]]:File not found: C:\UretimSource\FibrosanSiparis\Win32\Debug\images\Egehayat_logo.png
Siparis.exe: 00000110: 00:59:19 []:>--------------------------------------------------------------<
Siparis.exe: 00000110: 00:59:20 [TUniServerModule]:Server First Init.
Siparis.exe: 00000110: 00:59:20 [TUniServerModule]:Debug Mode = ON
Siparis.exe: 00000110: 00:59:20 [TUniServerModule]:Global Cache Folder Erased. <6> Files deleted.
Siparis.exe: 00000110: 00:59:20 [TUniServerModule]:Starting HTTP Server on Port: 8077...
Siparis.exe: 00000110: 00:59:20 [TUniServerModule]:HTTP Server Started on Port: 8077
Siparis.exe: 00003924: 00:59:27 [HandleFileRequest[127.0.0.1]]:File not found: C:\UretimSource\FibrosanSiparis\Win32\Debug\images\Egehayat_logo.png
Siparis.exe: 00000F2C: 01:02:07 []:>--------------------------------------------------------------<
Siparis.exe: 00000F2C: 01:02:07 [TUniServerModule]:Server First Init.
Siparis.exe: 00000F2C: 01:02:07 [TUniServerModule]:Debug Mode = ON
Siparis.exe: 00000F2C: 01:02:07 [TUniServerModule]:Global Cache Folder Erased. <6> Files deleted.
Siparis.exe: 00000F2C: 01:02:07 [TUniServerModule]:Starting HTTP Server on Port: 8077...
Siparis.exe: 00000F2C: 01:02:07 [TUniServerModule]:HTTP Server Started on Port: 8077
Siparis.exe: 000014E0: 01:02:11 [HandleFileRequest[127.0.0.1]]:File not found: C:\UretimSource\FibrosanSiparis\Win32\Debug\images\Egehayat_logo.png
Siparis.exe: 000036C8: 01:03:09 []:>--------------------------------------------------------------<
Siparis.exe: 000036C8: 01:03:09 [TUniServerModule]:Server First Init.
Siparis.exe: 000036C8: 01:03:09 [TUniServerModule]:Debug Mode = ON
Siparis.exe: 000036C8: 01:03:09 [TUniServerModule]:Global Cache Folder Erased. <6> Files deleted.
Siparis.exe: 000036C8: 01:03:09 [TUniServerModule]:Starting HTTP Server on Port: 8077...
Siparis.exe: 000036C8: 01:03:09 [TUniServerModule]:HTTP Server Started on Port: 8077
Siparis.exe: 00003354: 01:03:21 [HandleFileRequest[127.0.0.1]]:File not found: C:\UretimSource\FibrosanSiparis\Win32\Debug\images\Egehayat_logo.png
Siparis.exe: 000003D8: 01:06:21 []:>--------------------------------------------------------------<
Siparis.exe: 000003D8: 01:06:21 [TUniServerModule]:Server First Init.
Siparis.exe: 000003D8: 01:06:21 [TUniServerModule]:Debug Mode = ON
Siparis.exe: 000003D8: 01:06:21 [TUniServerModule]:Global Cache Folder Erased. <6> Files deleted.
Siparis.exe: 000003D8: 01:06:21 [TUniServerModule]:Starting HTTP Server on Port: 8077...
Siparis.exe: 000003D8: 01:06:21 [TUniServerModule]:HTTP Server Started on Port: 8077
Siparis.exe: 000033C4: 01:06:27 [HandleFileRequest[127.0.0.1]]:File not found: C:\UretimSource\FibrosanSiparis\Win32\Debug\images\Egehayat_logo.png
Siparis.exe: 000015BC: 01:13:58 []:>--------------------------------------------------------------<
Siparis.exe: 000015BC: 01:13:58 [TUniServerModule]:Server First Init.
Siparis.exe: 000015BC: 01:13:58 [TUniServerModule]:Debug Mode = ON
Siparis.exe: 000015BC: 01:13:58 [TUniServerModule]:Global Cache Folder Erased. <6> Files deleted.
Siparis.exe: 000015BC: 01:13:58 [TUniServerModule]:Starting HTTP Server on Port: 8077...
Siparis.exe: 000015BC: 01:13:58 [TUniServerModule]:HTTP Server Started on Port: 8077
Siparis.exe: 000014F4: 01:14:08 [HandleFileRequest[127.0.0.1]]:File not found: C:\UretimSource\FibrosanSiparis\Win32\Debug\images\Egehayat_logo.png
Siparis.exe: 00003AFC: 01:15:39 []:>--------------------------------------------------------------<
Siparis.exe: 00003AFC: 01:15:39 [TUniServerModule]:Server First Init.
Siparis.exe: 00003AFC: 01:15:39 [TUniServerModule]:Debug Mode = ON
Siparis.exe: 00003AFC: 01:15:39 [TUniServerModule]:Global Cache Folder Erased. <6> Files deleted.
Siparis.exe: 00003AFC: 01:15:39 [TUniServerModule]:Starting HTTP Server on Port: 8077...
Siparis.exe: 00003AFC: 01:15:39 [TUniServerModule]:HTTP Server Started on Port: 8077
Siparis.exe: 00000B0C: 01:15:47 [HandleFileRequest[127.0.0.1]]:File not found: C:\UretimSource\FibrosanSiparis\Win32\Debug\images\Egehayat_logo.png
Siparis.exe: 0000314C: 01:17:06 []:>--------------------------------------------------------------<
Siparis.exe: 0000314C: 01:17:06 [TUniServerModule]:Server First Init.
Siparis.exe: 0000314C: 01:17:06 [TUniServerModule]:Debug Mode = ON
Siparis.exe: 0000314C: 01:17:06 [TUniServerModule]:Global Cache Folder Erased. <6> Files deleted.
Siparis.exe: 0000314C: 01:17:06 [TUniServerModule]:Starting HTTP Server on Port: 8077...
Siparis.exe: 0000314C: 01:17:06 [TUniServerModule]:HTTP Server Started on Port: 8077
Siparis.exe: 00001308: 01:17:09 [HandleFileRequest[127.0.0.1]]:File not found: C:\UretimSource\FibrosanSiparis\Win32\Debug\images\Egehayat_logo.png
Siparis.exe: 000016C0: 01:20:24 [HandleFileRequest[192.168.1.101]]:File not found: C:\UretimSource\FibrosanSiparis\Win32\Debug\images\Egehayat_logo.png
Siparis.exe: 00000E0C: 01:32:54 []:>--------------------------------------------------------------<
Siparis.exe: 00000E0C: 01:32:54 [TUniServerModule]:Server First Init.
Siparis.exe: 00000E0C: 01:32:54 [TUniServerModule]:Debug Mode = ON
Siparis.exe: 00000E0C: 01:32:54 [TUniServerModule]:Global Cache Folder Erased. <6> Files deleted.
Siparis.exe: 00000E0C: 01:32:54 [TUniServerModule]:Starting HTTP Server on Port: 8077...
Siparis.exe: 00000E0C: 01:32:54 [TUniServerModule]:HTTP Server Started on Port: 8077
Siparis.exe: 00003720: 01:33:08 [192.168.1.101]:EUniSessionException : Invalid session or session Timeout. (Session not found: zJBuKrsycN10A31D64B ) : Addr: $0078E8EE
Siparis.exe: 00002E28: 01:33:31 []:>--------------------------------------------------------------<
Siparis.exe: 00002E28: 01:33:31 [TUniServerModule]:Server First Init.
Siparis.exe: 00002E28: 01:33:31 [TUniServerModule]:Debug Mode = ON
Siparis.exe: 00002E28: 01:33:31 [TUniServerModule]:Global Cache Folder Erased. <8> Files deleted.
Siparis.exe: 00002E28: 01:33:31 [TUniServerModule]:Starting HTTP Server on Port: 8077...
Siparis.exe: 00002E28: 01:33:31 [TUniServerModule]:HTTP Server Started on Port: 8077
Siparis.exe: 00003134: 01:34:04 []:>--------------------------------------------------------------<
Siparis.exe: 00003134: 01:34:04 [TUniServerModule]:Server First Init.
Siparis.exe: 00003134: 01:34:04 [TUniServerModule]:Debug Mode = ON
Siparis.exe: 00003134: 01:34:04 [TUniServerModule]:Global Cache Folder Erased. <4> Files deleted.
Siparis.exe: 00003134: 01:34:04 [TUniServerModule]:Starting HTTP Server on Port: 8077...
Siparis.exe: 00003134: 01:34:04 [TUniServerModule]:HTTP Server Started on Port: 8077
Siparis.exe: 00003820: 01:35:25 []:>--------------------------------------------------------------<
Siparis.exe: 00003820: 01:35:25 [TUniServerModule]:Server First Init.
Siparis.exe: 00003820: 01:35:25 [TUniServerModule]:Debug Mode = ON
Siparis.exe: 00003820: 01:35:25 [TUniServerModule]:Global Cache Folder Erased. <4> Files deleted.
Siparis.exe: 00003820: 01:35:25 [TUniServerModule]:Starting HTTP Server on Port: 8077...
Siparis.exe: 00003820: 01:35:25 [TUniServerModule]:HTTP Server Started on Port: 8077
Siparis.exe: 000037A0: 01:35:29 [HandleFileRequest[127.0.0.1]]:File not found: C:\UretimSource\FibrosanSiparis\Win32\Debug\images\Egehayat_logo.png
Siparis.exe: 00002730: 01:35:32 [HandleFileRequest[192.168.1.101]]:File not found: C:\UretimSource\FibrosanSiparis\Win32\Debug\images\Egehayat_logo.png
Siparis.exe: 00000EEC: 01:41:12 []:>--------------------------------------------------------------<
Siparis.exe: 00000EEC: 01:41:12 [TUniServerModule]:Server First Init.
Siparis.exe: 00000EEC: 01:41:12 [TUniServerModule]:Debug Mode = ON
Siparis.exe: 00000EEC: 01:41:12 [TUniServerModule]:Global Cache Folder Erased. <8> Files deleted.
Siparis.exe: 00000EEC: 01:41:12 [TUniServerModule]:Starting HTTP Server on Port: 8077...
Siparis.exe: 00000EEC: 01:41:12 [TUniServerModule]:HTTP Server Started on Port: 8077
Siparis.exe: 00000538: 01:41:17 [HandleFileRequest[127.0.0.1]]:File not found: C:\UretimSource\FibrosanSiparis\Win32\Debug\images\Egehayat_logo.png
Siparis.exe: 00000BE8: 01:47:27 []:>--------------------------------------------------------------<
Siparis.exe: 00000BE8: 01:47:27 [TUniServerModule]:Server First Init.
Siparis.exe: 00000BE8: 01:47:27 [TUniServerModule]:Debug Mode = ON
Siparis.exe: 00000BE8: 01:47:27 [TUniServerModule]:Global Cache Folder Erased. <6> Files deleted.
Siparis.exe: 00000BE8: 01:47:28 [TUniServerModule]:Starting HTTP Server on Port: 8077...
Siparis.exe: 00000BE8: 01:47:28 [TUniServerModule]:HTTP Server Started on Port: 8077
Siparis.exe: 00001C80: 01:47:32 [HandleFileRequest[127.0.0.1]]:File not found: C:\UretimSource\FibrosanSiparis\Win32\Debug\images\Egehayat_logo.png
Siparis.exe: 00003674: 01:52:36 []:>--------------------------------------------------------------<
Siparis.exe: 00003674: 01:52:36 [TUniServerModule]:Server First Init.
Siparis.exe: 00003674: 01:52:36 [TUniServerModule]:Debug Mode = ON
Siparis.exe: 00003674: 01:52:37 [TUniServerModule]:Global Cache Folder Erased. <6> Files deleted.
Siparis.exe: 00003674: 01:52:37 [TUniServerModule]:Starting HTTP Server on Port: 8077...
Siparis.exe: 00003674: 01:52:37 [TUniServerModule]:HTTP Server Started on Port: 8077
Siparis.exe: 0000128C: 01:52:41 [HandleFileRequest[127.0.0.1]]:File not found: C:\UretimSource\FibrosanSiparis\Win32\Debug\images\Egehayat_logo.png
Siparis.exe: 00001BF0: 01:53:06 [192.168.1.101]:EUniSessionException : Invalid session or session Timeout. (Session not found: c9VDoJErou10A31DA69 ) : Addr: $0078E8EE
Siparis.exe: 0000167C: 01:53:06 [HandleFileRequest[192.168.1.101]]:File not found: C:\UretimSource\FibrosanSiparis\Win32\Debug\images\Egehayat_logo.png
Siparis.exe: 00003568: 01:55:00 []:>--------------------------------------------------------------<
Siparis.exe: 00003568: 01:55:00 [TUniServerModule]:Server First Init.
Siparis.exe: 00003568: 01:55:00 [TUniServerModule]:Debug Mode = ON
Siparis.exe: 00003568: 01:55:00 [TUniServerModule]:Global Cache Folder Erased. <12> Files deleted.
Siparis.exe: 00003568: 01:55:00 [TUniServerModule]:Starting HTTP Server on Port: 8077...
Siparis.exe: 00003568: 01:55:00 [TUniServerModule]:HTTP Server Started on Port: 8077
Siparis.exe: 00002878: 01:55:05 [HandleFileRequest[127.0.0.1]]:File not found: C:\UretimSource\FibrosanSiparis\Win32\Debug\images\Egehayat_logo.png
Siparis.exe: 00000620: 01:55:17 [192.168.1.101]:EUniSessionException : Invalid session or session Timeout. (Session not found: 8cwAgFrVvj10A31DF2A ) : Addr: $0078E8EE
Siparis.exe: 00002BD8: 01:55:17 [HandleFileRequest[192.168.1.101]]:File not found: C:\UretimSource\FibrosanSiparis\Win32\Debug\images\Egehayat_logo.png
Siparis.exe: 000033E4: 02:25:58 []:>--------------------------------------------------------------<
Siparis.exe: 000033E4: 02:25:58 [TUniServerModule]:Server First Init.
Siparis.exe: 000033E4: 02:25:58 [TUniServerModule]:Debug Mode = ON
Siparis.exe: 000033E4: 02:25:58 [TUniServerModule]:Global Cache Folder Erased. <11> Files deleted.
Siparis.exe: 000033E4: 02:25:58 [TUniServerModule]:Starting HTTP Server on Port: 8077...
Siparis.exe: 000033E4: 02:25:58 [TUniServerModule]:HTTP Server Started on Port: 8077
Siparis.exe: 0000385C: 02:26:00 [HandleFileRequest[127.0.0.1]]:File not found: C:\UretimSource\FibrosanSiparis\Win32\Debug\images\Egehayat_logo.png
Siparis.exe: 0000089C: 02:26:43 [192.168.1.101]:EUniSessionException : Invalid session or session Timeout. (Session not found: 1ndJIX9QNz10A31DFC3 ) : Addr: $0078E91A
Siparis.exe: 00000660: 02:26:43 [HandleFileRequest[192.168.1.101]]:File not found: C:\UretimSource\FibrosanSiparis\Win32\Debug\images\Egehayat_logo.png
Siparis.exe: 000017D0: 02:26:46 [HandleFileRequest[192.168.1.101]]:File not found: C:\UretimSource\FibrosanSiparis\Win32\Debug\images\Egehayat_logo.png
Siparis.exe: 00000518: 02:41:56 []:>--------------------------------------------------------------<
Siparis.exe: 00000518: 02:41:56 [TUniServerModule]:Server First Init.
Siparis.exe: 00000518: 02:41:56 [TUniServerModule]:Debug Mode = ON
Siparis.exe: 00000518: 02:41:56 [TUniServerModule]:Global Cache Folder Erased. <12> Files deleted.
Siparis.exe: 00000518: 02:41:56 [TUniServerModule]:Starting HTTP Server on Port: 8077...
Siparis.exe: 00000518: 02:41:56 [TUniServerModule]:HTTP Server Started on Port: 8077
Siparis.exe: 000004E8: 02:41:58 [HandleFileRequest[127.0.0.1]]:File not found: C:\UretimSource\FibrosanSiparis\Win32\Debug\images\Egehayat_logo.png
Siparis.exe: 00003160: 02:46:43 []:>--------------------------------------------------------------<
Siparis.exe: 00003160: 02:46:43 [TUniServerModule]:Server First Init.
Siparis.exe: 00003160: 02:46:43 [TUniServerModule]:Debug Mode = ON
Siparis.exe: 00003160: 02:46:43 [TUniServerModule]:Global Cache Folder Erased. <7> Files deleted.
Siparis.exe: 00003160: 02:46:43 [TUniServerModule]:Starting HTTP Server on Port: 8077...
Siparis.exe: 00003160: 02:46:43 [TUniServerModule]:HTTP Server Started on Port: 8077
Siparis.exe: 000013EC: 02:46:49 [HandleFileRequest[127.0.0.1]]:File not found: C:\UretimSource\FibrosanSiparis\Win32\Debug\images\Egehayat_logo.png
Siparis.exe: 00000AA0: 02:52:28 []:>--------------------------------------------------------------<
Siparis.exe: 00000AA0: 02:52:28 [TUniServerModule]:Server First Init.
Siparis.exe: 00000AA0: 02:52:28 [TUniServerModule]:Debug Mode = ON
Siparis.exe: 00000AA0: 02:52:28 [TUniServerModule]:Global Cache Folder Erased. <8> Files deleted.
Siparis.exe: 00000AA0: 02:52:28 [TUniServerModule]:Starting HTTP Server on Port: 8077...
Siparis.exe: 00000AA0: 02:52:28 [TUniServerModule]:HTTP Server Started on Port: 8077
Siparis.exe: 000030F4: 02:52:31 [HandleFileRequest[127.0.0.1]]:File not found: C:\UretimSource\FibrosanSiparis\Win32\Debug\images\Egehayat_logo.png
Siparis.exe: 000033AC: 02:52:46 [127.0.0.1]:EDatabaseError : memStok: Dataset not in edit or insert mode : Addr: $0065986E
Siparis.exe: 00002C38: 02:53:17 []:>--------------------------------------------------------------<
Siparis.exe: 00002C38: 02:53:17 [TUniServerModule]:Server First Init.
Siparis.exe: 00002C38: 02:53:17 [TUniServerModule]:Debug Mode = ON
Siparis.exe: 00002C38: 02:53:17 [TUniServerModule]:Global Cache Folder Erased. <7> Files deleted.
Siparis.exe: 00002C38: 02:53:17 [TUniServerModule]:Starting HTTP Server on Port: 8077...
Siparis.exe: 00002C38: 02:53:17 [TUniServerModule]:HTTP Server Started on Port: 8077
Siparis.exe: 00000B78: 02:53:22 [HandleFileRequest[127.0.0.1]]:File not found: C:\UretimSource\FibrosanSiparis\Win32\Debug\images\Egehayat_logo.png
Siparis.exe: 00003640: 02:53:34 [192.168.1.101]:EUniSessionException : Invalid session or session Timeout. (Session not found: nZLLCY3P9d10A31E84F ) : Addr: $0078E91A
Siparis.exe: 000000D4: 02:53:36 [HandleFileRequest[192.168.1.101]]:File not found: C:\UretimSource\FibrosanSiparis\Win32\Debug\images\Egehayat_logo.png
Siparis.exe: 000037A0: 02:53:56 [HandleFileRequest[192.168.1.101]]:File not found: C:\UretimSource\FibrosanSiparis\Win32\Debug\images\Egehayat_logo.png
Siparis.exe: 00002C84: 02:56:16 [HandleFileRequest[192.168.1.101]]:File not found: C:\UretimSource\FibrosanSiparis\Win32\Debug\images\Egehayat_logo.png
Siparis.exe: 000020E0: 03:07:15 []:>--------------------------------------------------------------<
Siparis.exe: 000020E0: 03:07:15 [TUniServerModule]:Server First Init.
Siparis.exe: 000020E0: 03:07:15 [TUniServerModule]:Debug Mode = ON
Siparis.exe: 000020E0: 03:07:15 [TUniServerModule]:Global Cache Folder Erased. <12> Files deleted.
Siparis.exe: 000020E0: 03:07:15 [TUniServerModule]:Starting HTTP Server on Port: 8077...
Siparis.exe: 000020E0: 03:07:15 [TUniServerModule]:HTTP Server Started on Port: 8077
Siparis.exe: 000008A0: 03:07:19 [HandleFileRequest[127.0.0.1]]:File not found: C:\UretimSource\FibrosanSiparis\Win32\Debug\images\Egehayat_logo.png
