Siparis.exe: 000033F0: 00:28:08 []:>--------------------------------------------------------------<
Siparis.exe: 000033F0: 00:28:08 [TUniServerModule]:Server First Init.
Siparis.exe: 000033F0: 00:28:08 [TUniServerModule]:Debug Mode = ON
Siparis.exe: 000033F0: 00:28:08 [TUniServerModule]:Global Cache Folder Erased. <8> Files deleted.
Siparis.exe: 000033F0: 00:28:08 [TUniServerModule]:Starting HTTP Server on Port: 8077...
Siparis.exe: 000033F0: 00:28:08 [TUniServerModule]:HTTP Server Started on Port: 8077
Siparis.exe: 000024A0: 00:28:14 [HandleFileRequest[127.0.0.1]]:File not found: C:\UretimSource\FibrosanSiparis\Win32\Debug\images\Egehayat_logo.png
Siparis.exe: 000040F4: 00:29:46 []:>--------------------------------------------------------------<
Siparis.exe: 000040F4: 00:29:46 [TUniServerModule]:Server First Init.
Siparis.exe: 000040F4: 00:29:46 [TUniServerModule]:Debug Mode = ON
Siparis.exe: 000040F4: 00:29:46 [TUniServerModule]:Global Cache Folder Erased. <9> Files deleted.
Siparis.exe: 000040F4: 00:29:46 [TUniServerModule]:Starting HTTP Server on Port: 8077...
Siparis.exe: 000040F4: 00:29:46 [TUniServerModule]:HTTP Server Started on Port: 8077
Siparis.exe: 00003EFC: 00:29:51 [HandleFileRequest[127.0.0.1]]:File not found: C:\UretimSource\FibrosanSiparis\Win32\Debug\images\Egehayat_logo.png
Siparis.exe: 00004A30: 00:32:03 []:>--------------------------------------------------------------<
Siparis.exe: 00004A30: 00:32:03 [TUniServerModule]:Server First Init.
Siparis.exe: 00004A30: 00:32:03 [TUniServerModule]:Debug Mode = ON
Siparis.exe: 00004A30: 00:32:03 [TUniServerModule]:Global Cache Folder Erased. <9> Files deleted.
Siparis.exe: 00004A30: 00:32:03 [TUniServerModule]:Starting HTTP Server on Port: 8077...
Siparis.exe: 00004A30: 00:32:03 [TUniServerModule]:HTTP Server Started on Port: 8077
Siparis.exe: 00001854: 00:32:06 [127.0.0.1]:EUniSessionException : Invalid session or session Timeout. (Session not found: atik4ecvpK10A365C79 ) : Addr: $0078E91A
Siparis.exe: 00004900: 00:32:06 [HandleFileRequest[127.0.0.1]]:File not found: C:\UretimSource\FibrosanSiparis\Win32\Debug\images\Egehayat_logo.png
Siparis.exe: 000041C8: 00:33:26 []:>--------------------------------------------------------------<
Siparis.exe: 000041C8: 00:33:26 [TUniServerModule]:Server First Init.
Siparis.exe: 000041C8: 00:33:26 [TUniServerModule]:Debug Mode = ON
Siparis.exe: 000041C8: 00:33:26 [TUniServerModule]:Global Cache Folder Erased. <8> Files deleted.
Siparis.exe: 000041C8: 00:33:26 [TUniServerModule]:Starting HTTP Server on Port: 8077...
Siparis.exe: 000041C8: 00:33:26 [TUniServerModule]:HTTP Server Started on Port: 8077
Siparis.exe: 000028F0: 00:33:31 [HandleFileRequest[127.0.0.1]]:File not found: C:\UretimSource\FibrosanSiparis\Win32\Debug\images\Egehayat_logo.png
Siparis.exe: 0000382C: 00:48:04 []:>--------------------------------------------------------------<
Siparis.exe: 0000382C: 00:48:04 [TUniServerModule]:Server First Init.
Siparis.exe: 0000382C: 00:48:04 [TUniServerModule]:Debug Mode = ON
Siparis.exe: 0000382C: 00:48:04 [TUniServerModule]:Global Cache Folder Erased. <8> Files deleted.
Siparis.exe: 0000382C: 00:48:04 [TUniServerModule]:Starting HTTP Server on Port: 8077...
Siparis.exe: 0000382C: 00:48:04 [TUniServerModule]:HTTP Server Started on Port: 8077
Siparis.exe: 00000C20: 00:48:10 [HandleFileRequest[127.0.0.1]]:File not found: C:\UretimSource\FibrosanSiparis\Win32\Debug\images\Egehayat_logo.png
Siparis.exe: 000031BC: 00:51:27 []:>--------------------------------------------------------------<
Siparis.exe: 000031BC: 00:51:27 [TUniServerModule]:Server First Init.
Siparis.exe: 000031BC: 00:51:27 [TUniServerModule]:Debug Mode = ON
Siparis.exe: 000031BC: 00:51:27 [TUniServerModule]:Global Cache Folder Erased. <8> Files deleted.
Siparis.exe: 000031BC: 00:51:27 [TUniServerModule]:Starting HTTP Server on Port: 8077...
Siparis.exe: 000031BC: 00:51:27 [TUniServerModule]:HTTP Server Started on Port: 8077
Siparis.exe: 000011D4: 00:51:29 [HandleFileRequest[127.0.0.1]]:File not found: C:\UretimSource\FibrosanSiparis\Win32\Debug\images\Egehayat_logo.png
Siparis.exe: 00004070: 00:52:12 []:>--------------------------------------------------------------<
Siparis.exe: 00004070: 00:52:12 [TUniServerModule]:Server First Init.
Siparis.exe: 00004070: 00:52:12 [TUniServerModule]:Debug Mode = ON
Siparis.exe: 00004070: 00:52:12 [TUniServerModule]:Global Cache Folder Erased. <8> Files deleted.
Siparis.exe: 00004070: 00:52:12 [TUniServerModule]:Starting HTTP Server on Port: 8077...
Siparis.exe: 00004070: 00:52:12 [TUniServerModule]:HTTP Server Started on Port: 8077
Siparis.exe: 0000097C: 00:52:16 [HandleFileRequest[127.0.0.1]]:File not found: C:\UretimSource\FibrosanSiparis\Win32\Debug\images\Egehayat_logo.png
Siparis.exe: 00004734: 00:53:57 []:>--------------------------------------------------------------<
Siparis.exe: 00004734: 00:53:57 [TUniServerModule]:Server First Init.
Siparis.exe: 00004734: 00:53:57 [TUniServerModule]:Debug Mode = ON
Siparis.exe: 00004734: 00:53:57 [TUniServerModule]:Global Cache Folder Erased. <10> Files deleted.
Siparis.exe: 00004734: 00:53:57 [TUniServerModule]:Starting HTTP Server on Port: 8077...
Siparis.exe: 00004734: 00:53:57 [TUniServerModule]:HTTP Server Started on Port: 8077
Siparis.exe: 000005A8: 00:54:02 [HandleFileRequest[127.0.0.1]]:File not found: C:\UretimSource\FibrosanSiparis\Win32\Debug\images\Egehayat_logo.png
Siparis.exe: 000036AC: 00:57:44 []:>--------------------------------------------------------------<
Siparis.exe: 000036AC: 00:57:44 [TUniServerModule]:Server First Init.
Siparis.exe: 000036AC: 00:57:44 [TUniServerModule]:Debug Mode = ON
Siparis.exe: 000036AC: 00:57:44 [TUniServerModule]:Global Cache Folder Erased. <10> Files deleted.
Siparis.exe: 000036AC: 00:57:44 [TUniServerModule]:Starting HTTP Server on Port: 8077...
Siparis.exe: 000036AC: 00:57:44 [TUniServerModule]:HTTP Server Started on Port: 8077
Siparis.exe: 00003FF4: 00:57:48 [127.0.0.1]:EUniSessionException : Invalid session or session Timeout. (Session not found: 3gkvjPjt5E10A366308 ) : Addr: $0078E91A
Siparis.exe: 0000424C: 00:57:51 [HandleFileRequest[127.0.0.1]]:File not found: C:\UretimSource\FibrosanSiparis\Win32\Debug\images\Egehayat_logo.png
Siparis.exe: 00003AD4: 01:07:42 []:>--------------------------------------------------------------<
Siparis.exe: 00003AD4: 01:07:42 [TUniServerModule]:Server First Init.
Siparis.exe: 00003AD4: 01:07:42 [TUniServerModule]:Debug Mode = ON
Siparis.exe: 00003AD4: 01:07:42 [TUniServerModule]:Global Cache Folder Erased. <11> Files deleted.
Siparis.exe: 00003AD4: 01:07:42 [TUniServerModule]:Starting HTTP Server on Port: 8077...
Siparis.exe: 00003AD4: 01:07:42 [TUniServerModule]:HTTP Server Started on Port: 8077
Siparis.exe: 00004964: 01:07:50 [HandleFileRequest[127.0.0.1]]:File not found: C:\UretimSource\FibrosanSiparis\Win32\Debug\images\Egehayat_logo.png
Siparis.exe: 000042A8: 01:15:31 []:>--------------------------------------------------------------<
Siparis.exe: 000042A8: 01:15:31 [TUniServerModule]:Server First Init.
Siparis.exe: 000042A8: 01:15:31 [TUniServerModule]:Debug Mode = ON
Siparis.exe: 000042A8: 01:15:31 [TUniServerModule]:Global Cache Folder Erased. <14> Files deleted.
Siparis.exe: 000042A8: 01:15:31 [TUniServerModule]:Starting HTTP Server on Port: 8077...
Siparis.exe: 000042A8: 01:15:31 [TUniServerModule]:HTTP Server Started on Port: 8077
Siparis.exe: 0000024C: 01:17:12 [HandleFileRequest[127.0.0.1]]:File not found: C:\UretimSource\FibrosanSiparis\Win32\Debug\images\Egehayat_logo.png
Siparis.exe: 00004454: 01:18:08 []:>--------------------------------------------------------------<
Siparis.exe: 00004454: 01:18:08 [TUniServerModule]:Server First Init.
Siparis.exe: 00004454: 01:18:08 [TUniServerModule]:Debug Mode = ON
Siparis.exe: 00004454: 01:18:08 [TUniServerModule]:Global Cache Folder Erased. <6> Files deleted.
Siparis.exe: 00004454: 01:18:08 [TUniServerModule]:Starting HTTP Server on Port: 8077...
Siparis.exe: 00004454: 01:18:08 [TUniServerModule]:HTTP Server Started on Port: 8077
Siparis.exe: 00004308: 01:18:14 [HandleFileRequest[127.0.0.1]]:File not found: C:\UretimSource\FibrosanSiparis\Win32\Debug\images\Egehayat_logo.png
Siparis.exe: 0000221C: 01:27:53 []:>--------------------------------------------------------------<
Siparis.exe: 0000221C: 01:27:53 [TUniServerModule]:Server First Init.
Siparis.exe: 0000221C: 01:27:53 [TUniServerModule]:Debug Mode = ON
Siparis.exe: 0000221C: 01:27:53 [TUniServerModule]:Global Cache Folder Erased. <6> Files deleted.
Siparis.exe: 0000221C: 01:27:53 [TUniServerModule]:Starting HTTP Server on Port: 8077...
Siparis.exe: 0000221C: 01:27:53 [TUniServerModule]:HTTP Server Started on Port: 8077
Siparis.exe: 00004DA4: 01:28:06 [HandleFileRequest[127.0.0.1]]:File not found: C:\UretimSource\FibrosanSiparis\Win32\Debug\images\Egehayat_logo.png
Siparis.exe: 000038F4: 01:30:24 []:>--------------------------------------------------------------<
Siparis.exe: 000038F4: 01:30:24 [TUniServerModule]:Server First Init.
Siparis.exe: 000038F4: 01:30:24 [TUniServerModule]:Debug Mode = ON
Siparis.exe: 000038F4: 01:30:24 [TUniServerModule]:Global Cache Folder Erased. <8> Files deleted.
Siparis.exe: 000038F4: 01:30:24 [TUniServerModule]:Starting HTTP Server on Port: 8077...
Siparis.exe: 000038F4: 01:30:24 [TUniServerModule]:HTTP Server Started on Port: 8077
Siparis.exe: 00002B04: 01:30:28 [127.0.0.1]:EUniSessionException : Invalid session or session Timeout. (Session not found: gmeBbmiUDg10A366C46 ) : Addr: $0078E91A
Siparis.exe: 0000245C: 01:30:31 [HandleFileRequest[127.0.0.1]]:File not found: C:\UretimSource\FibrosanSiparis\Win32\Debug\images\Egehayat_logo.png
Siparis.exe: 00004440: 01:32:37 []:>--------------------------------------------------------------<
Siparis.exe: 00004440: 01:32:37 [TUniServerModule]:Server First Init.
Siparis.exe: 00004440: 01:32:37 [TUniServerModule]:Debug Mode = ON
Siparis.exe: 00004440: 01:32:37 [TUniServerModule]:Global Cache Folder Erased. <8> Files deleted.
Siparis.exe: 00004440: 01:32:37 [TUniServerModule]:Starting HTTP Server on Port: 8077...
Siparis.exe: 00004440: 01:32:37 [TUniServerModule]:HTTP Server Started on Port: 8077
Siparis.exe: 00004390: 01:32:45 [127.0.0.1]:EUniSessionException : Invalid session or session Timeout. (Session not found: f1ttxZIv8f10A366CEE ) : Addr: $0078E91A
Siparis.exe: 0000396C: 01:32:47 [HandleFileRequest[127.0.0.1]]:File not found: C:\UretimSource\FibrosanSiparis\Win32\Debug\images\Egehayat_logo.png
Siparis.exe: 00004FC0: 01:49:06 []:>--------------------------------------------------------------<
Siparis.exe: 00004FC0: 01:49:06 [TUniServerModule]:Server First Init.
Siparis.exe: 00004FC0: 01:49:06 [TUniServerModule]:Debug Mode = ON
Siparis.exe: 00004FC0: 01:49:06 [TUniServerModule]:Global Cache Folder Erased. <9> Files deleted.
Siparis.exe: 00004FC0: 01:49:06 [TUniServerModule]:Starting HTTP Server on Port: 8077...
Siparis.exe: 00004FC0: 01:49:06 [TUniServerModule]:HTTP Server Started on Port: 8077
Siparis.exe: 000031F8: 01:49:13 [HandleFileRequest[127.0.0.1]]:File not found: C:\UretimSource\FibrosanSiparis\Win32\Debug\images\Egehayat_logo.png
Siparis.exe: 00002DF8: 01:51:32 []:>--------------------------------------------------------------<
Siparis.exe: 00002DF8: 01:51:32 [TUniServerModule]:Server First Init.
Siparis.exe: 00002DF8: 01:51:32 [TUniServerModule]:Debug Mode = ON
Siparis.exe: 00002DF8: 01:51:32 [TUniServerModule]:Global Cache Folder Erased. <8> Files deleted.
Siparis.exe: 00002DF8: 01:51:32 [TUniServerModule]:Starting HTTP Server on Port: 8077...
Siparis.exe: 00002DF8: 01:51:32 [TUniServerModule]:HTTP Server Started on Port: 8077
Siparis.exe: 00000C84: 01:51:34 [127.0.0.1]:EUniSessionException : Invalid session or session Timeout. (Session not found: AdYV86SQkK10A367200 ) : Addr: $0078E91A
Siparis.exe: 00003DC0: 01:51:37 [HandleFileRequest[127.0.0.1]]:File not found: C:\UretimSource\FibrosanSiparis\Win32\Debug\images\Egehayat_logo.png
Siparis.exe: 00003BF8: 01:55:59 []:>--------------------------------------------------------------<
Siparis.exe: 00003BF8: 01:55:59 [TUniServerModule]:Server First Init.
Siparis.exe: 00003BF8: 01:55:59 [TUniServerModule]:Debug Mode = ON
Siparis.exe: 00003BF8: 01:55:59 [TUniServerModule]:Global Cache Folder Erased. <9> Files deleted.
Siparis.exe: 00003BF8: 01:55:59 [TUniServerModule]:Starting HTTP Server on Port: 8077...
Siparis.exe: 00003BF8: 01:55:59 [TUniServerModule]:HTTP Server Started on Port: 8077
Siparis.exe: 000037B4: 01:56:05 [HandleFileRequest[127.0.0.1]]:File not found: C:\UretimSource\FibrosanSiparis\Win32\Debug\images\Egehayat_logo.png
Siparis.exe: 00002668: 02:12:52 []:>--------------------------------------------------------------<
Siparis.exe: 00002668: 02:12:52 [TUniServerModule]:Server First Init.
Siparis.exe: 00002668: 02:12:52 [TUniServerModule]:Debug Mode = ON
Siparis.exe: 00002668: 02:12:52 [TUniServerModule]:Global Cache Folder Erased. <11> Files deleted.
Siparis.exe: 00002668: 02:12:52 [TUniServerModule]:Starting HTTP Server on Port: 8077...
Siparis.exe: 00002668: 02:12:52 [TUniServerModule]:HTTP Server Started on Port: 8077
Siparis.exe: 000005F0: 02:12:58 [HandleFileRequest[127.0.0.1]]:File not found: C:\UretimSource\FibrosanSiparis\Win32\Debug\images\Egehayat_logo.png
Siparis.exe: 00002328: 02:31:39 []:>--------------------------------------------------------------<
Siparis.exe: 00002328: 02:31:39 [TUniServerModule]:Server First Init.
Siparis.exe: 00002328: 02:31:39 [TUniServerModule]:Debug Mode = ON
Siparis.exe: 00002328: 02:31:39 [TUniServerModule]:Global Cache Folder Erased. <11> Files deleted.
Siparis.exe: 00002328: 02:31:39 [TUniServerModule]:Starting HTTP Server on Port: 8077...
Siparis.exe: 00002328: 02:31:39 [TUniServerModule]:HTTP Server Started on Port: 8077
Siparis.exe: 00003EA4: 02:31:41 [HandleFileRequest[127.0.0.1]]:File not found: C:\UretimSource\FibrosanSiparis\Win32\Debug\images\Egehayat_logo.png
