Siparis.exe: 000041F8: 23:42:17 []:>--------------------------------------------------------------<
Siparis.exe: 000041F8: 23:42:17 [TUniServerModule]:Server First Init.
Siparis.exe: 000041F8: 23:42:17 [TUniServerModule]:Debug Mode = ON
Siparis.exe: 000041F8: 23:42:17 [TUniServerModule]:Global Cache Folder Erased. <1> Files deleted.
Siparis.exe: 000041F8: 23:42:17 [TUniServerModule]:Starting HTTP Server on Port: 8077...
Siparis.exe: 000041F8: 23:42:17 [TUniServerModule]:HTTP Server Started on Port: 8077
Siparis.exe: 00004464: 23:51:03 []:>--------------------------------------------------------------<
Siparis.exe: 00004464: 23:51:03 [TUniServerModule]:Server First Init.
Siparis.exe: 00004464: 23:51:03 [TUniServerModule]:Debug Mode = ON
Siparis.exe: 00004464: 23:51:03 [TUniServerModule]:Global Cache Folder Erased. <12> Files deleted.
Siparis.exe: 00004464: 23:51:03 [TUniServerModule]:Starting HTTP Server on Port: 8077...
Siparis.exe: 00004464: 23:51:03 [TUniServerModule]:HTTP Server Started on Port: 8077
Siparis.exe: 00001D44: 23:51:10 [127.0.0.1]:EUniSessionException : Invalid session or session Timeout. (Session not found: YiWJsCJR3w10A5967F9 ) : Addr: $007E125A
Siparis.exe: 00001CC4: 23:51:37 []:>--------------------------------------------------------------<
Siparis.exe: 00001CC4: 23:51:37 [TUniServerModule]:Server First Init.
Siparis.exe: 00001CC4: 23:51:37 [TUniServerModule]:Debug Mode = ON
Siparis.exe: 00001CC4: 23:51:37 [TUniServerModule]:Global Cache Folder Erased. <11> Files deleted.
Siparis.exe: 00001CC4: 23:51:37 [TUniServerModule]:Starting HTTP Server on Port: 8077...
Siparis.exe: 00001CC4: 23:51:37 [TUniServerModule]:HTTP Server Started on Port: 8077
Siparis.exe: 00002FE0: 23:51:45 [127.0.0.1]:EUniSessionException : Invalid session or session Timeout. (Session not found: StzUxOQgs510A596A57 ) : Addr: $007E125A
Siparis.exe: 00003A58: 23:55:20 []:>--------------------------------------------------------------<
Siparis.exe: 00003A58: 23:55:20 [TUniServerModule]:Server First Init.
Siparis.exe: 00003A58: 23:55:20 [TUniServerModule]:Debug Mode = ON
Siparis.exe: 00003A58: 23:55:20 [TUniServerModule]:Global Cache Folder Erased. <12> Files deleted.
Siparis.exe: 00003A58: 23:55:20 [TUniServerModule]:Starting HTTP Server on Port: 8077...
Siparis.exe: 00003A58: 23:55:20 [TUniServerModule]:HTTP Server Started on Port: 8077
Siparis.exe: 00000FE8: 23:55:28 [127.0.0.1]:EUniSessionException : Invalid session or session Timeout. (Session not found: msD5D5InCC10A596A80 ) : Addr: $007E125A
Siparis.exe: 000042AC: 23:57:12 []:>--------------------------------------------------------------<
Siparis.exe: 000042AC: 23:57:12 [TUniServerModule]:Server First Init.
Siparis.exe: 000042AC: 23:57:12 [TUniServerModule]:Debug Mode = ON
Siparis.exe: 000042AC: 23:57:12 [TUniServerModule]:Global Cache Folder Erased. <12> Files deleted.
Siparis.exe: 000042AC: 23:57:12 [TUniServerModule]:Starting HTTP Server on Port: 8077...
Siparis.exe: 000042AC: 23:57:12 [TUniServerModule]:HTTP Server Started on Port: 8077
Siparis.exe: 0000470C: 23:57:21 [127.0.0.1]:EUniSessionException : Invalid session or session Timeout. (Session not found: E3SJhshsMg10A596B82 ) : Addr: $007E125A
