Siparis.exe: 00000848: 00:13:57 []:>--------------------------------------------------------------<
Siparis.exe: 00000848: 00:13:57 [TUniServerModule]:Server First Init.
Siparis.exe: 00000848: 00:13:57 [TUniServerModule]:Debug Mode = ON
Siparis.exe: 00000848: 00:13:57 [TUniServerModule]:Global Cache Folder Erased. <8> Files deleted.
Siparis.exe: 00000848: 00:13:57 [TUniServerModule]:Starting HTTP Server on Port: 8077...
Siparis.exe: 00000848: 00:13:57 [TUniServerModule]:HTTP Server Started on Port: 8077
Siparis.exe: 00001F50: 00:18:33 []:>--------------------------------------------------------------<
Siparis.exe: 00001F50: 00:18:33 [TUniServerModule]:Server First Init.
Siparis.exe: 00001F50: 00:18:33 [TUniServerModule]:Debug Mode = ON
Siparis.exe: 00001F50: 00:18:33 [TUniServerModule]:Global Cache Folder Erased. <20> Files deleted.
Siparis.exe: 00001F50: 00:18:33 [TUniServerModule]:Starting HTTP Server on Port: 8077...
Siparis.exe: 00001F50: 00:18:33 [TUniServerModule]:HTTP Server Started on Port: 8077
Siparis.exe: 00002904: 00:19:36 []:>--------------------------------------------------------------<
Siparis.exe: 00002904: 00:19:36 [TUniServerModule]:Server First Init.
Siparis.exe: 00002904: 00:19:36 [TUniServerModule]:Debug Mode = ON
Siparis.exe: 00002904: 00:19:36 [TUniServerModule]:Global Cache Folder Erased. <1> Files deleted.
Siparis.exe: 00002904: 00:19:36 [TUniServerModule]:Starting HTTP Server on Port: 8077...
Siparis.exe: 00002904: 00:19:36 [TUniServerModule]:HTTP Server Started on Port: 8077
Siparis.exe: 00000A7C: 00:20:24 [127.0.0.1]:EUniSessionException : Invalid session or session Timeout. (Session not found: IelGjJGFSI10AA5BBD2 ) : Addr: $007E149E
Siparis.exe: 00001540: 00:26:50 []:>--------------------------------------------------------------<
Siparis.exe: 00001540: 00:26:50 [TUniServerModule]:Server First Init.
Siparis.exe: 00001540: 00:26:50 [TUniServerModule]:Debug Mode = ON
Siparis.exe: 00001540: 00:26:50 [TUniServerModule]:Global Cache Folder Erased. <20> Files deleted.
Siparis.exe: 00001540: 00:26:50 [TUniServerModule]:Starting HTTP Server on Port: 8077...
Siparis.exe: 00001540: 00:26:50 [TUniServerModule]:HTTP Server Started on Port: 8077
Siparis.exe: 0000327C: 00:27:03 [127.0.0.1]:EUniSessionException : Invalid session or session Timeout. (Session not found: 62h6WylFgm10AA5BD87 ) : Addr: $007E149E
Siparis.exe: 0000166C: 00:36:20 []:>--------------------------------------------------------------<
Siparis.exe: 0000166C: 00:36:20 [TUniServerModule]:Server First Init.
Siparis.exe: 0000166C: 00:36:20 [TUniServerModule]:Debug Mode = ON
Siparis.exe: 0000166C: 00:36:20 [TUniServerModule]:Global Cache Folder Erased. <16> Files deleted.
Siparis.exe: 0000166C: 00:36:20 [TUniServerModule]:Starting HTTP Server on Port: 8077...
Siparis.exe: 0000166C: 00:36:20 [TUniServerModule]:HTTP Server Started on Port: 8077
Siparis.exe: 00000C4C: 00:36:23 [127.0.0.1]:EUniSessionException : Invalid session or session Timeout. (Session not found: Z2msadJhMk10AA5BF53 ) : Addr: $007E149E
Siparis.exe: 00000E2C: 00:44:26 []:>--------------------------------------------------------------<
Siparis.exe: 00000E2C: 00:44:26 [TUniServerModule]:Server First Init.
Siparis.exe: 00000E2C: 00:44:26 [TUniServerModule]:Debug Mode = ON
Siparis.exe: 00000E2C: 00:44:26 [TUniServerModule]:Global Cache Folder Erased. <19> Files deleted.
Siparis.exe: 00000E2C: 00:44:26 [TUniServerModule]:Starting HTTP Server on Port: 8077...
Siparis.exe: 00000E2C: 00:44:26 [TUniServerModule]:HTTP Server Started on Port: 8077
Siparis.exe: 00000FD4: 00:44:32 [127.0.0.1]:EUniSessionException : Invalid session or session Timeout. (Session not found: tz3L5O8RYQ10AA5C1DF ) : Addr: $007E149E
Siparis.exe: 00001600: 09:22:19 []:>--------------------------------------------------------------<
Siparis.exe: 00001600: 09:22:19 [TUniServerModule]:Server First Init.
Siparis.exe: 00001600: 09:22:19 [TUniServerModule]:Debug Mode = ON
Siparis.exe: 00001600: 09:22:19 [TUniServerModule]:Global Cache Folder Erased. <16> Files deleted.
Siparis.exe: 00001600: 09:22:19 [TUniServerModule]:Starting HTTP Server on Port: 8077...
Siparis.exe: 00001600: 09:22:19 [TUniServerModule]:HTTP Server Started on Port: 8077
Siparis.exe: 00003C3C: 09:22:41 []:>--------------------------------------------------------------<
Siparis.exe: 00003C3C: 09:22:41 [TUniServerModule]:Server First Init.
Siparis.exe: 00003C3C: 09:22:41 [TUniServerModule]:Debug Mode = ON
Siparis.exe: 00003C3C: 09:22:42 [TUniServerModule]:Global Cache Folder Erased. <1> Files deleted.
Siparis.exe: 00003C3C: 09:22:42 [TUniServerModule]:Starting HTTP Server on Port: 8077...
Siparis.exe: 00003C3C: 09:22:42 [TUniServerModule]:HTTP Server Started on Port: 8077
Siparis.exe: 00002D70: 09:28:57 []:>--------------------------------------------------------------<
Siparis.exe: 00002D70: 09:28:57 [TUniServerModule]:Server First Init.
Siparis.exe: 00002D70: 09:28:57 [TUniServerModule]:Debug Mode = ON
Siparis.exe: 00002D70: 09:28:57 [TUniServerModule]:Global Cache Folder Erased. <21> Files deleted.
Siparis.exe: 00002D70: 09:28:57 [TUniServerModule]:Starting HTTP Server on Port: 8077...
Siparis.exe: 00002D70: 09:28:57 [TUniServerModule]:HTTP Server Started on Port: 8077
Siparis.exe: 00002E94: 09:29:45 []:>--------------------------------------------------------------<
Siparis.exe: 00002E94: 09:29:45 [TUniServerModule]:Server First Init.
Siparis.exe: 00002E94: 09:29:45 [TUniServerModule]:Debug Mode = ON
Siparis.exe: 00002E94: 09:29:45 [TUniServerModule]:Global Cache Folder Erased. <1> Files deleted.
Siparis.exe: 00002E94: 09:29:45 [TUniServerModule]:Starting HTTP Server on Port: 8077...
Siparis.exe: 00002E94: 09:29:45 [TUniServerModule]:HTTP Server Started on Port: 8077
Siparis.exe: 0000266C: 09:29:53 [127.0.0.1]:EUniSessionException : Invalid session or session Timeout. (Session not found: 6fkcpGQPxK10AA650AC ) : Addr: $007E149E
Siparis.exe: 000036C4: 09:38:36 []:>--------------------------------------------------------------<
Siparis.exe: 000036C4: 09:38:36 [TUniServerModule]:Server First Init.
Siparis.exe: 000036C4: 09:38:36 [TUniServerModule]:Debug Mode = ON
Siparis.exe: 000036C4: 09:38:36 [TUniServerModule]:Global Cache Folder Erased. <26> Files deleted.
Siparis.exe: 000036C4: 09:38:36 [TUniServerModule]:Starting HTTP Server on Port: 8077...
Siparis.exe: 000036C4: 09:38:36 [TUniServerModule]:HTTP Server Started on Port: 8077
Siparis.exe: 0000341C: 09:41:02 []:>--------------------------------------------------------------<
Siparis.exe: 0000341C: 09:41:02 [TUniServerModule]:Server First Init.
Siparis.exe: 0000341C: 09:41:02 [TUniServerModule]:Debug Mode = ON
Siparis.exe: 0000341C: 09:41:02 [TUniServerModule]:Global Cache Folder Erased. <23> Files deleted.
Siparis.exe: 0000341C: 09:41:02 [TUniServerModule]:Starting HTTP Server on Port: 8077...
Siparis.exe: 0000341C: 09:41:02 [TUniServerModule]:HTTP Server Started on Port: 8077
Siparis.exe: 00003130: 09:41:06 [127.0.0.1]:EUniSessionException : Invalid session or session Timeout. (Session not found: 9ZTNokJBFq10AA654FB ) : Addr: $007E149E
Siparis.exe: 00002CD4: 09:41:59 []:>--------------------------------------------------------------<
Siparis.exe: 00002CD4: 09:41:59 [TUniServerModule]:Server First Init.
Siparis.exe: 00002CD4: 09:41:59 [TUniServerModule]:Debug Mode = ON
Siparis.exe: 00002CD4: 09:41:59 [TUniServerModule]:Global Cache Folder Erased. <17> Files deleted.
Siparis.exe: 00002CD4: 09:41:59 [TUniServerModule]:Starting HTTP Server on Port: 8077...
Siparis.exe: 00002CD4: 09:41:59 [TUniServerModule]:HTTP Server Started on Port: 8077
Siparis.exe: 00003AFC: 09:42:06 [127.0.0.1]:EUniSessionException : Invalid session or session Timeout. (Session not found: IJwOGCU84Z10AA6559F ) : Addr: $007E149E
Siparis.exe: 00000E48: 09:43:13 []:>--------------------------------------------------------------<
Siparis.exe: 00000E48: 09:43:13 [TUniServerModule]:Server First Init.
Siparis.exe: 00000E48: 09:43:13 [TUniServerModule]:Debug Mode = ON
Siparis.exe: 00000E48: 09:43:13 [TUniServerModule]:Global Cache Folder Erased. <16> Files deleted.
Siparis.exe: 00000E48: 09:43:14 [TUniServerModule]:Starting HTTP Server on Port: 8077...
Siparis.exe: 00000E48: 09:43:14 [TUniServerModule]:HTTP Server Started on Port: 8077
Siparis.exe: 00001120: 09:43:21 [127.0.0.1]:EUniSessionException : Invalid session or session Timeout. (Session not found: JEwysFdp6410AA655E5 ) : Addr: $007E149E
Siparis.exe: 00000B30: 09:44:29 []:>--------------------------------------------------------------<
Siparis.exe: 00000B30: 09:44:29 [TUniServerModule]:Server First Init.
Siparis.exe: 00000B30: 09:44:29 [TUniServerModule]:Debug Mode = ON
Siparis.exe: 00000B30: 09:44:29 [TUniServerModule]:Global Cache Folder Erased. <20> Files deleted.
Siparis.exe: 00000B30: 09:44:29 [TUniServerModule]:Starting HTTP Server on Port: 8077...
Siparis.exe: 00000B30: 09:44:29 [TUniServerModule]:HTTP Server Started on Port: 8077
Siparis.exe: 0000382C: 09:44:37 [127.0.0.1]:EUniSessionException : Invalid session or session Timeout. (Session not found: 36GIOLwERH10AA6563C ) : Addr: $007E149E
Siparis.exe: 000033EC: 09:45:37 []:>--------------------------------------------------------------<
Siparis.exe: 000033EC: 09:45:37 [TUniServerModule]:Server First Init.
Siparis.exe: 000033EC: 09:45:37 [TUniServerModule]:Debug Mode = ON
Siparis.exe: 000033EC: 09:45:37 [TUniServerModule]:Global Cache Folder Erased. <14> Files deleted.
Siparis.exe: 000033EC: 09:45:37 [TUniServerModule]:Starting HTTP Server on Port: 8077...
Siparis.exe: 000033EC: 09:45:37 [TUniServerModule]:HTTP Server Started on Port: 8077
Siparis.exe: 00000B5C: 09:45:45 [127.0.0.1]:EUniSessionException : Invalid session or session Timeout. (Session not found: tHZqmGIs4k10AA65694 ) : Addr: $007E149E
Siparis.exe: 00001B10: 10:30:33 []:>--------------------------------------------------------------<
Siparis.exe: 00001B10: 10:30:33 [TUniServerModule]:Server First Init.
Siparis.exe: 00001B10: 10:30:33 [TUniServerModule]:Debug Mode = ON
Siparis.exe: 00001B10: 10:30:33 [TUniServerModule]:Global Cache Folder Erased. <21> Files deleted.
Siparis.exe: 00001B10: 10:30:33 [TUniServerModule]:Starting HTTP Server on Port: 8077...
Siparis.exe: 00001B10: 10:30:34 [TUniServerModule]:HTTP Server Started on Port: 8077
Siparis.exe: 00003FDC: 10:51:29 []:>--------------------------------------------------------------<
Siparis.exe: 00003FDC: 10:51:29 [TUniServerModule]:Server First Init.
Siparis.exe: 00003FDC: 10:51:29 [TUniServerModule]:Debug Mode = ON
Siparis.exe: 00003FDC: 10:51:29 [TUniServerModule]:Global Cache Folder Erased. <22> Files deleted.
Siparis.exe: 00003FDC: 10:51:29 [TUniServerModule]:Starting HTTP Server on Port: 8077...
Siparis.exe: 00003FDC: 10:51:29 [TUniServerModule]:HTTP Server Started on Port: 8077
Siparis.exe: 00002148: 10:51:31 [127.0.0.1]:EUniSessionException : Invalid session or session Timeout. (Session not found: PPGZ9oddgW10AA66388 ) : Addr: $007E149E
Siparis.exe: 00003CA4: 10:51:32 [127.0.0.1]:EUniSessionException : Invalid session or session Timeout. (Session not found: PPGZ9oddgW10AA66388 ) : Addr: $007E149E
Siparis.exe: 00001D48: 10:54:09 []:>--------------------------------------------------------------<
Siparis.exe: 00001D48: 10:54:09 [TUniServerModule]:Server First Init.
Siparis.exe: 00001D48: 10:54:09 [TUniServerModule]:Debug Mode = ON
Siparis.exe: 00001D48: 10:54:09 [TUniServerModule]:Global Cache Folder Erased. <20> Files deleted.
Siparis.exe: 00001D48: 10:54:09 [TUniServerModule]:Starting HTTP Server on Port: 8077...
Siparis.exe: 00001D48: 10:54:09 [TUniServerModule]:HTTP Server Started on Port: 8077
Siparis.exe: 000035A8: 11:03:21 [127.0.0.1]:EUniSessionException : Invalid session or session Timeout. (Session not found: iUxUwe4coy10AA668BB ) : Addr: $007E149E
