Siparis.exe: 0000118C: 00:39:51 []:>--------------------------------------------------------------<
Siparis.exe: 0000118C: 00:39:51 [TUniServerModule]:Server First Init.
Siparis.exe: 0000118C: 00:39:51 [TUniServerModule]:Debug Mode = ON
Siparis.exe: 0000118C: 00:39:51 [TUniServerModule]:Global Cache Folder Erased. <7> Files deleted.
Siparis.exe: 0000118C: 00:39:51 [TUniServerModule]:Starting HTTP Server on Port: 8077...
Siparis.exe: 0000118C: 00:39:51 [TUniServerModule]:HTTP Server Started on Port: 8077
Siparis.exe: 00004500: 00:40:07 [HandleFileRequest[127.0.0.1]]:File not found: C:\UretimSource\FibrosanSiparis\Win32\Debug\images\Egehayat_logo.png
Siparis.exe: 000036F0: 00:43:12 []:>--------------------------------------------------------------<
Siparis.exe: 000036F0: 00:43:12 [TUniServerModule]:Server First Init.
Siparis.exe: 000036F0: 00:43:12 [TUniServerModule]:Debug Mode = ON
Siparis.exe: 000036F0: 00:43:12 [TUniServerModule]:Global Cache Folder Erased. <6> Files deleted.
Siparis.exe: 000036F0: 00:43:12 [TUniServerModule]:Starting HTTP Server on Port: 8077...
Siparis.exe: 000036F0: 00:43:12 [TUniServerModule]:HTTP Server Started on Port: 8077
Siparis.exe: 00002CF4: 00:43:18 [HandleFileRequest[127.0.0.1]]:File not found: C:\UretimSource\FibrosanSiparis\Win32\Debug\images\Egehayat_logo.png
Siparis.exe: 000010F0: 00:43:29 [127.0.0.1]:EUniError : Invalid object name 'YETKI'. : Addr: $009ABA3C
Siparis.exe: 000014E0: 00:45:14 []:>--------------------------------------------------------------<
Siparis.exe: 000014E0: 00:45:14 [TUniServerModule]:Server First Init.
Siparis.exe: 000014E0: 00:45:14 [TUniServerModule]:Debug Mode = ON
Siparis.exe: 000014E0: 00:45:15 [TUniServerModule]:Global Cache Folder Erased. <5> Files deleted.
Siparis.exe: 000014E0: 00:45:15 [TUniServerModule]:Starting HTTP Server on Port: 8077...
Siparis.exe: 000014E0: 00:45:15 [TUniServerModule]:HTTP Server Started on Port: 8077
Siparis.exe: 000044F0: 00:45:21 [HandleFileRequest[127.0.0.1]]:File not found: C:\UretimSource\FibrosanSiparis\Win32\Debug\images\Egehayat_logo.png
Siparis.exe: 00000B1C: 00:45:32 [127.0.0.1]:EUniError : Invalid object name 'YETKI'. : Addr: $009ABA3C
Siparis.exe: 00000640: 00:46:02 []:>--------------------------------------------------------------<
Siparis.exe: 00000640: 00:46:02 [TUniServerModule]:Server First Init.
Siparis.exe: 00000640: 00:46:02 [TUniServerModule]:Debug Mode = ON
Siparis.exe: 00000640: 00:46:02 [TUniServerModule]:Global Cache Folder Erased. <5> Files deleted.
Siparis.exe: 00000640: 00:46:03 [TUniServerModule]:Starting HTTP Server on Port: 8077...
Siparis.exe: 00000640: 00:46:03 [TUniServerModule]:HTTP Server Started on Port: 8077
Siparis.exe: 0000469C: 00:46:10 [HandleFileRequest[127.0.0.1]]:File not found: C:\UretimSource\FibrosanSiparis\Win32\Debug\images\Egehayat_logo.png
Siparis.exe: 0000258C: 00:46:18 [127.0.0.1]:EUniError : Invalid object name 'YETKI'. : Addr: $009ABA3C
Siparis.exe: 00003F64: 01:00:45 []:>--------------------------------------------------------------<
Siparis.exe: 00003F64: 01:00:45 [TUniServerModule]:Server First Init.
Siparis.exe: 00003F64: 01:00:45 [TUniServerModule]:Debug Mode = ON
Siparis.exe: 00003F64: 01:00:45 [TUniServerModule]:Global Cache Folder Erased. <5> Files deleted.
Siparis.exe: 00003F64: 01:00:45 [TUniServerModule]:Starting HTTP Server on Port: 8077...
Siparis.exe: 00003F64: 01:00:45 [TUniServerModule]:HTTP Server Started on Port: 8077
Siparis.exe: 00000CC0: 01:00:53 [HandleFileRequest[127.0.0.1]]:File not found: C:\UretimSource\FibrosanSiparis\Win32\Debug\images\Egehayat_logo.png
Siparis.exe: 0000427C: 01:02:09 []:>--------------------------------------------------------------<
Siparis.exe: 0000427C: 01:02:09 [TUniServerModule]:Server First Init.
Siparis.exe: 0000427C: 01:02:09 [TUniServerModule]:Debug Mode = ON
Siparis.exe: 0000427C: 01:02:09 [TUniServerModule]:Global Cache Folder Erased. <7> Files deleted.
Siparis.exe: 0000427C: 01:02:09 [TUniServerModule]:Starting HTTP Server on Port: 8077...
Siparis.exe: 0000427C: 01:02:09 [TUniServerModule]:HTTP Server Started on Port: 8077
Siparis.exe: 00002728: 01:02:16 [HandleFileRequest[127.0.0.1]]:File not found: C:\UretimSource\FibrosanSiparis\Win32\Debug\images\Egehayat_logo.png
Siparis.exe: 00000884: 01:03:34 []:>--------------------------------------------------------------<
Siparis.exe: 00000884: 01:03:34 [TUniServerModule]:Server First Init.
Siparis.exe: 00000884: 01:03:34 [TUniServerModule]:Debug Mode = ON
Siparis.exe: 00000884: 01:03:34 [TUniServerModule]:Global Cache Folder Erased. <7> Files deleted.
Siparis.exe: 00000884: 01:03:34 [TUniServerModule]:Starting HTTP Server on Port: 8077...
Siparis.exe: 00000884: 01:03:35 [TUniServerModule]:HTTP Server Started on Port: 8077
Siparis.exe: 00002790: 01:03:39 [HandleFileRequest[127.0.0.1]]:File not found: C:\UretimSource\FibrosanSiparis\Win32\Debug\images\Egehayat_logo.png
Siparis.exe: 00001E70: 01:05:41 []:>--------------------------------------------------------------<
Siparis.exe: 00001E70: 01:05:41 [TUniServerModule]:Server First Init.
Siparis.exe: 00001E70: 01:05:41 [TUniServerModule]:Debug Mode = ON
Siparis.exe: 00001E70: 01:05:41 [TUniServerModule]:Global Cache Folder Erased. <6> Files deleted.
Siparis.exe: 00001E70: 01:05:41 [TUniServerModule]:Starting HTTP Server on Port: 8077...
Siparis.exe: 00001E70: 01:05:41 [TUniServerModule]:HTTP Server Started on Port: 8077
Siparis.exe: 00002F34: 01:05:46 [127.0.0.1]:EUniSessionException : Invalid session or session Timeout. (Session not found: GCtCZ6fzSn10A304B24 ) : Addr: $0078E832
Siparis.exe: 000016F8: 01:05:50 [HandleFileRequest[127.0.0.1]]:File not found: C:\UretimSource\FibrosanSiparis\Win32\Debug\images\Egehayat_logo.png
Siparis.exe: 00000B04: 01:07:22 []:>--------------------------------------------------------------<
Siparis.exe: 00000B04: 01:07:22 [TUniServerModule]:Server First Init.
Siparis.exe: 00000B04: 01:07:22 [TUniServerModule]:Debug Mode = ON
Siparis.exe: 00000B04: 01:07:22 [TUniServerModule]:Global Cache Folder Erased. <6> Files deleted.
Siparis.exe: 00000B04: 01:07:22 [TUniServerModule]:Starting HTTP Server on Port: 8077...
Siparis.exe: 00000B04: 01:07:22 [TUniServerModule]:HTTP Server Started on Port: 8077
Siparis.exe: 00002CD4: 01:07:25 [HandleFileRequest[127.0.0.1]]:File not found: C:\UretimSource\FibrosanSiparis\Win32\Debug\images\Egehayat_logo.png
Siparis.exe: 00001F04: 01:14:34 []:>--------------------------------------------------------------<
Siparis.exe: 00001F04: 01:14:34 [TUniServerModule]:Server First Init.
Siparis.exe: 00001F04: 01:14:34 [TUniServerModule]:Debug Mode = ON
Siparis.exe: 00001F04: 01:14:34 [TUniServerModule]:Global Cache Folder Erased. <6> Files deleted.
Siparis.exe: 00001F04: 01:14:34 [TUniServerModule]:Starting HTTP Server on Port: 8077...
Siparis.exe: 00001F04: 01:14:34 [TUniServerModule]:HTTP Server Started on Port: 8077
Siparis.exe: 00003CCC: 01:14:39 [HandleFileRequest[127.0.0.1]]:File not found: C:\UretimSource\FibrosanSiparis\Win32\Debug\images\Egehayat_logo.png
Siparis.exe: 000031D0: 01:15:23 []:>--------------------------------------------------------------<
Siparis.exe: 000031D0: 01:15:23 [TUniServerModule]:Server First Init.
Siparis.exe: 000031D0: 01:15:23 [TUniServerModule]:Debug Mode = ON
Siparis.exe: 000031D0: 01:15:23 [TUniServerModule]:Global Cache Folder Erased. <6> Files deleted.
Siparis.exe: 000031D0: 01:15:23 [TUniServerModule]:Starting HTTP Server on Port: 8077...
Siparis.exe: 000031D0: 01:15:23 [TUniServerModule]:HTTP Server Started on Port: 8077
Siparis.exe: 000032E4: 01:15:28 [HandleFileRequest[127.0.0.1]]:File not found: C:\UretimSource\FibrosanSiparis\Win32\Debug\images\Egehayat_logo.png
Siparis.exe: 00003CB8: 01:16:09 []:>--------------------------------------------------------------<
Siparis.exe: 00003CB8: 01:16:09 [TUniServerModule]:Server First Init.
Siparis.exe: 00003CB8: 01:16:09 [TUniServerModule]:Debug Mode = ON
Siparis.exe: 00003CB8: 01:16:09 [TUniServerModule]:Global Cache Folder Erased. <6> Files deleted.
Siparis.exe: 00003CB8: 01:16:09 [TUniServerModule]:Starting HTTP Server on Port: 8077...
Siparis.exe: 00003CB8: 01:16:09 [TUniServerModule]:HTTP Server Started on Port: 8077
Siparis.exe: 000042F8: 01:16:15 [HandleFileRequest[127.0.0.1]]:File not found: C:\UretimSource\FibrosanSiparis\Win32\Debug\images\Egehayat_logo.png
Siparis.exe: 00000CE8: 01:16:37 []:>--------------------------------------------------------------<
Siparis.exe: 00000CE8: 01:16:37 [TUniServerModule]:Server First Init.
Siparis.exe: 00000CE8: 01:16:37 [TUniServerModule]:Debug Mode = ON
Siparis.exe: 00000CE8: 01:16:37 [TUniServerModule]:Global Cache Folder Erased. <6> Files deleted.
Siparis.exe: 00000CE8: 01:16:37 [TUniServerModule]:Starting HTTP Server on Port: 8077...
Siparis.exe: 00000CE8: 01:16:37 [TUniServerModule]:HTTP Server Started on Port: 8077
Siparis.exe: 00002E9C: 01:16:44 [HandleFileRequest[127.0.0.1]]:File not found: C:\UretimSource\FibrosanSiparis\Win32\Debug\images\Egehayat_logo.png
Siparis.exe: 0000461C: 01:18:06 []:>--------------------------------------------------------------<
Siparis.exe: 0000461C: 01:18:06 [TUniServerModule]:Server First Init.
Siparis.exe: 0000461C: 01:18:06 [TUniServerModule]:Debug Mode = ON
Siparis.exe: 0000461C: 01:18:06 [TUniServerModule]:Global Cache Folder Erased. <8> Files deleted.
Siparis.exe: 0000461C: 01:18:06 [TUniServerModule]:Starting HTTP Server on Port: 8077...
Siparis.exe: 0000461C: 01:18:06 [TUniServerModule]:HTTP Server Started on Port: 8077
Siparis.exe: 00003920: 01:18:12 [HandleFileRequest[127.0.0.1]]:File not found: C:\UretimSource\FibrosanSiparis\Win32\Debug\images\Egehayat_logo.png
Siparis.exe: 00004728: 01:23:29 []:>--------------------------------------------------------------<
Siparis.exe: 00004728: 01:23:29 [TUniServerModule]:Server First Init.
Siparis.exe: 00004728: 01:23:29 [TUniServerModule]:Debug Mode = ON
Siparis.exe: 00004728: 01:23:29 [TUniServerModule]:Global Cache Folder Erased. <6> Files deleted.
Siparis.exe: 00004728: 01:23:29 [TUniServerModule]:Starting HTTP Server on Port: 8077...
Siparis.exe: 00004728: 01:23:29 [TUniServerModule]:HTTP Server Started on Port: 8077
Siparis.exe: 00004104: 01:23:35 [HandleFileRequest[127.0.0.1]]:File not found: C:\UretimSource\FibrosanSiparis\Win32\Debug\images\Egehayat_logo.png
Siparis.exe: 00004338: 01:24:05 []:>--------------------------------------------------------------<
Siparis.exe: 00004338: 01:24:05 [TUniServerModule]:Server First Init.
Siparis.exe: 00004338: 01:24:05 [TUniServerModule]:Debug Mode = ON
Siparis.exe: 00004338: 01:24:05 [TUniServerModule]:Global Cache Folder Erased. <6> Files deleted.
Siparis.exe: 00004338: 01:24:05 [TUniServerModule]:Starting HTTP Server on Port: 8077...
Siparis.exe: 00004338: 01:24:05 [TUniServerModule]:HTTP Server Started on Port: 8077
Siparis.exe: 000029FC: 01:24:13 [HandleFileRequest[127.0.0.1]]:File not found: C:\UretimSource\FibrosanSiparis\Win32\Debug\images\Egehayat_logo.png
Siparis.exe: 00003280: 04:21:12 []:>--------------------------------------------------------------<
Siparis.exe: 00003280: 04:21:13 [TUniServerModule]:Server First Init.
Siparis.exe: 00003280: 04:21:13 [TUniServerModule]:Debug Mode = ON
Siparis.exe: 00003280: 04:21:13 [TUniServerModule]:Global Cache Folder Erased. <2> Files deleted.
Siparis.exe: 00003280: 04:21:13 [TUniServerModule]:Starting HTTP Server on Port: 8077...
Siparis.exe: 00003280: 04:21:13 [TUniServerModule]:HTTP Server Started on Port: 8077
Siparis.exe: 000010F0: 04:21:15 [127.0.0.1]:EUniSessionException : Invalid session or session Timeout. (Session not found: 6CGiROsjgz10A3050B7 ) : Addr: $0078E832
Siparis.exe: 000012C4: 04:21:21 [HandleFileRequest[127.0.0.1]]:File not found: C:\UretimSource\FibrosanSiparis\Win32\Debug\images\Egehayat_logo.png
